[ERREUR] DASLoader: ok WsConfDAS: Fichier de configuration:/home/opendas/workspace/opendas/client/config/das_client.conf
DAS: Chargement du masque
DASPanel: Passage by DASPanel
DASPanel: Passage par chargeGraphParams
DASParserXmlGui: elem:TOP_MODEL_BG_RED value:
DASParserXmlGui: elem:TOP_MODEL_BG_GREEN value:
DASParserXmlGui: elem:TOP_MODEL_BG_BLUE value:
DASParserXmlGui: elem:TOP_MODEL_NBB_LINES value:5
DASParserXmlGui: elem:TOP_MODEL_STYLE_TYPE value:normal
DASParserXmlGui: elem:TOP_BTN1_BG_RED value:
DASParserXmlGui: elem:TOP_BTN1_BG_GREEN value:
DASParserXmlGui: elem:TOP_BTN1_BG_BLUE value:
DASParserXmlGui: elem:TOP_BTN1_BG_GRADIENT value:1
DASParserXmlGui: elem:TOP_BTN1_FONT_NAME value:Arial
DASParserXmlGui: elem:TOP_BTN1_FONT_SIZE value:16
DASParserXmlGui: elem:TOP_BTN1_FONT_STYLE value:PLAIN
DASParserXmlGui: elem:TOP_BTN1_FG_RED value:
DASParserXmlGui: elem:TOP_BTN1_FG_GREEN value:
DASParserXmlGui: elem:TOP_BTN1_FG_BLUE value:
DASParserXmlGui: elem:TOP_BTN1_TEXT_ALIGN value:CENTER
DASParserXmlGui: elem:TOP_BTN2_BG_RED value:
DASParserXmlGui: elem:TOP_BTN2_BG_GREEN value:
DASParserXmlGui: elem:TOP_BTN2_BG_BLUE value:
DASParserXmlGui: elem:TOP_BTN2_BG_GRADIENT value:1
DASParserXmlGui: elem:TOP_BTN2_FONT_NAME value:Arial
DASParserXmlGui: elem:TOP_BTN2_FONT_SIZE value:16
DASParserXmlGui: elem:TOP_BTN2_FONT_STYLE value:PLAIN
DASParserXmlGui: elem:TOP_BTN2_FG_RED value:
DASParserXmlGui: elem:TOP_BTN2_FG_GREEN value:
DASParserXmlGui: elem:TOP_BTN2_FG_BLUE value:
DASParserXmlGui: elem:TOP_BTN2_TEXT_ALIGN value:CENTER
DASParserXmlGui: elem:TOP_BTN3_BG_RED value:
DASParserXmlGui: elem:TOP_BTN3_BG_GREEN value:
DASParserXmlGui: elem:TOP_BTN3_BG_BLUE value:
DASParserXmlGui: elem:TOP_BTN3_BG_GRADIENT value:1
DASParserXmlGui: elem:TOP_BTN3_FONT_NAME value:Arial
DASParserXmlGui: elem:TOP_BTN3_FONT_SIZE value:16
DASParserXmlGui: elem:TOP_BTN3_FONT_STYLE value:PLAIN
DASParserXmlGui: elem:TOP_BTN3_FG_RED value:
DASParserXmlGui: elem:TOP_BTN3_FG_GREEN value:
DASParserXmlGui: elem:TOP_BTN3_FG_BLUE value:
DASParserXmlGui: elem:TOP_BTN3_TEXT_ALIGN value:CENTER
DASParserXmlGui: elem:TOP_BTN4_BG_RED value:
DASParserXmlGui: elem:TOP_BTN4_BG_GREEN value:
DASParserXmlGui: elem:TOP_BTN4_BG_BLUE value:
DASParserXmlGui: elem:TOP_BTN4_BG_GRADIENT value:1
DASParserXmlGui: elem:TOP_BTN4_FONT_NAME value:Arial
DASParserXmlGui: elem:TOP_BTN4_FONT_SIZE value:16
DASParserXmlGui: elem:TOP_BTN4_FONT_STYLE value:PLAIN
DASParserXmlGui: elem:TOP_BTN4_FG_RED value:
DASParserXmlGui: elem:TOP_BTN4_FG_GREEN value:
DASParserXmlGui: elem:TOP_BTN4_FG_BLUE value:
DASParserXmlGui: elem:TOP_BTN4_TEXT_ALIGN value:CENTER
DASParserXmlGui: elem:TOP_BTN5_BG_RED value:
DASParserXmlGui: elem:TOP_BTN5_BG_GREEN value:
DASParserXmlGui: elem:TOP_BTN5_BG_BLUE value:
DASParserXmlGui: elem:TOP_BTN5_BG_GRADIENT value:1
DASParserXmlGui: elem:TOP_BTN5_FONT_NAME value:Arial
DASParserXmlGui: elem:TOP_BTN5_FONT_SIZE value:16
DASParserXmlGui: elem:TOP_BTN5_FONT_STYLE value:PLAIN
DASParserXmlGui: elem:TOP_BTN5_FG_RED value:
DASParserXmlGui: elem:TOP_BTN5_FG_GREEN value:
DASParserXmlGui: elem:TOP_BTN5_FG_BLUE value:
DASParserXmlGui: elem:TOP_BTN5_TEXT_ALIGN value:CENTER
DASParserXmlGui: elem:TOP_FIELDS_BG_RED value:
DASParserXmlGui: elem:TOP_FIELDS_BG_GREEN value:
DASParserXmlGui: elem:TOP_FIELDS_BG_BLUE value:
DASParserXmlGui: elem:TOP_FIELDS_FONT_NAME value:Arial
DASParserXmlGui: elem:TOP_FIELDS_FONT_SIZE value:16
DASParserXmlGui: elem:TOP_FIELDS_FONT_STYLE value:PLAIN
DASParserXmlGui: elem:TOP_FIELDS_FG_RED value:
DASParserXmlGui: elem:TOP_FIELDS_FG_GREEN value:
DASParserXmlGui: elem:TOP_FIELDS_FG_BLUE value:
DASParserXmlGui: elem:TOP_FIELDS_FG-ERROR_RED value:255
DASParserXmlGui: elem:TOP_FIELDS_FG-ERROR_GREEN value:0
DASParserXmlGui: elem:TOP_FIELDS_FG-ERROR_BLUE value:0
DASParserXmlGui: elem:TOP_FIELDS_TEXT_ALIGN value:LEFT
DASParserXmlGui: elem:MID_MODEL_BG_RED value:
DASParserXmlGui: elem:MID_MODEL_BG_GREEN value:
DASParserXmlGui: elem:MID_MODEL_BG_BLUE value:
DASParserXmlGui: elem:MID_MODEL_NBB_COLS value:7
DASParserXmlGui: elem:MID_MODEL_NBB_LINES value:5
DASParserXmlGui: elem:MID_BUTTONS_BG_RED value:
DASParserXmlGui: elem:MID_BUTTONS_BG_GREEN value:
DASParserXmlGui: elem:MID_BUTTONS_BG_BLUE value:
DASParserXmlGui: elem:MID_BUTTONS_BG_GRADIENT value:1
DASParserXmlGui: elem:MID_BUTTONS_FONT_NAME value:Arial
DASParserXmlGui: elem:MID_BUTTONS_FONT_SIZE value:12
DASParserXmlGui: elem:MID_BUTTONS_FONT_STYLE value:PLAIN
DASParserXmlGui: elem:MID_BUTTONS_FG_RED value:
DASParserXmlGui: elem:MID_BUTTONS_FG_GREEN value:
DASParserXmlGui: elem:MID_BUTTONS_FG_BLUE value:
DASParserXmlGui: elem:MID_INACTIVE-BUTTONS_BG_RED value:
DASParserXmlGui: elem:MID_INACTIVE-BUTTONS_BG_GREEN value:
DASParserXmlGui: elem:MID_INACTIVE-BUTTONS_BG_BLUE value:
DASParserXmlGui: elem:MID_NEXT_BG_RED value:
DASParserXmlGui: elem:MID_NEXT_BG_GREEN value:
DASParserXmlGui: elem:MID_NEXT_BG_BLUE value:
DASParserXmlGui: elem:MID_NEXT_BG_GRADIENT value:1
DASParserXmlGui: elem:MID_NEXT_FONT_NAME value:
DASParserXmlGui: elem:MID_NEXT_FONT_SIZE value:
DASParserXmlGui: elem:MID_NEXT_FONT_STYLE value:
DASParserXmlGui: elem:MID_NEXT_FG_RED value:
DASParserXmlGui: elem:MID_NEXT_FG_GREEN value:
DASParserXmlGui: elem:MID_NEXT_FG_BLUE value:
DASParserXmlGui: elem:BOTTOM_MODEL_BG_RED value:
DASParserXmlGui: elem:BOTTOM_MODEL_BG_GREEN value:
DASParserXmlGui: elem:BOTTOM_MODEL_BG_BLUE value:
DASParserXmlGui: elem:BOTTOM_MODEL_NBB_LINES value:3
DASParserXmlGui: elem:BOTTOM_BUTTONS_BG_RED value:
DASParserXmlGui: elem:BOTTOM_BUTTONS_BG_GREEN value:
DASParserXmlGui: elem:BOTTOM_BUTTONS_BG_BLUE value:
DASParserXmlGui: elem:BOTTOM_BUTTONS_BG_GRADIENT value:1
DASParserXmlGui: elem:BOTTOM_BUTTONS_FONT_NAME value:
DASParserXmlGui: elem:BOTTOM_BUTTONS_FONT_SIZE value:
DASParserXmlGui: elem:BOTTOM_BUTTONS_FONT_STYLE value:
DASParserXmlGui: elem:BOTTOM_BUTTONS_FG_RED value:
DASParserXmlGui: elem:BOTTOM_BUTTONS_FG_GREEN value:
DASParserXmlGui: elem:BOTTOM_BUTTONS_FG_BLUE value:
DASParserXmlGui: elem:BOTTOM_INACTIVE-BUTTONS_BG_RED value:
DASParserXmlGui: elem:BOTTOM_INACTIVE-BUTTONS_BG_GREEN value:
DASParserXmlGui: elem:BOTTOM_INACTIVE-BUTTONS_BG_BLUE value:
DASParserXmlGui: elem:BOTTOM_NEXT_BG_RED value:
DASParserXmlGui: elem:BOTTOM_NEXT_BG_GREEN value:
DASParserXmlGui: elem:BOTTOM_NEXT_BG_BLUE value:
DASParserXmlGui: elem:BOTTOM_NEXT_BG_GRADIENT value:1
DASParserXmlGui: elem:BOTTOM_NEXT_FONT_NAME value:
DASParserXmlGui: elem:BOTTOM_NEXT_FONT_SIZE value:
DASParserXmlGui: elem:BOTTOM_NEXT_FONT_STYLE value:
DASParserXmlGui: elem:BOTTOM_NEXT_FG_RED value:
DASParserXmlGui: elem:BOTTOM_NEXT_FG_GREEN value:
DASParserXmlGui: elem:BOTTOM_NEXT_FG_BLUE value:
DASParserXmlGui: elem:BOTTOM_FIELDS_BG_RED value:
DASParserXmlGui: elem:BOTTOM_FIELDS_BG_GREEN value:
DASParserXmlGui: elem:BOTTOM_FIELDS_BG_BLUE value:
DASParserXmlGui: elem:BOTTOM_FIELDS_FONT_NAME value:Arial
DASParserXmlGui: elem:BOTTOM_FIELDS_FONT_SIZE value:16
DASParserXmlGui: elem:BOTTOM_FIELDS_FONT_STYLE value:PLAIN
DASParserXmlGui: elem:BOTTOM_FIELDS_FG_RED value:
DASParserXmlGui: elem:BOTTOM_FIELDS_FG_GREEN value:
DASParserXmlGui: elem:BOTTOM_FIELDS_FG_BLUE value:
DASParserXmlGui: elem:BOTTOM_FIELDS_TEXT_ALIGN value:LEFT
DASParserXmlGui: elem:TOP_MODEL_BG_RED value:
DASParserXmlGui: elem:TOP_MODEL_BG_GREEN value:
DASParserXmlGui: elem:TOP_MODEL_BG_BLUE value:
DASParserXmlGui: elem:TOP_MODEL_NBB_LINES value:5
DASParserXmlGui: elem:TOP_MODEL_STYLE_TYPE value:normal
DASParserXmlGui: elem:TOP_BTN1_BG_RED value:
DASParserXmlGui: elem:TOP_BTN1_BG_GREEN value:
DASParserXmlGui: elem:TOP_BTN1_BG_BLUE value:
DASParserXmlGui: elem:TOP_BTN1_BG_GRADIENT value:1
DASParserXmlGui: elem:TOP_BTN1_FONT_NAME value:Arial
DASParserXmlGui: elem:TOP_BTN1_FONT_SIZE value:16
DASParserXmlGui: elem:TOP_BTN1_FONT_STYLE value:PLAIN
DASParserXmlGui: elem:TOP_BTN1_FG_RED value:
DASParserXmlGui: elem:TOP_BTN1_FG_GREEN value:
DASParserXmlGui: elem:TOP_BTN1_FG_BLUE value:
DASParserXmlGui: elem:TOP_BTN1_TEXT_ALIGN value:CENTER
DASParserXmlGui: elem:TOP_BTN2_BG_RED value:
DASParserXmlGui: elem:TOP_BTN2_BG_GREEN value:
DASParserXmlGui: elem:TOP_BTN2_BG_BLUE value:
DASParserXmlGui: elem:TOP_BTN2_BG_GRADIENT value:1
DASParserXmlGui: elem:TOP_BTN2_FONT_NAME value:Arial
DASParserXmlGui: elem:TOP_BTN2_FONT_SIZE value:16
DASParserXmlGui: elem:TOP_BTN2_FONT_STYLE value:PLAIN
DASParserXmlGui: elem:TOP_BTN2_FG_RED value:
DASParserXmlGui: elem:TOP_BTN2_FG_GREEN value:
DASParserXmlGui: elem:TOP_BTN2_FG_BLUE value:
DASParserXmlGui: elem:TOP_BTN2_TEXT_ALIGN value:CENTER
DASParserXmlGui: elem:TOP_BTN3_BG_RED value:
DASParserXmlGui: elem:TOP_BTN3_BG_GREEN value:
DASParserXmlGui: elem:TOP_BTN3_BG_BLUE value:
DASParserXmlGui: elem:TOP_BTN3_BG_GRADIENT value:1
DASParserXmlGui: elem:TOP_BTN3_FONT_NAME value:Arial
DASParserXmlGui: elem:TOP_BTN3_FONT_SIZE value:16
DASParserXmlGui: elem:TOP_BTN3_FONT_STYLE value:PLAIN
DASParserXmlGui: elem:TOP_BTN3_FG_RED value:
DASParserXmlGui: elem:TOP_BTN3_FG_GREEN value:
DASParserXmlGui: elem:TOP_BTN3_FG_BLUE value:
DASParserXmlGui: elem:TOP_BTN3_TEXT_ALIGN value:CENTER
DASParserXmlGui: elem:TOP_BTN4_BG_RED value:
DASParserXmlGui: elem:TOP_BTN4_BG_GREEN value:
DASParserXmlGui: elem:TOP_BTN4_BG_BLUE value:
DASParserXmlGui: elem:TOP_BTN4_BG_GRADIENT value:1
DASParserXmlGui: elem:TOP_BTN4_FONT_NAME value:Arial
DASParserXmlGui: elem:TOP_BTN4_FONT_SIZE value:16
DASParserXmlGui: elem:TOP_BTN4_FONT_STYLE value:PLAIN
DASParserXmlGui: elem:TOP_BTN4_FG_RED value:
DASParserXmlGui: elem:TOP_BTN4_FG_GREEN value:
DASParserXmlGui: elem:TOP_BTN4_FG_BLUE value:
DASParserXmlGui: elem:TOP_BTN4_TEXT_ALIGN value:CENTER
DASParserXmlGui: elem:TOP_BTN5_BG_RED value:
DASParserXmlGui: elem:TOP_BTN5_BG_GREEN value:
DASParserXmlGui: elem:TOP_BTN5_BG_BLUE value:
DASParserXmlGui: elem:TOP_BTN5_BG_GRADIENT value:1
DASParserXmlGui: elem:TOP_BTN5_FONT_NAME value:Arial
DASParserXmlGui: elem:TOP_BTN5_FONT_SIZE value:16
DASParserXmlGui: elem:TOP_BTN5_FONT_STYLE value:PLAIN
DASParserXmlGui: elem:TOP_BTN5_FG_RED value:
DASParserXmlGui: elem:TOP_BTN5_FG_GREEN value:
DASParserXmlGui: elem:TOP_BTN5_FG_BLUE value:
DASParserXmlGui: elem:TOP_BTN5_TEXT_ALIGN value:CENTER
DASParserXmlGui: elem:TOP_FIELDS_BG_RED value:
DASParserXmlGui: elem:TOP_FIELDS_BG_GREEN value:
DASParserXmlGui: elem:TOP_FIELDS_BG_BLUE value:
DASParserXmlGui: elem:TOP_FIELDS_FONT_NAME value:Arial
DASParserXmlGui: elem:TOP_FIELDS_FONT_SIZE value:16
DASParserXmlGui: elem:TOP_FIELDS_FONT_STYLE value:PLAIN
DASParserXmlGui: elem:TOP_FIELDS_FG_RED value:
DASParserXmlGui: elem:TOP_FIELDS_FG_GREEN value:
DASParserXmlGui: elem:TOP_FIELDS_FG_BLUE value:
DASParserXmlGui: elem:TOP_FIELDS_FG-ERROR_RED value:255
DASParserXmlGui: elem:TOP_FIELDS_FG-ERROR_GREEN value:0
DASParserXmlGui: elem:TOP_FIELDS_FG-ERROR_BLUE value:0
DASParserXmlGui: elem:TOP_FIELDS_TEXT_ALIGN value:LEFT
DASParserXmlGui: elem:MID_MODEL_BG_RED value:
DASParserXmlGui: elem:MID_MODEL_BG_GREEN value:
DASParserXmlGui: elem:MID_MODEL_BG_BLUE value:
DASParserXmlGui: elem:MID_MODEL_NBB_COLS value:7
DASParserXmlGui: elem:MID_MODEL_NBB_LINES value:5
DASParserXmlGui: elem:MID_BUTTONS_BG_RED value:
DASParserXmlGui: elem:MID_BUTTONS_BG_GREEN value:
DASParserXmlGui: elem:MID_BUTTONS_BG_BLUE value:
DASParserXmlGui: elem:MID_BUTTONS_BG_GRADIENT value:1
DASParserXmlGui: elem:MID_BUTTONS_FONT_NAME value:Arial
DASParserXmlGui: elem:MID_BUTTONS_FONT_SIZE value:12
DASParserXmlGui: elem:MID_BUTTONS_FONT_STYLE value:PLAIN
DASParserXmlGui: elem:MID_BUTTONS_FG_RED value:
DASParserXmlGui: elem:MID_BUTTONS_FG_GREEN value:
DASParserXmlGui: elem:MID_BUTTONS_FG_BLUE value:
DASParserXmlGui: elem:MID_INACTIVE-BUTTONS_BG_RED value:
DASParserXmlGui: elem:MID_INACTIVE-BUTTONS_BG_GREEN value:
DASParserXmlGui: elem:MID_INACTIVE-BUTTONS_BG_BLUE value:
DASParserXmlGui: elem:MID_NEXT_BG_RED value:
DASParserXmlGui: elem:MID_NEXT_BG_GREEN value:
DASParserXmlGui: elem:MID_NEXT_BG_BLUE value:
DASParserXmlGui: elem:MID_NEXT_BG_GRADIENT value:1
DASParserXmlGui: elem:MID_NEXT_FONT_NAME value:
DASParserXmlGui: elem:MID_NEXT_FONT_SIZE value:
DASParserXmlGui: elem:MID_NEXT_FONT_STYLE value:
DASParserXmlGui: elem:MID_NEXT_FG_RED value:
DASParserXmlGui: elem:MID_NEXT_FG_GREEN value:
DASParserXmlGui: elem:MID_NEXT_FG_BLUE value:
DASParserXmlGui: elem:BOTTOM_MODEL_BG_RED value:
DASParserXmlGui: elem:BOTTOM_MODEL_BG_GREEN value:
DASParserXmlGui: elem:BOTTOM_MODEL_BG_BLUE value:
DASParserXmlGui: elem:BOTTOM_MODEL_NBB_LINES value:3
DASParserXmlGui: elem:BOTTOM_BUTTONS_BG_RED value:
DASParserXmlGui: elem:BOTTOM_BUTTONS_BG_GREEN value:
DASParserXmlGui: elem:BOTTOM_BUTTONS_BG_BLUE value:
DASParserXmlGui: elem:BOTTOM_BUTTONS_BG_GRADIENT value:1
DASParserXmlGui: elem:BOTTOM_BUTTONS_FONT_NAME value:
DASParserXmlGui: elem:BOTTOM_BUTTONS_FONT_SIZE value:
DASParserXmlGui: elem:BOTTOM_BUTTONS_FONT_STYLE value:
DASParserXmlGui: elem:BOTTOM_BUTTONS_FG_RED value:
DASParserXmlGui: elem:BOTTOM_BUTTONS_FG_GREEN value:
DASParserXmlGui: elem:BOTTOM_BUTTONS_FG_BLUE value:
DASParserXmlGui: elem:BOTTOM_INACTIVE-BUTTONS_BG_RED value:
DASParserXmlGui: elem:BOTTOM_INACTIVE-BUTTONS_BG_GREEN value:
DASParserXmlGui: elem:BOTTOM_INACTIVE-BUTTONS_BG_BLUE value:
DASParserXmlGui: elem:BOTTOM_NEXT_BG_RED value:
DASParserXmlGui: elem:BOTTOM_NEXT_BG_GREEN value:
DASParserXmlGui: elem:BOTTOM_NEXT_BG_BLUE value:
DASParserXmlGui: elem:BOTTOM_NEXT_BG_GRADIENT value:1
DASParserXmlGui: elem:BOTTOM_NEXT_FONT_NAME value:
DASParserXmlGui: elem:BOTTOM_NEXT_FONT_SIZE value:
DASParserXmlGui: elem:BOTTOM_NEXT_FONT_STYLE value:
DASParserXmlGui: elem:BOTTOM_NEXT_FG_RED value:
DASParserXmlGui: elem:BOTTOM_NEXT_FG_GREEN value:
DASParserXmlGui: elem:BOTTOM_NEXT_FG_BLUE value:
DASParserXmlGui: elem:BOTTOM_FIELDS_BG_RED value:
DASParserXmlGui: elem:BOTTOM_FIELDS_BG_GREEN value:
DASParserXmlGui: elem:BOTTOM_FIELDS_BG_BLUE value:
DASParserXmlGui: elem:BOTTOM_FIELDS_FONT_NAME value:Arial
DASParserXmlGui: elem:BOTTOM_FIELDS_FONT_SIZE value:16
DASParserXmlGui: elem:BOTTOM_FIELDS_FONT_STYLE value:PLAIN
DASParserXmlGui: elem:BOTTOM_FIELDS_FG_RED value:
DASParserXmlGui: elem:BOTTOM_FIELDS_FG_GREEN value:
DASParserXmlGui: elem:BOTTOM_FIELDS_FG_BLUE value:
DASParserXmlGui: elem:BOTTOM_FIELDS_TEXT_ALIGN value:LEFT
DASPanel: {BOTTOM_NEXT_BG_GRADIENT=1, MID_BUTTONS_FONT_STYLE=PLAIN, MID_NEXT_BG_BLUE=, BOTTOM_FIELDS_FONT_NAME=Arial, TOP_BTN1_BG_RED=, TOP_MODEL_NBB_LINES=5, MID_BUTTONS_FONT_SIZE=12, BOTTOM_FIELDS_BG_RED=, TOP_BTN1_FONT_NAME=Arial, TOP_BTN4_BG_GRADIENT=1, TOP_BTN1_BG_GRADIENT=1, TOP_BTN3_BG_GRADIENT=1, BOTTOM_INACTIVE-BUTTONS_BG_RED=, TOP_BTN1_TEXT_ALIGN=CENTER, BOTTOM_NEXT_FONT_SIZE=, TOP_BTN4_TEXT_ALIGN=CENTER, TOP_BTN4_FG_RED=, TOP_BTN5_BG_BLUE=, TOP_BTN1_FG_RED=, TOP_FIELDS_FONT_NAME=Arial, TOP_FIELDS_BG_GREEN=, TOP_BTN5_FG_GREEN=, MID_INACTIVE-BUTTONS_BG_RED=, BOTTOM_FIELDS_BG_GREEN=, TOP_BTN5_BG_RED=, MID_MODEL_BG_RED=, TOP_BTN3_FONT_NAME=Arial, TOP_BTN2_BG_GREEN=, BOTTOM_FIELDS_FG_RED=, BOTTOM_MODEL_BG_GREEN=, TOP_BTN3_BG_RED=, BOTTOM_NEXT_BG_BLUE=, TOP_BTN1_BG_GREEN=, MID_BUTTONS_FONT_NAME=Arial, BOTTOM_MODEL_BG_BLUE=, TOP_BTN4_FONT_STYLE=PLAIN, BOTTOM_NEXT_BG_GREEN=, TOP_BTN3_FONT_STYLE=PLAIN, TOP_MODEL_BG_BLUE=, TOP_FIELDS_FG_RED=, BOTTOM_BUTTONS_BG_GREEN=, BOTTOM_BUTTONS_BG_GRADIENT=1, BOTTOM_BUTTONS_FONT_NAME=, BOTTOM_NEXT_FONT_NAME=, TOP_FIELDS_TEXT_ALIGN=LEFT, MID_BUTTONS_BG_GRADIENT=1, TOP_FIELDS_FG-ERROR_GREEN=0, BOTTOM_NEXT_FG_BLUE=, MID_NEXT_FG_GREEN=, MID_BUTTONS_FG_RED=, MID_NEXT_FONT_STYLE=, BOTTOM_NEXT_FG_GREEN=, BOTTOM_BUTTONS_FG_RED=, TOP_BTN2_TEXT_ALIGN=CENTER, BOTTOM_BUTTONS_FONT_STYLE=, TOP_BTN2_FONT_SIZE=16, MID_BUTTONS_FG_BLUE=, TOP_BTN1_FONT_STYLE=PLAIN, TOP_FIELDS_FONT_SIZE=16, MID_BUTTONS_BG_BLUE=, TOP_BTN5_BG_GREEN=, BOTTOM_INACTIVE-BUTTONS_BG_BLUE=, BOTTOM_BUTTONS_FONT_SIZE=, TOP_BTN4_FONT_SIZE=16, TOP_BTN1_FONT_SIZE=16, BOTTOM_FIELDS_BG_BLUE=, TOP_BTN2_FONT_STYLE=PLAIN, TOP_BTN2_FONT_NAME=Arial, MID_MODEL_BG_BLUE=, BOTTOM_MODEL_NBB_LINES=3, TOP_BTN3_FG_RED=, TOP_BTN3_BG_BLUE=, TOP_FIELDS_FONT_STYLE=PLAIN, BOTTOM_FIELDS_FG_GREEN=, BOTTOM_BUTTONS_BG_RED=, MID_INACTIVE-BUTTONS_BG_BLUE=, MID_MODEL_BG_GREEN=, TOP_BTN1_FG_GREEN=, TOP_FIELDS_FG-ERROR_RED=255, MID_BUTTONS_FG_GREEN=, BOTTOM_NEXT_FONT_STYLE=, TOP_BTN4_BG_RED=, TOP_BTN5_FG_RED=, BOTTOM_INACTIVE-BUTTONS_BG_GREEN=, TOP_BTN2_FG_GREEN=, BOTTOM_NEXT_FG_RED=, TOP_BTN1_BG_BLUE=, MID_MODEL_NBB_COLS=7, MID_NEXT_FG_BLUE=, TOP_BTN3_FG_GREEN=, BOTTOM_MODEL_BG_RED=, BOTTOM_FIELDS_FG_BLUE=, TOP_FIELDS_FG_GREEN=, TOP_BTN4_FONT_NAME=Arial, MID_NEXT_FG_RED=, MID_MODEL_NBB_LINES=5, TOP_FIELDS_FG-ERROR_BLUE=0, MID_INACTIVE-BUTTONS_BG_GREEN=, TOP_BTN2_BG_GRADIENT=1, TOP_BTN2_FG_RED=, TOP_MODEL_BG_RED=, TOP_BTN4_FG_GREEN=, TOP_BTN5_BG_GRADIENT=1, TOP_BTN5_TEXT_ALIGN=CENTER, MID_BUTTONS_BG_GREEN=, TOP_BTN2_FG_BLUE=, TOP_BTN3_FG_BLUE=, TOP_FIELDS_BG_BLUE=, BOTTOM_FIELDS_FONT_SIZE=16, TOP_BTN5_FONT_SIZE=16, TOP_BTN5_FONT_NAME=Arial, BOTTOM_FIELDS_FONT_STYLE=PLAIN, TOP_BTN5_FG_BLUE=, TOP_FIELDS_BG_RED=, TOP_FIELDS_FG_BLUE=, TOP_BTN2_BG_RED=, MID_NEXT_FONT_NAME=, MID_BUTTONS_BG_RED=, TOP_BTN4_FG_BLUE=, TOP_BTN3_TEXT_ALIGN=CENTER, TOP_MODEL_STYLE_TYPE=normal, TOP_BTN3_FONT_SIZE=16, TOP_BTN3_BG_GREEN=, BOTTOM_BUTTONS_FG_BLUE=, BOTTOM_NEXT_BG_RED=, TOP_BTN5_FONT_STYLE=PLAIN, BOTTOM_BUTTONS_FG_GREEN=, BOTTOM_BUTTONS_BG_BLUE=, MID_NEXT_BG_GREEN=, BOTTOM_FIELDS_TEXT_ALIGN=LEFT, MID_NEXT_BG_GRADIENT=1, TOP_BTN4_BG_GREEN=, TOP_BTN1_FG_BLUE=, TOP_BTN2_BG_BLUE=, MID_NEXT_BG_RED=, TOP_MODEL_BG_GREEN=, TOP_BTN4_BG_BLUE=, MID_NEXT_FONT_SIZE=}
DASPanel: Conversion of key by default : 
DASPanel: Menu style : normal
DASPanel: DIMENSION_FRAME size by default : null
DASPanel: max size button on the top line by default : java.awt.Dimension[width=125,height=50]
DASPanel: max size button on the middle line by default : java.awt.Dimension[width=125,height=50]
DASPanel: max size button on the bottom line by default : java.awt.Dimension[width=125,height=50]
DASPanel: max size indicator : java.awt.Dimension[width=500,height=30]
DASPanel: max number button on the top line : 5
DASPanel: max number button on the bottom line by default : 10
DASPanel: max number button on the top line : 3
DASPanel: max number button on the central screen line by default : 5
DASPanel: max number button on the central screen col: 7
DASPanel: indicator background color by default : java.awt.Color[r=238,g=238,b=238]
DASPanel: indicator writing color by default : java.awt.Color[r=238,g=238,b=238]
DASPanel: background screen of the central screen by default : java.awt.Color[r=238,g=238,b=238]
