[ERREUR] DASLoader: ok WsConfDAS: Fichier de configuration:/home/opendas/workspace/opendas/client/config/das_client.conf
DAS: Chargement du masque
DASPanel: Passage by DASPanel
DASPanel: {BOTTOM_NEXT_BG_GRADIENT=1, MID_BUTTONS_FONT_STYLE=PLAIN, MID_NEXT_BG_BLUE=, BOTTOM_FIELDS_FONT_NAME=Arial, TOP_BTN1_BG_RED=, TOP_MODEL_NBB_LINES=5, MID_BUTTONS_FONT_SIZE=12, BOTTOM_FIELDS_BG_RED=, TOP_BTN1_FONT_NAME=Arial, TOP_BTN4_BG_GRADIENT=1, TOP_BTN1_BG_GRADIENT=1, TOP_BTN3_BG_GRADIENT=1, BOTTOM_INACTIVE-BUTTONS_BG_RED=, TOP_BTN1_TEXT_ALIGN=CENTER, BOTTOM_NEXT_FONT_SIZE=, TOP_BTN4_TEXT_ALIGN=CENTER, TOP_BTN4_FG_RED=, TOP_BTN5_BG_BLUE=, TOP_BTN1_FG_RED=, TOP_FIELDS_FONT_NAME=Arial, TOP_FIELDS_BG_GREEN=, TOP_BTN5_FG_GREEN=, MID_INACTIVE-BUTTONS_BG_RED=, BOTTOM_FIELDS_BG_GREEN=, TOP_BTN5_BG_RED=, MID_MODEL_BG_RED=, TOP_BTN3_FONT_NAME=Arial, TOP_BTN2_BG_GREEN=, BOTTOM_FIELDS_FG_RED=, BOTTOM_MODEL_BG_GREEN=, TOP_BTN3_BG_RED=, BOTTOM_NEXT_BG_BLUE=, TOP_BTN1_BG_GREEN=, MID_BUTTONS_FONT_NAME=Arial, BOTTOM_MODEL_BG_BLUE=, TOP_BTN4_FONT_STYLE=PLAIN, BOTTOM_NEXT_BG_GREEN=, TOP_BTN3_FONT_STYLE=PLAIN, TOP_MODEL_BG_BLUE=, TOP_FIELDS_FG_RED=, BOTTOM_BUTTONS_BG_GREEN=, BOTTOM_BUTTONS_BG_GRADIENT=1, BOTTOM_BUTTONS_FONT_NAME=, BOTTOM_NEXT_FONT_NAME=, TOP_FIELDS_TEXT_ALIGN=LEFT, MID_BUTTONS_BG_GRADIENT=1, TOP_FIELDS_FG-ERROR_GREEN=0, BOTTOM_NEXT_FG_BLUE=, MID_NEXT_FG_GREEN=, MID_BUTTONS_FG_RED=, MID_NEXT_FONT_STYLE=, BOTTOM_NEXT_FG_GREEN=, BOTTOM_BUTTONS_FG_RED=, TOP_BTN2_TEXT_ALIGN=CENTER, BOTTOM_BUTTONS_FONT_STYLE=, TOP_BTN2_FONT_SIZE=16, MID_BUTTONS_FG_BLUE=, TOP_BTN1_FONT_STYLE=PLAIN, TOP_FIELDS_FONT_SIZE=16, MID_BUTTONS_BG_BLUE=, TOP_BTN5_BG_GREEN=, BOTTOM_INACTIVE-BUTTONS_BG_BLUE=, BOTTOM_BUTTONS_FONT_SIZE=, TOP_BTN4_FONT_SIZE=16, TOP_BTN1_FONT_SIZE=16, BOTTOM_FIELDS_BG_BLUE=, TOP_BTN2_FONT_STYLE=PLAIN, TOP_BTN2_FONT_NAME=Arial, MID_MODEL_BG_BLUE=, BOTTOM_MODEL_NBB_LINES=3, TOP_BTN3_FG_RED=, TOP_BTN3_BG_BLUE=, TOP_FIELDS_FONT_STYLE=PLAIN, BOTTOM_FIELDS_FG_GREEN=, BOTTOM_BUTTONS_BG_RED=, MID_INACTIVE-BUTTONS_BG_BLUE=, MID_MODEL_BG_GREEN=, TOP_BTN1_FG_GREEN=, TOP_FIELDS_FG-ERROR_RED=255, MID_BUTTONS_FG_GREEN=, BOTTOM_NEXT_FONT_STYLE=, TOP_BTN4_BG_RED=, TOP_BTN5_FG_RED=, BOTTOM_INACTIVE-BUTTONS_BG_GREEN=, TOP_BTN2_FG_GREEN=, BOTTOM_NEXT_FG_RED=, TOP_BTN1_BG_BLUE=, MID_MODEL_NBB_COLS=7, MID_NEXT_FG_BLUE=, TOP_BTN3_FG_GREEN=, BOTTOM_MODEL_BG_RED=, BOTTOM_FIELDS_FG_BLUE=, TOP_FIELDS_FG_GREEN=, TOP_BTN4_FONT_NAME=Arial, MID_NEXT_FG_RED=, MID_MODEL_NBB_LINES=5, TOP_FIELDS_FG-ERROR_BLUE=0, MID_INACTIVE-BUTTONS_BG_GREEN=, TOP_BTN2_BG_GRADIENT=1, TOP_BTN2_FG_RED=, TOP_MODEL_BG_RED=, TOP_BTN4_FG_GREEN=, TOP_BTN5_BG_GRADIENT=1, TOP_BTN5_TEXT_ALIGN=CENTER, MID_BUTTONS_BG_GREEN=, TOP_BMessageSender: Messages time to live 300 ms
DASResponseListener: Sending message: ServerRequest [attachement=[DASDataModel [id=1, name=report5, template=<?xml version="1.0" encoding="UTF-8"?>
<jasperRe...
DASResponseListener: response received
DASResponseListener: getResponse search : ServerRequest [attachement=null, fromUrl=DAS_CLIENT, sendUrl=DAS_SERVER, title=getListTemplateReport, sendedDate=Mon Jul 07 16:59:18 CEST 2014, previousRequest=null]
MessageSender: Messages time to live 300 ms
DASResponseListener: Sending message: ServerRequest [attachement=[], fromUrl=DAS_SERVER, sendUrl=DAS_CLIENT, title=null, sendedDate=Mon Jul 07 16:59:19 CEST 2...
DASResponseListener: response received
DASResponseListener: getResponse search : ServerRequest [attachement=null, fromUrl=DAS_CLIENT, sendUrl=DAS_SERVER, title=getListTemplateSupervision, sendedDate=Mon Jul 07 16:59:19 CEST 2014, previousRequest=null]
MessageSender: Messages time to live 300 ms
DASResponseListener: Sending message: ServerRequest [attachement=[], fromUrl=DAS_SERVER, sendUrl=DAS_CLIENT, title=null, sendedDate=Mon Jul 07 16:59:19 CEST 2...
DASResponseListener: getResponse search : ServerRequest [attachement=null, fromUrl=DAS_CLIENT, sendUrl=DAS_SERVER, title=getListEan128, sendedDate=Mon Jul 07 16:59:19 CEST 2014, previousRequest=null]
DASResponseListener: response received
MessageSender: Messages time to live 300 ms
DASResponseListener: getResponse search : ServerRequest [attachement=1, fromUrl=DAS_CLIENT, sendUrl=DAS_SERVER, title=getFctConfigsWithWsId, sendedDate=Mon Jul 07 16:59:19 CEST 2014, previousRequest=null]
DASResponseListener: Sending message: ServerRequest [attachement=[DASFunctionalConfig [mask=pointage, function_xml=<?xml version="1.0" encoding="UTF-8"?>
<fu...
DASResponseListener: response received
MessageSender: Messages time to live 300 ms
DASResponseListener: getResponse search : ServerRequest [attachement=persoin, fromUrl=DAS_CLIENT, sendUrl=DAS_SERVER, title=getDataModelWithId, sendedDate=Mon Jul 07 16:59:26 CEST 2014, previousRequest=null]
DASResponseListener: Sending message: ServerRequest [attachement=DASDataModel [id=75, name=Personnel, source=das_generic, ctrl=alpha, type=D, fct_name=null, t...
DASResponseListener: response received
MessageSender: Messages time to live 300 ms
DASResponseListener: getResponse search : ServerRequest [attachement={_workstation=[1], model=persoin}, fromUrl=DAS_CLIENT, sendUrl=TALEND, title=getWsGenericsExt, sendedDate=Mon Jul 07 16:59:26 CEST 2014, previousRequest=null]
DASResponseListener: Sending message: ServerRequest [attachement=DASError [code=0, string=OK, object=[DASGeneric [code=EMPL,1000001, name=User1, workstation_i...
DASResponseListener: response received
MessageSender: Messages time to live 300 ms
DASResponseListener: Sending message: ServerRequest [attachement=DASDataModel [id=72, name=groups, source=das_generic, ctrl=null, type=D, fct_name=null, type_...
DASResponseListener: response received
DASResponseListener: getResponse search : ServerRequest [attachement=groups, fromUrl=DAS_CLIENT, sendUrl=DAS_SERVER, title=getDataModelWithId, sendedDate=Mon Jul 07 16:59:29 CEST 2014, previousRequest=null]
MessageSender: Messages time to live 300 ms
DASResponseListener: getResponse search : ServerRequest [attachement={_workstation=[1], model=groups, persoin=[EMPL,1000004]}, fromUrl=DAS_CLIENT, sendUrl=TALEND, title=getWsGenericsExt, sendedDate=Mon Jul 07 16:59:29 CEST 2014, previousRequest=null]
DASResponseListener: Sending message: ServerRequest [attachement=DASError [code=0, string=OK, object=[DASGeneric [code=Customer Service, name=Customer Service...
DASResponseListener: response received
MessageSender: Messages time to live 300 ms
DASResponseListener: Sending message: ServerRequest [attachement=[DASDataModel [id=1, name=report5, template=<?xml version="1.0" encoding="UTF-8"?>
<jasperRe...
DASResponseListener: response received
DASResponseListener: getResponse search : ServerRequest [attachement=null, fromUrl=DAS_CLIENT, sendUrl=DAS_SERVER, title=getListTemplateReport, sendedDate=Mon Jul 07 16:59:29 CEST 2014, previousRequest=null]
MessageSender: Messages time to live 300 ms
DASResponseListener: Sending message: ServerRequest [attachement=[], fromUrl=DAS_SERVER, sendUrl=DAS_CLIENT, title=null, sendedDate=Mon Jul 07 16:59:29 CEST 2...
DASResponseListener: response received
DASResponseListener: getResponse search : ServerRequest [attachement=null, fromUrl=DAS_CLIENT, sendUrl=DAS_SERVER, title=getListTemplateSupervision, sendedDate=Mon Jul 07 16:59:29 CEST 2014, previousRequest=null]
MessageSender: Messages time to live 300 ms
DASResponseListener: getResponse search : ServerRequest [attachement=null, fromUrl=DAS_CLIENT, sendUrl=DAS_SERVER, title=getListEan128, sendedDate=Mon Jul 07 16:59:29 CEST 2014, previousRequest=null]
DASResponseListener: Sending message: ServerRequest [attachement=[], fromUrl=DAS_SERVER, sendUrl=DAS_CLIENT, title=null, sendedDate=Mon Jul 07 16:59:29 CEST 2...
DASResponseListener: response received
MessageSender: Messages time to live 300 ms
DASResponseListener: getResponse search : ServerRequest [attachement=1, fromUrl=DAS_CLIENT, sendUrl=DAS_SERVER, title=getFctConfigsWithWsId, sendedDate=Mon Jul 07 16:59:30 CEST 2014, previousRequest=null]
DASResponseListener: Sending message: ServerRequest [attachement=[DASFunctionalConfig [mask=pointage, function_xml=<?xml version="1.0" encoding="UTF-8"?>
<fu...
DASResponseListener: response received
MessageSender: Messages time to live 300 ms
DASResponseListener: Sending message: ServerRequest [attachement=[DASDataModel [id=1, name=report5, template=<?xml version="1.0" encoding="UTF-8"?>
<jasperRe...
DASResponseListener: response received
DASResponseListener: getResponse search : ServerRequest [attachement=null, fromUrl=DAS_CLIENT, sendUrl=DAS_SERVER, title=getListTemplateReport, sendedDate=Mon Jul 07 16:59:30 CEST 2014, previousRequest=null]
MessageSender: Messages time to live 300 ms
DASResponseListener: Sending message: ServerRequest [attachement=[], fromUrl=DAS_SERVER, sendUrl=DAS_CLIENT, title=null, sendedDate=Mon Jul 07 16:59:30 CEST 2...
DASResponseListener: response received
DASResponseListener: getResponse search : ServerRequest [attachement=null, fromUrl=DAS_CLIENT, sendUrl=DAS_SERVER, title=getListTemplateSupervision, sendedDate=Mon Jul 07 16:59:30 CEST 2014, previousRequest=null]
MessageSender: Messages time to live 300 ms
DASResponseListener: Sending message: ServerRequest [attachement=[], fromUrl=DAS_SERVER, sendUrl=DAS_CLIENT, title=null, sendedDate=Mon Jul 07 16:59:30 CEST 2...
DASResponseListener: response received
DASResponseListener: getResponse search : ServerRequest [attachement=null, fromUrl=DAS_CLIENT, sendUrl=DAS_SERVER, title=getListEan128, sendedDate=Mon Jul 07 16:59:30 CEST 2014, previousRequest=null]
MessageSender: Messages time to live 300 ms
DASResponseListener: getResponse search : ServerRequest [attachement=1, fromUrl=DAS_CLIENT, sendUrl=DAS_SERVER, title=getFctConfigsWithWsId, sendedDate=Mon Jul 07 16:59:30 CEST 2014, previousRequest=null]
DASResponseListener: Sending message: ServerRequest [attachement=[DASFunctionalConfig [mask=pointage, function_xml=<?xml version="1.0" encoding="UTF-8"?>
<fu...
DASResponseListener: response received
MessageSender: Messages time to live 300 ms
DASResponseListener: Sending message: ServerRequest [attachement=[DASDataModel [id=1, name=report5, template=<?xml version="1.0" encoding="UTF-8"?>
<jasperRe...
DASResponseListener: response received
DASResponseListener: getResponse search : ServerRequest [attachement=null, fromUrl=DAS_CLIENT, sendUrl=DAS_SERVER, title=getListTemplateReport, sendedDate=Mon Jul 07 16:59:30 CEST 2014, previousRequest=null]
MessageSender: Messages time to live 300 ms
DASResponseListener: getResponse search : ServerRequest [attachement=null, fromUrl=DAS_CLIENT, sendUrl=DAS_SERVER, title=getListTemplateSupervision, sendedDate=Mon Jul 07 16:59:30 CEST 2014, previousRequest=null]
DASResponseListener: Sending message: ServerRequest [attachement=[], fromUrl=DAS_SERVER, sendUrl=DAS_CLIENT, title=null, sendedDate=Mon Jul 07 16:59:30 CEST 2...
DASResponseListener: response received
MessageSender: Messages time to live 300 ms
DASResponseListener: Sending message: ServerRequest [attachement=[], fromUrl=DAS_SERVER, sendUrl=DAS_CLIENT, title=null, sendedDate=Mon Jul 07 16:59:30 CEST 2...
DASResponseListener: response received
DASResponseListener: getResponse search : ServerRequest [attachement=null, fromUrl=DAS_CLIENT, sendUrl=DAS_SERVER, title=getListEan128, sendedDate=Mon Jul 07 16:59:30 CEST 2014, previousRequest=null]
MessageSender: Messages time to live 300 ms
DASResponseListener: getResponse search : ServerRequest [attachement=1, fromUrl=DAS_CLIENT, sendUrl=DAS_SERVER, title=getFctConfigsWithWsId, sendedDate=Mon Jul 07 16:59:31 CEST 2014, previousRequest=null]
DASResponseListener: Sending message: ServerRequest [attachement=[DASFunctionalConfig [mask=pointage, function_xml=<?xml version="1.0" encoding="UTF-8"?>
<fu...
DASResponseListener: response received
MessageSender: Messages time to live 300 ms
DASResponseListener: Sending message: ServerRequest [attachement=[DASDataModel [id=1, name=report5, template=<?xml version="1.0" encoding="UTF-8"?>
<jasperRe...
DASResponseListener: response received
DASResponseListener: getResponse search : ServerRequest [attachement=null, fromUrl=DAS_CLIENT, sendUrl=DAS_SERVER, title=getListTemplateReport, sendedDate=Mon Jul 07 16:59:31 CEST 2014, previousRequest=null]
MessageSender: Messages time to live 300 ms
DASResponseListener: Sending message: ServerRequest [attachement=[], fromUrl=DAS_SERVER, sendUrl=DAS_CLIENT, title=null, sendedDate=Mon Jul 07 16:59:31 CEST 2...
DASResponseListener: response received
DASResponseListener: getResponse search : ServerRequest [attachement=null, fromUrl=DAS_CLIENT, sendUrl=DAS_SERVER, title=getListTemplateSupervision, sendedDate=Mon Jul 07 16:59:31 CEST 2014, previousRequest=null]
MessageSender: Messages time to live 300 ms
DASResponseListener: Sending message: ServerRequest [attachement=[], fromUrl=DAS_SERVER, sendUrl=DAS_CLIENT, title=null, sendedDate=Mon Jul 07 16:59:31 CEST 2...
DASResponseListener: response received
DASResponseListener: getResponse search : ServerRequest [attachement=null, fromUrl=DAS_CLIENT, sendUrl=DAS_SERVER, title=getListEan128, sendedDate=Mon Jul 07 16:59:31 CEST 2014, previousRequest=null]
MessageSender: Messages time to live 300 ms
DASResponseListener: getResponse search : ServerRequest [attachement=1, fromUrl=DAS_CLIENT, sendUrl=DAS_SERVER, title=getFctConfigsWithWsId, sendedDate=Mon Jul 07 16:59:31 CEST 2014, previousRequest=null]
DASResponseListener: Sending message: ServerRequest [attachement=[DASFunctionalConfig [mask=pointage, function_xml=<?xml version="1.0" encoding="UTF-8"?>
<fu...
DASResponseListener: response received
MessageSender: Messages time to live 300 ms
DASResponseListener: getResponse search : ServerRequest [attachement=null, fromUrl=DAS_CLIENT, sendUrl=DAS_SERVER, title=getListTemplateReport, sendedDate=Mon Jul 07 16:59:35 CEST 2014, previousRequest=null]
DASResponseListener: Sending message: ServerRequest [attachement=[DASDataModel [id=1, name=report5, template=<?xml version="1.0" encoding="UTF-8"?>
<jasperRe...
DASResponseListener: response received
MessageSender: Messages time to live 300 ms
DASResponseListener: Sending message: ServerRequest [attachement=[], fromUrl=DAS_SERVER, sendUrl=DAS_CLIENT, title=null, sendedDate=Mon Jul 07 16:59:35 CEST 2...
DASResponseListener: response received
DASResponseListener: getResponse search : ServerRequest [attachement=null, fromUrl=DAS_CLIENT, sendUrl=DAS_SERVER, title=getListTemplateSupervision, sendedDate=Mon Jul 07 16:59:35 CEST 2014, previousRequest=null]
MessageSender: Messages time to live 300 ms
DASResponseListener: Sending message: ServerRequest [attachement=[], fromUrl=DAS_SERVER, sendUrl=DAS_CLIENT, title=null, sendedDate=Mon Jul 07 16:59:35 CEST 2...
DASResponseListener: response received
DASResponseListener: getResponse search : ServerRequest [attachement=null, fromUrl=DAS_CLIENT, sendUrl=DAS_SERVER, title=getListEan128, sendedDate=Mon Jul 07 16:59:35 CEST 2014, previousRequest=null]
MessageSender: Messages time to live 300 ms
DASResponseListener: getResponse search : ServerRequest [attachement=1, fromUrl=DAS_CLIENT, sendUrl=DAS_SERVER, title=getFctConfigsWithWsId, sendedDate=Mon Jul 07 16:59:35 CEST 2014, previousRequest=null]
DASResponseListener: Sending message: ServerRequest [attachement=[DASFunctionalConfig [mask=pointage, function_xml=<?xml version="1.0" encoding="UTF-8"?>
<fu...
DASResponseListener: response received
MessageSender: Messages time to live 300 ms
DASResponseListener: Sending message: ServerRequest [attachement=[DASDataModel [id=1, name=report5, template=<?xml version="1.0" encoding="UTF-8"?>
<jasperRe...
DASResponseListener: response received
DASResponseListener: getResponse search : ServerRequest [attachement=null, fromUrl=DAS_CLIENT, sendUrl=DAS_SERVER, title=getListTemplateReport, sendedDate=Mon Jul 07 16:59:36 CEST 2014, previousRequest=null]
MessageSender: Messages time to live 300 ms
DASResponseListener: Sending message: ServerRequest [attachement=[], fromUrl=DAS_SERVER, sendUrl=DAS_CLIENT, title=null, sendedDate=Mon Jul 07 16:59:36 CEST 2...
DASResponseListener: response received
DASResponseListener: getResponse search : ServerRequest [attachement=null, fromUrl=DAS_CLIENT, sendUrl=DAS_SERVER, title=getListTemplateSupervision, sendedDate=Mon Jul 07 16:59:36 CEST 2014, previousRequest=null]
MessageSender: Messages time to live 300 ms
DASResponseListener: getResponse search : ServerRequest [attachement=null, fromUrl=DAS_CLIENT, sendUrl=DAS_SERVER, title=getListEan128, sendedDate=Mon Jul 07 16:59:36 CEST 2014, previousRequest=null]
DASResponseListener: Sending message: ServerRequest [attachement=[], fromUrl=DAS_SERVER, sendUrl=DAS_CLIENT, title=null, sendedDate=Mon Jul 07 16:59:36 CEST 2...
DASResponseListener: response received
MessageSender: Messages time to live 300 ms
DASResponseListener: getResponse search : ServerRequest [attachement=1, fromUrl=DAS_CLIENT, sendUrl=DAS_SERVER, title=getFctConfigsWithWsId, sendedDate=Mon Jul 07 16:59:36 CEST 2014, previousRequest=null]
DASResponseListener: Sending message: ServerRequest [attachement=[DASFunctionalConfig [mask=pointage, function_xml=<?xml version="1.0" encoding="UTF-8"?>
<fu...
DASResponseListener: response received
ncurrent actionPosition : 2
DASController: functionEnCours :store
DASController: ==== Function en Cours : store ====
DASController: EAN128GETTER : connexion2_EAN128
DASController: EAN128GETTER : null
DASController: Passage par functionSelecting 
DASController: ========================================================================================
DASController: ********function : store
DASController: ********dataModels :{persoin=DASDataModel [id=75, name=Personnel, source=das_generic, ctrl=alpha, type=D, fct_name=null, type_fct=1, qty_max=-1, qty_min=-1, acquisition_methods=[DASAcquisitionMethod [code=displayScreen, name=null, typeMaterial=null], DASAcquisitionMethod [code=listenTypeMaterial, name=1, typeMaterial=DASTypeMaterial [id=34, name=Lecteurs id-barres]]], parent_id=null, child_ids={IndirectList: not instantiated}, type_select=1]}
DASController: ********currentDataModel : DASDataModel [id=75, name=Personnel, source=das_generic, ctrl=alpha, type=D, fct_name=null, type_fct=1, qty_max=-1, qty_min=-1, acquisition_methods=[DASAcquisitionMethod [code=displayScreen, name=null, typeMaterial=null], DASAcquisitionMethod [code=listenTypeMaterial, name=1, typeMaterial=DASTypeMaterial [id=34, name=Lecteurs id-barres]]], parent_id=null, child_ids={IndirectList: not instantiated}, type_select=1]
DASController: ********dataEnCours : {persoin=[EMPL,1000004]}
DASController: ********currentSequence : connexion
DASController: ********currentActionPosition : 2
DASController: ********storeModel :[]
DASController: ********storeModelList :[[], []]
DASController: ********instruction : null
DASController: ********subDataEnCours : []
DASController: ********subDatalist : [[EMPL,1000004], []]
DASController: ********depEnCours : [[[]], []]
DASController: ********depEnCoursList : [[[]], []]
DASController: ********super_context : {_workstation=DASGeneric [code=1, name=1, workstation_id=null, image=null, page=null, position=null, qty_max=0, qty_min=0, das_code_dependency=null, dataModel=null, infos=null], _sequenceEnCours={_value=
        , _sequence=1, _name=connexion, _childs={2={MODEL=groups, SUPERCONTEXT=_groups, _sequence=2, _name=store, _childs={}, TYPE=erase}, 1={_value=
           , _sequence=1, _name=persoin, _childs={1={_value=Sélectionnez la personne concernée, _sequence=1, _name=instruction, _childs={}}}}}, DISABLE=(_groups,!=,null)}}
DASController: ********functional_context : {_function={MODEL=groups, SUPERCONTEXT=_groups, _sequence=2, _name=store, _childs={}, TYPE=erase}}
DASController: ********LoopType : null
DASController: ========================================================================================
DASController: ********* type = erase
DASController: STORE : data exists already, so it jumps the function
DASPanel: ========================
DASPanel: ===  Screen Blocked  ===
DASPanel: ========================
DASController: current sequence  : connexioncurrent actionPosition : 3
DASController: functionEnCours :null
DASController: ==== Function en Cours : null ====
DASPanel: DISPLAYDOWN
DASPanel: DISPLAYUP
DASPanel: Passage by setVisibleAllPanels
DASPanel: Avant resetConf dans DASPanel
DASController: Passage par resetConf
DASController: Passage par resetConf
DASController: Passage par functionSelecting 
DASController: ========================================================================================
DASController: ********function : null
DASController: ********dataModels :{persoin=DASDataModel [id=75, name=Personnel, source=das_generic, ctrl=alpha, type=D, fct_name=null, type_fct=1, qty_max=-1, qty_min=-1, acquisition_methods=[DASAcquisitionMethod [code=displayScreen, name=null, typeMaterial=null], DASAcquisitionMethod [code=listenTypeMaterial, name=1, typeMaterial=DASTypeMaterial [id=34, name=Lecteurs id-barres]]], parent_id=null, child_ids={IndirectList: not instantiated}, type_select=1], groups=DASDataModel [id=72, name=groups, source=das_generic, ctrl=null, type=D, fct_name=null, type_fct=1, qty_max=-1, qty_min=-1, acquisition_methods=[], parent_id=null, child_ids={IndirectList: not instantiated}, type_select=1]}
DASController: ********currentDataModel : DASDataModel [id=72, name=groups, source=das_generic, ctrl=null, type=D, fct_name=null, type_fct=1, qty_max=-1, qty_min=-1, acquisition_methods=[], parent_id=null, child_ids={IndirectList: not instantiated}, type_select=1]
DASController: ********dataEnCours : {persoin=[EMPL,1000004]}
DASController: ********currentSequence : connexion
DASController: ********currentActionPosition : 3
DASController: ********storeModel :[]
DASController: ********storeModelList :[[], [], []]
DASController: ********instruction : null
DASController: ********subDataEnCours : []
DASController: ********subDatalist : [[EMPL,1000004], [], []]
DASController: ********depEnCours : [[[]], [], []]
DASController: ********depEnCoursList : [[[]], [], []]
DASController: ********super_context : {_workstation=DASGeneric [code=1, name=1, workstation_id=null, image=null, page=null, position=null, qty_max=0, qty_min=0, das_code_dependency=null, dataModel=null, infos=null], _groups=[DASGeneric [code=Customer Service, name=Customer Service, workstation_id=null, image=null, page=0, position=0, qty_max=0, qty_min=0, das_code_dependency=null, dataModel=DASDataModel [id=72, name=groups, source=das_generic, ctrl=null, type=D, fct_name=null, type_fct=1, qty_max=-1, qty_min=-1, acquisition_methods=[], parent_id=null, child_ids={IndirectList: not instantiated}, type_select=1], infos={id=Customer Service, name=Customer Service, ean13=false}], DASGeneric [code=Employee, name=Employee, workstation_id=null, image=null, page=0, position=0, qty_max=0, qty_min=0, das_code_dependency=null, dataModel=DASDataModel [id=72, name=groups, source=das_generic, ctrl=null, type=D, fct_name=null, type_fct=1, qty_max=-1, qty_min=-1, acquisition_methods=[], parent_id=null, child_ids={IndirectList: not instantiated}, type_select=1], infos={id=Employee, name=Employee, ean13=false}], DASGeneric [code=Logistic, name=Logistic, workstation_id=null, image=null, page=0, position=0, qty_max=0, qty_min=0, das_code_dependency=null, dataModel=DASDataModel [id=72, name=groups, source=das_generic, ctrl=null, type=D, fct_name=null, type_fct=1, qty_max=-1, qty_min=-1, acquisition_methods=[], parent_id=null, child_ids={IndirectList: not instantiated}, type_select=1], infos={id=Logistic, name=Logistic, ean13=false}], DASGeneric [code=userok, name=userok, workstation_id=null, image=null, page=0, position=0, qty_max=0, qty_min=0, das_code_dependency=null, dataModel=DASDataModel [id=72, name=groups, source=das_generic, ctrl=null, type=D, fct_name=null, type_fct=1, qty_max=-1, qty_min=-1, acquisition_methods=[], parent_id=null, child_ids={IndirectList: not instantiated}, type_select=1], infos={id=userok, name=userok}]], _sequenceEnCours={_value=
        , _sequence=1, _name=connexion, _childs={2={MODEL=groups, SUPERCONTEXT=_groups, _sequence=2, _name=store, _childs={}, TYPE=erase}, 1={_value=
           , _sequence=1, _name=persoin, _childs={1={_value=Sélectionnez la personne concernée, _sequence=1, _name=instruction, _childs={}}}}}, DISABLE=(_groups,!=,null)}}
DASController: ********functional_context : {_function=null}
DASController: ********LoopType : null
DASController: ========================================================================================
DASController: function == null
DASController: else isFunctionloop != true
DASPanel: DISPLAYDOWN
DASPanel: DISPLAYUP
DASPanel: Passage by setVisibleAllPanels
DASPanel: Avant resetConf dans DASPanel
DASController: Passage par resetConf
DASController: Passage par resetConf
DASPanel: ========================
DASPanel: === Screen Unblocked ===
DASPanel: ========================
DASController: Passing by initActionBtn
DASPanel: Passage by cleanPanelBeforeDisplay
DASPanel: Passage by setVisibleAllPanels
DASController: checkFunctionLoop : 0
DASController: Passage par nextActionBtn
DASPanel: ========================
DASPanel: ===  Screen Blocked  ===
DASPanel: ========================
DASController: current sequence  : deconnexioncurrent actionPosition : 1
DASController: functionEnCours :clean
DASController: ==== Function en Cours : clean ====
DASController: EAN128GETTER : deconnexion1_EAN128
DASController: EAN128GETTER : null
DASController: Passage par functionSelecting 
DASController: ========================================================================================
DASController: ********function : clean
DASController: ********dataModels :{}
DASController: ********currentDataModel : null
DASController: ********dataEnCours : {}
DASController: ********currentSequence : deconnexion
DASController: ********currentActionPosition : 1
DASController: ********storeModel :[]
DASController: ********storeModelList :[[]]
DASController: ********instruction : null
DASController: ********subDataEnCours : []
DASController: ********subDatalist : [[]]
DASController: ********depEnCours : [[]]
DASController: ********depEnCoursList : [[]]
DASController: ********super_context : {_workstation=DASGeneric [code=1, name=1, workstation_id=null, image=null, page=null, position=null, qty_max=0, qty_min=0, das_code_dependency=null, dataModel=null, infos=null], _groups=[DASGeneric [code=Customer Service, name=Customer Service, workstation_id=null, image=null, page=0, position=0, qty_max=0, qty_min=0, das_code_dependency=null, dataModel=DASDataModel [id=72, name=groups, source=das_generic, ctrl=null, type=D, fct_name=null, type_fct=1, qty_max=-1, qty_min=-1, acquisition_methods=[], parent_id=null, child_ids={IndirectList: not instantiated}, type_select=1], infos={id=Customer Service, name=Customer Service, ean13=false}], DASGeneric [code=Employee, name=Employee, workstation_id=null, image=null, page=0, position=0, qty_max=0, qty_min=0, das_code_dependency=null, dataModel=DASDataModel [id=72, name=groups, source=das_generic, ctrl=null, type=D, fct_name=null, type_fct=1, qty_max=-1, qty_min=-1, acquisition_methods=[], parent_id=null, child_ids={IndirectList: not instantiated}, type_select=1], infos={id=Employee, name=Employee, ean13=false}], DASGeneric [code=Logistic, name=Logistic, workstation_id=null, image=null, page=0, position=0, qty_max=0, qty_min=0, das_code_dependency=null, dataModel=DASDataModel [id=72, name=groups, source=das_generic, ctrl=null, type=D, fct_name=null, type_fct=1, qty_max=-1, qty_min=-1, acquisition_methods=[], parent_id=null, child_ids={IndirectList: not instantiated}, type_select=1], infos={id=Logistic, name=Logistic, ean13=false}], DASGeneric [code=userok, name=userok, workstation_id=null, image=null, page=0, position=0, qty_max=0, qty_min=0, das_code_dependency=null, dataModel=DASDataModel [id=72, name=groups, source=das_generic, ctrl=null, type=D, fct_name=null, type_fct=1, qty_max=-1, qty_min=-1, acquisition_methods=[], parent_id=null, child_ids={IndirectList: not instantiated}, type_select=1], infos={id=userok, name=userok}]], _sequenceEnCours={_value=
        , _sequence=2, _name=deconnexion, _childs={1={SUPERCONTEXT=_groups, _sequence=1, _name=clean, _childs={}}}, DISABLE=(_groups,=,null)}}
DASController: ********functional_context : {_function={SUPERCONTEXT=_groups, _sequence=1, _name=clean, _childs={}}}
DASController: ********LoopType : null
DASController: ========================================================================================
DASPanel: ========================
DASPanel: ===  Screen Blocked  ===
DASPanel: ========================
DASController: current sequence  : deconnexioncurrent actionPosition : 2
DASController: functionEnCours :null
DASController: ==== Function en Cours : null ====
DASController: Passage par functionSelecting 
DASController: ========================================================================================
DASController: ********function : null
DASController: ********dataModels :{}
DASController: ********currentDataModel : null
DASController: ********dataEnCours : {}
DASController: ********currentSequence : deconnexion
DASController: ********currentActionPosition : 2
DASController: ********storeModel :[]
DASController: ********storeModelList :[[], []]
DASController: ********instruction : null
DASController: ********subDataEnCours : []
DASController: ********subDatalist : [[], []]
DASController: ********depEnCours : [[], []]
DASController: ********depEnCoursList : [[], []]
DASController: ********super_context : {_workstation=DASGeneric [code=1, name=1, workstation_id=null, image=null, page=null, position=null, qty_max=0, qty_min=0, das_code_dependency=null, dataModel=null, infos=null], _sequenceEnCours={_value=
        , _sequence=2, _name=deconnexion, _childs={1={SUPERCONTEXT=_groups, _sequence=1, _name=clean, _childs={}}}, DISABLE=(_groups,=,null)}}
DASController: ********functional_context : {_function=null}
DASController: ********LoopType : null
DASController: ========================================================================================
DASController: function == null
DASController: else isFunctionloop != true
DASPanel: DISPLAYDOWN
DASPanel: DISPLAYUP
DASPanel: Passage by setVisibleAllPanels
DASPanel: Avant resetConf dans DASPanel
DASController: Passage par resetConf
DASController: Passage par resetConf
DASPanel: ========================
DASPanel: === Screen Unblocked ===
DASPanel: ========================
