DASLoader: TimeOut :=> 15000
DASLoader: ok WsConfig object
DASLoader: WsConfig [configMaterial=[DASConfigMaterial [code=rj2bis, name=Simu4Bis, port=tcp://172.26.44.118:5431, workstation=DASWorkstation [code = 1, name = das test 1, force_pdf = false, config_ids = {IndirectList: not instantiated}], material=DASModelMaterial [, code=4, name=Balance1, modelMaterial=DASModelMaterial [, typeMaterial=DASTypeMaterial [id=33, name=Balances]]], configTypeMaterial=DASConfigTypeMaterial [code=6, name=6, issimple=false, iscumulative=false, speed=null, parity=null, stop_bit=null, databit=null, dialog=[]]], DASConfigMaterial [code=PKB, name=Keyboard1, port=null, workstation=DASWorkstation [code = 1, name = das test 1, force_pdf = false, config_ids = {IndirectList: not instantiated}], material=DASModelMaterial [, code=Keyboard1, name=Keyboard1, modelMaterial=DASModelMaterial [, typeMaterial=DASTypeMaterial [id=49, name=Physical keyboard]]], configTypeMaterial=DASConfigTypeMaterial [code=7, name=7, issimple=true, iscumulative=true, speed=16, parity=0, stop_bit=1, databit=8, dialog=[]]], DASConfigMaterial [code=das6, name=2, port=/dev/ttyUSB0, workstation=DASWorkstation [code = 1, name = das test 1, force_pdf = false, config_ids = {IndirectList: not instantiated}], material=DASModelMaterial [, code=4, name=Balance1, modelMaterial=DASModelMaterial [, typeMaterial=DASTypeMaterial [id=33, name=Balances]]], configTypeMaterial=DASConfigTypeMaterial [code=comr, name=SimucomR, issimple=false, iscumulative=false, speed=9600, parity=0, stop_bit=1, databit=8, dialog=[]]], DASConfigMaterial [code=ScannerDC, name=ScannerDC, port=/dev/ttyUSB0, workstation=DASWorkstation [code = 1, name = das test 1, force_pdf = false, config_ids = {IndirectList: not instantiated}], material=DASModelMaterial [, code=ScannerDC, name=ScannerDC, modelMaterial=DASModelMaterial [, typeMaterial=DASTypeMaterial [id=34, name=Lecteurs id-barres]]], configTypeMaterial=DASConfigTypeMaterial [code=1usb, name=1usb, issimple=false, iscumulative=false, speed=9600, parity=0, stop_bit=1, databit=8, dialog=[]]], DASConfigMaterial [code=das2, name=das2, port=5474, workstation=DASWorkstation [code = 1, name = das test 1, force_pdf = false, config_ids = {IndirectList: not instantiated}], material=DASModelMaterial [, code=3, name=Scanner3, modelMaterial=DASModelMaterial [, typeMaterial=DASTypeMaterial [id=34, name=Lecteurs id-barres]]], configTypeMaterial=DASConfigTypeMaterial [code=2, name=2, issimple=false, iscumulative=false, speed=0, parity=0, stop_bit=0, databit=0, dialog=[]]], DASConfigMaterial [code=rj2, name=Simu2, port=tcp://172.26.44.119:5431, workstation=DASWorkstation [code = 1, name = das test 1, force_pdf = false, config_ids = {IndirectList: not instantiated}], material=DASModelMaterial [, code=4, name=Balance1, modelMaterial=DASModelMaterial [, typeMaterial=DASTypeMaterial [id=33, name=Balances]]], configTypeMaterial=DASConfigTypeMaterial [code=2, name=2, issimple=false, iscumulative=false, speed=0, parity=0, stop_bit=0, databit=0, dialog=[]]], DASConfigMaterial [code=rj1, name=Simu01, port=5430, workstation=DASWorkstation [code = 1, name = das test 1, force_pdf = false, config_ids = {IndirectList: not instantiated}], material=DASModelMaterial [, code=4, name=Balance1, modelMaterial=DASModelMaterial [, typeMaterial=DASTypeMaterial [id=33, name=Balances]]], configTypeMaterial=DASConfigTypeMaterial [code=1, name=0, issimple=true, iscumulative=false, speed=0, parity=0, stop_bit=0, databit=0, dialog=[DASDialog [name =D1,header_code=null, sendReceiveData=I2_A_IND690-Count IZ05 (\d*) Kg, priority=1, waitingSecond=0, send=0, startCharPosition=null, stopCharPosition=null]]]], DASConfigMaterial [code=rj3, name=Simu3, port=tcp://172.26.44.118:5433, workstation=DASWorkstation [code = 1, name = das test 1, force_pdf = false, config_ids = {IndirectList: not instantiated}], material=DASModelMaterial [, code=4, name=Balance1, modelMaterial=DASModelMaterial [, typeMaterial=DASTypeMaterial [id=33, name=Balances]]], configTypeMaterial=DASConfigTypeMaterial [code=5, name=5, issimple=false, iscumulative=false, speed=9600, parity=0, stop_bit=1, databit=8, dialog=[]]], DASConfigMaterial [code=rj4, name=Simu4, port=tcp://172.26.44.118:5434, workstation=DASWorkstation [code = 1, name = das test 1, force_pdf = false, config_ids = {IndirectList: not instantiated}], material=DASModelMaterial [, code=4, name=Balance1, modelMaterial=DASModelMaterial [, typeMaterial=DASTypeMaterial [id=33, name=Balances]]], configTypeMaterial=DASConfigTypeMaterial [code=5, name=5, issimple=false, iscumulative=false, speed=9600, parity=0, stop_bit=1, databit=8, dialog=[]]]]]
DASLoader: ok Workstation object
DASLoader: ok FctConfig
DASLoader: ok GraphConfig
DAS: Fichier de configuration:/home/opendas/workspace/opendas/client/config/das_client.conf
DAS: Chargement du masque
DASPanel: Passage by DASPanel
DASPanel: {BOTTOM_NEXT_BG_GRADIENT=1, MID_BUTTONS_FONT_STYLE=PLAIN, MID_NEXT_BG_BLUE=, BOTTOM_FIELDS_FONT_NAME=Arial, TOP_BTN1_BG_RED=, TOP_MODEL_NBB_LINES=5, MID_BUTTONS_FONT_SIZE=12, BOTTOM_FIELDS_BG_RED=, TOP_BTN1_FONT_NAME=Arial, TOP_BTN4_BG_GRADIENT=1, TOP_BTN1_BG_GRADIENT=1, TOP_BTN3_BG_GRADIENT=1, BOTTOM_INACTIVE-BUTTONS_BG_RED=, TOP_BTN1_TEXT_ALIGN=CENTER, BOTTOM_NEXT_FONT_SIZE=, TOP_BTN4_TEXT_ALIGN=CENTER, TOP_BTN4_FG_RED=, TOP_BTN5_BG_BLUE=, TOP_BTN1_FG_RED=, TOP_FIELDS_FONT_NAME=Arial, TOP_FIELDS_BG_GREEN=, TOP_BTN5_FG_GREEN=, MID_INACTIVE-BUTTONS_BG_RED=, BOTTOM_FIELDS_BG_GREEN=, TOP_BTN5_BG_RED=, MID_MODEL_BG_RED=, TOP_BTN3_FONT_NAME=Arial, TOP_BTN2_BG_GREEN=, BOTTOM_FIELDS_FG_RED=, BOTTOM_MODEL_BG_GREEN=, TOP_BTN3_BG_RED=, BOTTOM_NEXT_BG_BLUE=, TOP_BTN1_BG_GREEN=, MID_BUTTONS_FONT_NAME=Arial, BOTTOM_MODEL_BG_BLUE=, TOP_BTN4_FONT_STYLE=PLAIN, BOTTOM_NEXT_BG_GREEN=, TOP_BTN3_FONT_STYLE=PLAIN, TOP_MODEL_BG_BLUE=255, TOP_FIELDS_FG_RED=, BOTTOM_BUTTONS_BG_GREEN=, BOTTOM_BUTTONS_BG_GRADIENT=1, BOTTOM_BUTTONS_FONT_NAME=, BOTTOM_NEXT_FONT_NAME=, TOP_FIELDS_TEXT_ALIGN=LEFT, MID_BUTTONS_BG_GRADIENT=1, TOP_FIELDS_FG-ERROR_GREEN=0, BOTTOM_NEXT_FG_BLUE=, MID_NEXT_FG_GREEN=, MID_BUTTONS_FG_RED=, MID_NEXT_FONT_STYLE=, BOTTOM_NEXT_FG_GREEN=, BOTTOM_BUTTONS_FG_RED=, TOP_BTN2_TEXT_ALIGN=CENTER, BOTTOM_BUTTONS_FONT_STYLE=, TOP_BTN2_FONT_SIZE=16, MID_BUTTONS_FG_BLUE=, TOP_BTN1_FONT_STYLE=PLAIN, TOP_FIELDS_FONT_SIZE=16, MID_BUTTONS_BG_BLUE=, TOP_BTN5_BG_GREEN=, BOTTOM_INACTIVE-BUTTONS_BG_BLUE=, BOTTOM_BUTTONS_FONT_SIZE=, TOP_BTN4_FONT_SIZE=16, TOP_BTN1_FONT_SIZE=16, BOTTOM_FIELDS_BG_BLUE=, TOP_BTN2_FONT_STYLE=PLAIN, TOP_BTN2_FONT_NAME=Arial, MID_MODEL_BG_BLUE=, BOTTOM_MODEL_NBB_LINES=3, TOP_BTN3_FG_RED=, TOP_BTN3_BG_BLUE=, TOP_FIELDS_FONT_STYLE=PLAIN, BOTTOM_FIELDS_FG_GREEN=, BOTTOM_BUTTONS_BG_RED=, MID_INACTIVE-BUTTONS_BG_BLUE=, MID_MODEL_BG_GREEN=, TOP_BTN1_FG_GREEN=, TOP_FIELDS_FG-ERROR_RED=255, MID_BUTTONS_FG_GREEN=, BOTTOM_NEXT_FONT_STYLE=, TOP_BTN4_BG_RED=, TOP_BTN5_FG_RED=, BOTTOM_INACTIVE-BUTTONS_BG_GREEN=, TOP_BTN2_FG_GREEN=, BOTTOM_NEXT_FG_RED=, TOP_BTN1_BG_BLUE=, MID_MODEL_NBB_COLS=7, MID_NEXT_FG_BLUE=, TOP_BTN3_FG_GREEN=, BOTTOM_MODEL_BG_RED=, BOTTOM_FIELDS_FG_BLUE=, TOP_FIELDS_FG_GREEN=, TOP_BTN4_FONT_NAME=Arial, MID_NEXT_FG_RED=, MID_MODEL_NBB_LINES=5, TOP_FIELDS_FG-ERROR_BLUE=0, MID_INACTIVE-BUTTONS_BG_GREEN=, TOP_BTN2_BG_GRADIENT=1, TOP_BTN2_FG_RED=, TOP_MODEL_BG_RED=255, TOP_BTN4_FG_GREEN=, TOP_BTN5_BG_GRADIENT=1, TOP_BTN5_TEXT_ALIGN=CENTER, MID_BUTTONS_BG_GREEN=, TOP_BTN2_FG_BLUE=, TOP_BTN3_FG_BLUE=, TOP_FIELDS_BG_BLUE=, BOTTOM_FIELDS_FONT_SIZE=16, TOP_BTN5_FONT_SIZE=16, TOP_BTN5_FONT_NAME=Arial, BOTTOM_FIELDS_FONT_STYLE=PLAIN, TOP_BTN5_FG_BLUE=, TOP_FIELDS_BG_RED=, TOP_FIELDS_FG_BLUE=, TOP_BTN2_BG_RED=, MID_NEXT_FONT_NAME=, MID_BUTTONS_BG_RED=, TOP_BTN4_FG_BLUE=, TOP_BTN3_TEXT_ALIGN=CENTER, TOP_MODEL_STYLE_TYPE=normal, TOP_BTN3_FONT_SIZE=16, TOP_BTN3_BG_GREEN=, BOTTOM_BUTTONS_FG_BLUE=, BOTTOM_NEXT_BG_RED=, TOP_BTN5_FONT_STYLE=PLAIN, BOTTOM_BUTTONS_FG_GREEN=, BOTTOM_BUTTONS_BG_BLUE=, MID_NEXT_BG_GREEN=, BOTTOM_FIELDS_TEXT_ALIGN=LEFT, MID_NEXT_BG_GRADIENT=1, TOP_BTN4_BG_GREEN=, TOP_BTN1_FG_BLUE=, TOP_BTN2_BG_BLUE=, MID_NEXT_BG_RED=, TOP_MODEL_BG_GREEN=255, TOP_BTN4_BG_BLUE=, MID_NEXT_FONT_SIZE=}
DASPanel: Conversion of key by default : 
DASPanel: Menu style : normal
DASPanel: DIMENSION_FRAME size by default : null
DASPanel: max size button on the top line by default : java.awt.Dimension[width=125,height=50]
DASPanel: max size button on the middle line by default : java.awt.Dimension[width=125,height=50]
DASPanel: max size button on the bottom line by default : java.awt.Dimension[width=125,height=50]
DASPanel: max size indicator : java.awt.Dimension[width=500,height=30]
DASPanel: max number button on the top line : 5
DASPanel: max number button on the bottom line by default : 10
DASPanel: max number button on the top line : 3
DASPanel: max number button on the central screen line by default : 5
DASPanel: max number button on the central screen col: 7
DASPanel: indicator background color by default : java.awt.Color[r=238,g=238,b=238]
DASPanel: indicator writing color by default : java.awt.Color[r=238,g=238,b=238]
DASPanel: background screen of the central screen by default : java.awt.Color[r=238,g=238,b=238]
DASGuiParams: prefix :TOP_BUTTONS
DASPanel: Buttons font of the top screen by default : java.awt.Font[family=Dialog,name=Times New Roman,style=bold,size=18]
DASGuiParams: prefix :MID_BUTTONS
DASPanel: Buttons font of the central screen by default :java.awt.Font[family=Dialog,name=Arial,style=bold,size=18]
DASPanel: Buttons background color of the central screen by default : java.awt.Color[r=150,g=200,b=255]
DASPanel: Buttons gradient of the central screen1
DASPanel: Buttons font color of the central screen by default : java.awt.Color[r=0,g=0,b=0]
DASPanel: Inactives buttons background color of the central screen by defaultjava.awt.Color[r=238,g=238,b=238]
DASPanel: Buttons text alignment of the central screen of the central screen by default: 0
DASPanel: Background color of the bottom screen by default: java.awt.Color[r=238,g=238,b=238]
DASPanel: Buttons background color of the bottom screen by default : java.awt.Color[r=150,g=200,b=255]
DASPanel: Fields background color of the bottom screen by default: java.awt.Color[r=238,g=238,b=238]
DASPanel: Inactive buttons background color of the bottom screen by default : java.awt.Color[r=238,g=238,b=238]
DASPanel: Buttons gradation of the bottom screen : 1
DASGuiParams: prefix :BOTTOM_BUTTONS
DASPanel: Buttons font of the bottom screen by default : java.awt.Font[family=Dialog,name=Arial,style=bold,size=18]
DASGuiParams: prefix :TOP_STATE
DASPanel: Indicator font by default : java.awt.Font[family=Dialog,name=Arial,style=bold,size=18]
DASPanel: Buttons writing color of the bottom screen by default : java.awt.Color[r=0,g=0,b=0]
DASPanel: Fields writing color of the bottom screen by default : java.awt.Color[r=0,g=0,b=0]
DASGuiParams: prefix :BOTTOM_NEXT
DASPanel: Navigation buttons font by default : java.awt.Font[family=Dialog,name=Arial,style=bold,size=28]
DASPanel: Navigation buttons background color by default : java.awt.Color[r=255,g=200,b=100]
DASPanel: Navigation buttons gradation : 1
DASPanel: Navigation button font color by default : java.awt.Color[r=0,g=0,b=0]
DASPanel: Font color of the top screen : java.awt.Color[r=255,g=255,b=255]
DASGuiParams: prefix :TOP_FIELDS
DASPanel: Fields font of the top screen by default : java.awt.Font[family=Dialog,name=Arial,style=bold,size=18]
DASPanel: Fields background color of the top screen by default: java.awt.Color[r=238,g=238,b=238]
DASPanel: Fields font color of the bottom screen by default:java.awt.Color[r=0,g=0,b=0]
DASPanel: Fields font color of the top screen if error : java.awt.Color[r=255,g=0,b=0]
DASPanel: Fields font color of the top screen if ok : java.awt.Color[r=0,g=128,b=0]
DASPanel: Shortcut of button 'Connexion' : 
DASGuiParams: prefix :TOP_BTN1
DASPanel: Button font 'Connexion' by default : java.awt.Font[family=Dialog,name=Times New Roman,style=bold,size=18]
DASPanel: Button writing color 'Connexion' by default: java.awt.Color[r=0,g=0,b=0]
DASPanel: Button color 'Connexion' by default: java.awt.Color[r=150,g=200,b=255]
DASPanel: Button text alignment 'Connexion' : center
DASPanel: Button color'Connexion' when inactive by default : java.awt.Color[r=238,g=238,b=238]
DASPanel: Navigation buttons gradation : 1
DASPanel: <html><div align='center'>Connexion</div> <div align='right'></div></html>
DASPanel: Shortcut of button 'Déconnexion' : 
DASGuiParams: prefix :TOP_BTN2
DASPanel: Button font 'Déconnexion' by default : java.awt.Font[family=Dialog,name=Times New Roman,style=bold,size=18]
DASPanel: Button writing color 'Déconnexion' by default: java.awt.Color[r=0,g=0,b=0]
DASPanel: Button color 'Déconnexion' by default: java.awt.Color[r=150,g=200,b=255]
DASPanel: Button text alignment 'Déconnexion' : center
DASPanel: Button color'Déconnexion' when inactive by default : java.awt.Color[r=238,g=238,b=238]
DASPanel: Navigation buttons gradation : 1
DASPanel: <html><div align='center'>Déconnexion</div></html>
DASPanel: Shortcut of button 'Entrée : scénario2' : 
DASGuiParams: prefix :TOP_BTN3
DASPanel: Button font 'Entrée : scénario2' by default : java.awt.Font[family=Dialog,name=Times New Roman,style=bold,size=18]
DASPanel: Button writing color 'Entrée : scénario2' by default: java.awt.Color[r=0,g=0,b=0]
DASPanel: Button color 'Entrée : scénario2' by default: java.awt.Color[r=150,g=200,b=255]
DASPanel: Button text alignment 'Entrée : scénario2' : center
DASPanel: Button color'Entrée : scénario2' when inactive by default : java.awt.Color[r=238,g=238,b=238]
DASPanel: Navigation buttons gradation : 1
DASPanel: <html><div align='center'>Entrée : scénario2</div></html>
DASPanel: Shortcut of button 'Entrée : scénario3' : 
DASGuiParams: prefix :TOP_BTN4
DASPanel: Button font 'Entrée : scénario3' by default : java.awt.Font[family=Dialog,name=Times New Roman,style=bold,size=18]
DASPanel: Button writing color 'Entrée : scénario3' by default: java.awt.Color[r=0,g=0,b=0]
DASPanel: Button color 'Entrée : scénario3' by default: java.awt.Color[r=150,g=200,b=255]
DASPanel: Button text alignment 'Entrée : scénario3' : center
DASPanel: Button color'Entrée : scénario3' when inactive by default : java.awt.Color[r=238,g=238,b=238]
DASPanel: Navigation buttons gradation : 1
DASPanel: <html><div align='center'>Entrée : scénario3</div></html>
DASPanel: Shortcut of button 'Sortie : scénario2' : 
DASGuiParams: prefix :TOP_BTN5
DASPanel: Button font 'Sortie : scénario2' by default : java.awt.Font[family=Dialog,name=Times New Roman,style=bold,size=18]
DASPanel: Button writing color 'Sortie : scénario2' by default: java.awt.Color[r=0,g=0,b=0]
DASPanel: Button color 'Sortie : scénario2' by default: java.awt.Color[r=150,g=200,b=255]
DASPanel: Button text alignment 'Sortie : scénario2' : center
DASPanel: Button color'Sortie : scénario2' when inactive by default : java.awt.Color[r=238,g=238,b=238]
DASPanel: Navigation buttons gradation : 1
DASPanel: <html><div align='center'>Sortie : scénario2</div></html>
DASPanel: Shortcut of button 'Sortie : scénario3' : 
DASGuiParams: prefix :TOP_BTN6
DASPanel: Button font 'Sortie : scénario3' by default : java.awt.Font[family=Dialog,name=Times New Roman,style=bold,size=18]
DASPanel: Button writing color 'Sortie : scénario3' by default: java.awt.Color[r=0,g=0,b=0]
DASPanel: Button color 'Sortie : scénario3' by default: java.awt.Color[r=150,g=200,b=255]
DASPanel: Button text alignment 'Sortie : scénario3' by default : center
DASPanel: Button color'Sortie : scénario3' when inactive by default : java.awt.Color[r=238,g=238,b=238]
DASPanel: Navigation buttons gradation by default : 1
DASPanel: <html><div align='center'>Sortie : scénario3</div></html>
DASPanel: Shortcut of button 'Pointage : scénario2' : 
DASGuiParams: prefix :TOP_BTN7
DASPanel: Button font 'Pointage : scénario2' by default : java.awt.Font[family=Dialog,name=Times New Roman,style=bold,size=18]
DASPanel: Button writing color 'Pointage : scénario2' by default: java.awt.Color[r=0,g=0,b=0]
DASPanel: Button color 'Pointage : scénario2' by default: java.awt.Color[r=150,g=200,b=255]
DASPanel: Button text alignment 'Pointage : scénario2' by default : center
DASPanel: Button color'Pointage : scénario2' when inactive by default : java.awt.Color[r=238,g=238,b=238]
DASPanel: Navigation buttons gradation by default : 1
DASPanel: <html><div align='center'>Pointage : scénario2</div></html>
DASPanel: Shortcut of button 'Pointage : scénario3' : 
DASGuiParams: prefix :TOP_BTN8
DASPanel: Button font 'Pointage : scénario3' by default : java.awt.Font[family=Dialog,name=Times New Roman,style=bold,size=18]
DASPanel: Button writing color 'Pointage : scénario3' by default: java.awt.Color[r=0,g=0,b=0]
DASPanel: Button color 'Pointage : scénario3' by default: java.awt.Color[r=150,g=200,b=255]
DASPanel: Button text alignment 'Pointage : scénario3' by default : center
DASPanel: Button color'Pointage : scénario3' when inactive by default : java.awt.Color[r=238,g=238,b=238]
DASPanel: Navigation buttons gradation by default : 1
DASPanel: <html><div align='center'>Pointage : scénario3</div></html>
DASController: DASController constructor
DASEquipments: Pass by recupMaterials
DASEquipments: *****rj2bis*****
DASEquipments: *****PKB*****
DASEquipments: *****das6*****
DASEquipments: *****ScannerDC*****
DASEquipments: *****das2*****
DASEquipments: *****rj2*****
DASEquipments: *****rj1*****
DASEquipments: *****rj3*****
DASEquipments: *****rj4*****
DASController: DASController initMaterials()
DASController: [entree, sortie, deconnexion, pointage_scenario2, connexion, sortie_scenario2, entree_scenario3, entree_scenario2, pointage, sortie_scenario3, pointage_scenario3]
DASController: Insert of ScannerDC in listEcouteurR:
DASCOMMaterial: RECEPTION DATA OWNER SUR ScannerDCorg.opendas.equipment.DASCOMMaterial
DASCOMMaterial: port:/dev/ttyUSB0codeReception:PERSOOUT;PERSOIN;PERSO
|

DASController: Insert of ScannerDC in listEcouteurR:
DASCOMMaterial: RECEPTION DATA OWNER SUR ScannerDCorg.opendas.equipment.DASCOMMaterial
DASCOMMaterial: port:/dev/ttyUSB0codeReception:PERSOOUT;PERSOIN;PERSO
|

DASController: functionContext on DASController :null
ComServer: codeReception :PERSOOUT;PERSOIN;PERSO
|

Updater: Port '/dev/ttyUSB0' est déja utilisé par une autre connexion
DASController: Passing by initActionBtn
DASPanel: Passage by cleanPanelBeforeDisplay
DASPanel: Passage by setVisibleAllPanels
DASController: checkFunctionLoop : 0
DASController: Passage par nextActionBtn
DASPanel: ========================
DASPanel: ===  Screen Blocked  ===
DASPanel: ========================
DASController: current sequence  : connexionactionPositionEnCours : 1
DASController: functionEnCours :persoin
DASController: ==== Function en Cours : persoin ====
DASController: EAN128GETTER : connexion1_EAN128
DASController: EAN128GETTER : null
DASController: Passage par functionSelecting 
DASController: ========================================================================================
DASController: ********function : persoin
DASController: ********dataModels :{}
DASController: ********dataModelEnCours : null
DASController: ********dataEnCours : {}
DASController: ********sequenceEnCours : connexion
DASController: ********actionPositionEnCours : 1
DASController: ********storeModel :[]
DASController: ********storeModelList :[[]]
DASController: ********instruction : null
DASController: ********subDataEnCours : []
DASController: ********subDatalist : [[]]
DASController: ********depEnCours : [[]]
DASController: ********depEnCoursList : [[]]
DASController: ********super_context : {_workstation=DASGeneric [code=1, name=1, workstation_id=null, image=null, page=null, position=null, qty_max=0, qty_min=0, das_code_dependency=null, dataModel=null, infos=null], _sequenceEnCours={_value=
        , _sequence=1, _name=connexion, _childs={2={MODEL=groups, SUPERCONTEXT=_groups, _sequence=2, _name=store, _childs={}, TYPE=erase}, 1={_value=
           , _sequence=1, _name=persoin, _childs={1={_value=Sélectionnez la personne concernée, _sequence=1, _name=instruction, _childs={}}}}}, DISABLE=(_groups,!=,null)}}
DASController: ********functional_context : {_function={_value=
           , _sequence=1, _name=persoin, _childs={1={_value=Sélectionnez la personne concernée, _sequence=1, _name=instruction, _childs={}}}}}
DASController: ********LoopType : null
DASController: ========================================================================================
DASController: UPDATING MODEL
DASPanel: ========================
DASPanel: ===  Screen Blocked  ===
DASPanel: ========================
DASController: AUTHORIZE DISPLAY
DASPanel: CONTAINS KEY SWITCH
DASPanel: Passage by cleanPanelBeforeDisplay
DASController: generateLastDep
DASPanel: Passage by cleanPanelBeforeDisplay
DASPanel: switchGenericsAll : Panel Num => -1
DASPanel: buildPaneTablerDEP => 0
DASPanel: switchGenericsAll : Panel Num => 1
DASPanel: TAILLE GENERICS : 2
DASPanel:  OGPage
DASPanel: buildPaneTablerGEN => 1
DASPanel:  cleanPanel :: numPanel => 1
DASPanel: genericsButtonsList.sier() => 1
DASPanel: PageEnCours =>0
DASPanel: ========================
DASPanel: === Sreen Unblocked ===
DASPanel: ========================
DASPanel: ACTION PERFORMED 2
DASPanel: CODE SEND NU:1
DASPanel: CODE SEND NUENCOURS:1
DASPanel: PANEL GEN(encours:1)
DASController: receivedData, data = EMPL,1000001, numPanel = 1
DASController: CHECKDATA : EMPL,1000001, Numpanel :1DEPPANESEL : -2
DASController: TMPOBJECT :EMPL,1000001
DASController: NumPanel 1
DASController: Passage par nextActionBtn
DASPanel: ========================
DASPanel: ===  Screen Blocked  ===
DASPanel: ========================
DASController: dMEC -> persoin
DASController: subDataEC -> [EMPL,1000001]
DASController: current sequence  : connexionactionPositionEnCours : 2
DASController: functionEnCours :store
DASController: ==== Function en Cours : store ====
DASController: EAN128GETTER : connexion2_EAN128
DASController: EAN128GETTER : null
DASController: Passage par functionSelecting 
DASController: ========================================================================================
DASController: ********function : store
DASController: ********dataModels :{persoin=DASDataModel [id=75, name=Personnel, source=das_generic, ctrl=alpha, type=D, fct_name=null, type_fct=1, qty_max=-1, qty_min=-1, acquisition_methods=[DASAcquisitionMethod [code=displayScreen, name=null, typeMaterial=null], DASAcquisitionMethod [code=listenTypeMaterial, name=1, typeMaterial=DASTypeMaterial [id=34, name=Lecteurs id-barres]]], parent_id=null, child_ids={IndirectList: not instantiated}, type_select=1]}
DASController: ********dataModelEnCours : DASDataModel [id=75, name=Personnel, source=das_generic, ctrl=alpha, type=D, fct_name=null, type_fct=1, qty_max=-1, qty_min=-1, acquisition_methods=[DASAcquisitionMethod [code=displayScreen, name=null, typeMaterial=null], DASAcquisitionMethod [code=listenTypeMaterial, name=1, typeMaterial=DASTypeMaterial [id=34, name=Lecteurs id-barres]]], parent_id=null, child_ids={IndirectList: not instantiated}, type_select=1]
DASController: ********dataEnCours : {persoin=[EMPL,1000001]}
DASController: ********sequenceEnCours : connexion
DASController: ********actionPositionEnCours : 2
DASController: ********storeModel :[]
DASController: ********storeModelList :[[], []]
DASController: ********instruction : null
DASController: ********subDataEnCours : []
DASController: ********subDatalist : [[EMPL,1000001], []]
DASController: ********depEnCours : [[[]], []]
DASController: ********depEnCoursList : [[[]], []]
DASController: ********super_context : {_workstation=DASGeneric [code=1, name=1, workstation_id=null, image=null, page=null, position=null, qty_max=0, qty_min=0, das_code_dependency=null, dataModel=null, infos=null], _sequenceEnCours={_value=
        , _sequence=1, _name=connexion, _childs={2={MODEL=groups, SUPERCONTEXT=_groups, _sequence=2, _name=store, _childs={}, TYPE=erase}, 1={_value=
           , _sequence=1, _name=persoin, _childs={1={_value=Sélectionnez la personne concernée, _sequence=1, _name=instruction, _childs={}}}}}, DISABLE=(_groups,!=,null)}}
DASController: ********functional_context : {_function={MODEL=groups, SUPERCONTEXT=_groups, _sequence=2, _name=store, _childs={}, TYPE=erase}}
DASController: ********LoopType : null
DASController: ========================================================================================
DASController: ********* type = erase
DASController: STORE : data exists already, so it jumps the function
DASPanel: ========================
DASPanel: ===  Screen Blocked  ===
DASPanel: ========================
DASController: current sequence  : connexionactionPositionEnCours : 3
DASController: functionEnCours :null
DASController: ==== Function en Cours : null ====
DASPanel: DISPLAYDOWN
DASPanel: DISPLAYUP
DASPanel: Passage by setVisibleAllPanels
DASController: Passage par resetConf
DASController: Passage par functionSelecting 
DASController: ========================================================================================
DASController: ********function : null
DASController: ********dataModels :{persoin=DASDataModel [id=75, name=Personnel, source=das_generic, ctrl=alpha, type=D, fct_name=null, type_fct=1, qty_max=-1, qty_min=-1, acquisition_methods=[DASAcquisitionMethod [code=displayScreen, name=null, typeMaterial=null], DASAcquisitionMethod [code=listenTypeMaterial, name=1, typeMaterial=DASTypeMaterial [id=34, name=Lecteurs id-barres]]], parent_id=null, child_ids={IndirectList: not instantiated}, type_select=1], groups=DASDataModel [id=72, name=groups, source=das_generic, ctrl=null, type=D, fct_name=null, type_fct=1, qty_max=-1, qty_min=-1, acquisition_methods=[], parent_id=null, child_ids={IndirectList: not instantiated}, type_select=1]}
DASController: ********dataModelEnCours : DASDataModel [id=72, name=groups, source=das_generic, ctrl=null, type=D, fct_name=null, type_fct=1, qty_max=-1, qty_min=-1, acquisition_methods=[], parent_id=null, child_ids={IndirectList: not instantiated}, type_select=1]
DASController: ********dataEnCours : {persoin=[EMPL,1000001]}
DASController: ********sequenceEnCours : connexion
DASController: ********actionPositionEnCours : 3
DASController: ********storeModel :[]
DASController: ********storeModelList :[[], [], []]
DASController: ********instruction : null
DASController: ********subDataEnCours : []
DASController: ********subDatalist : [[EMPL,1000001], [], []]
DASController: ********depEnCours : [[[]], [], []]
DASController: ********depEnCoursList : [[[]], [], []]
DASController: ********super_context : {_workstation=DASGeneric [code=1, name=1, workstation_id=null, image=null, page=null, position=null, qty_max=0, qty_min=0, das_code_dependency=null, dataModel=null, infos=null], _groups=[DASGeneric [code=Employee, name=Employee, workstation_id=null, image=null, page=0, position=0, qty_max=0, qty_min=0, das_code_dependency=null, dataModel=DASDataModel [id=72, name=groups, source=das_generic, ctrl=null, type=D, fct_name=null, type_fct=1, qty_max=-1, qty_min=-1, acquisition_methods=[], parent_id=null, child_ids={IndirectList: not instantiated}, type_select=1], infos={id=Employee, name=Employee, ean13=false}], DASGeneric [code=Logistic, name=Logistic, workstation_id=null, image=null, page=0, position=0, qty_max=0, qty_min=0, das_code_dependency=null, dataModel=DASDataModel [id=72, name=groups, source=das_generic, ctrl=null, type=D, fct_name=null, type_fct=1, qty_max=-1, qty_min=-1, acquisition_methods=[], parent_id=null, child_ids={IndirectList: not instantiated}, type_select=1], infos={id=Logistic, name=Logistic, ean13=false}], DASGeneric [code=Stamping1, name=Stamping1, workstation_id=null, image=null, page=0, position=0, qty_max=0, qty_min=0, das_code_dependency=null, dataModel=DASDataModel [id=72, name=groups, source=das_generic, ctrl=null, type=D, fct_name=null, type_fct=1, qty_max=-1, qty_min=-1, acquisition_methods=[], parent_id=null, child_ids={IndirectList: not instantiated}, type_select=1], infos={id=Stamping1, name=Stamping1, ean13=false}], DASGeneric [code=Stamping2, name=Stamping2, workstation_id=null, image=null, page=0, position=0, qty_max=0, qty_min=0, das_code_dependency=null, dataModel=DASDataModel [id=72, name=groups, source=das_generic, ctrl=null, type=D, fct_name=null, type_fct=1, qty_max=-1, qty_min=-1, acquisition_methods=[], parent_id=null, child_ids={IndirectList: not instantiated}, type_select=1], infos={id=Stamping2, name=Stamping2, ean13=false}], DASGeneric [code=userok, name=userok, workstation_id=null, image=null, page=0, position=0, qty_max=0, qty_min=0, das_code_dependency=null, dataModel=DASDataModel [id=72, name=groups, source=das_generic, ctrl=null, type=D, fct_name=null, type_fct=1, qty_max=-1, qty_min=-1, acquisition_methods=[], parent_id=null, child_ids={IndirectList: not instantiated}, type_select=1], infos={id=userok, name=userok}]], _sequenceEnCours={_value=
        , _sequence=1, _name=connexion, _childs={2={MODEL=groups, SUPERCONTEXT=_groups, _sequence=2, _name=store, _childs={}, TYPE=erase}, 1={_value=
           , _sequence=1, _name=persoin, _childs={1={_value=Sélectionnez la personne concernée, _sequence=1, _name=instruction, _childs={}}}}}, DISABLE=(_groups,!=,null)}}
DASController: ********functional_context : {_function=null}
DASController: ********LoopType : null
DASController: ========================================================================================
DASController: function == null
DASController: else isFunctionloop != true
DASPanel: DISPLAYDOWN
DASPanel: DISPLAYUP
DASPanel: Passage by setVisibleAllPanels
DASController: Passage par resetConf
DASPanel: ========================
DASPanel: === Sreen Unblocked ===
DASPanel: ========================
DASController: Passing by initActionBtn
DASPanel: Passage by cleanPanelBeforeDisplay
DASPanel: Passage by setVisibleAllPanels
DASController: checkFunctionLoop : 0
DASController: Passage par nextActionBtn
DASPanel: ========================
DASPanel: ===  Screen Blocked  ===
DASPanel: ========================
DASController: current sequence  : pointage_scenario2actionPositionEnCours : 1
DASController: functionEnCours :perso
DASController: ==== Function en Cours : perso ====
DASController: EAN128GETTER : pointage_scenario21_EAN128
DASController: EAN128GETTER : null
DASController: Passage par functionSelecting 
DASController: ========================================================================================
DASController: ********function : perso
DASController: ********dataModels :{}
DASController: ********dataModelEnCours : null
DASController: ********dataEnCours : {}
DASController: ********sequenceEnCours : pointage_scenario2
DASController: ********actionPositionEnCours : 1
DASController: ********storeModel :[]
DASController: ********storeModelList :[[]]
DASController: ********instruction : null
DASController: ********subDataEnCours : []
DASController: ********subDatalist : [[]]
DASController: ********depEnCours : [[]]
DASController: ********depEnCoursList : [[]]
DASController: ********super_context : {_workstation=DASGeneric [code=1, name=1, workstation_id=null, image=null, page=null, position=null, qty_max=0, qty_min=0, das_code_dependency=null, dataModel=null, infos=null], _groups=[DASGeneric [code=Employee, name=Employee, workstation_id=null, image=null, page=0, position=0, qty_max=0, qty_min=0, das_code_dependency=null, dataModel=DASDataModel [id=72, name=groups, source=das_generic, ctrl=null, type=D, fct_name=null, type_fct=1, qty_max=-1, qty_min=-1, acquisition_methods=[], parent_id=null, child_ids={IndirectList: not instantiated}, type_select=1], infos={id=Employee, name=Employee, ean13=false}], DASGeneric [code=Logistic, name=Logistic, workstation_id=null, image=null, page=0, position=0, qty_max=0, qty_min=0, das_code_dependency=null, dataModel=DASDataModel [id=72, name=groups, source=das_generic, ctrl=null, type=D, fct_name=null, type_fct=1, qty_max=-1, qty_min=-1, acquisition_methods=[], parent_id=null, child_ids={IndirectList: not instantiated}, type_select=1], infos={id=Logistic, name=Logistic, ean13=false}], DASGeneric [code=Stamping1, name=Stamping1, workstation_id=null, image=null, page=0, position=0, qty_max=0, qty_min=0, das_code_dependency=null, dataModel=DASDataModel [id=72, name=groups, source=das_generic, ctrl=null, type=D, fct_name=null, type_fct=1, qty_max=-1, qty_min=-1, acquisition_methods=[], parent_id=null, child_ids={IndirectList: not instantiated}, type_select=1], infos={id=Stamping1, name=Stamping1, ean13=false}], DASGeneric [code=Stamping2, name=Stamping2, workstation_id=null, image=null, page=0, position=0, qty_max=0, qty_min=0, das_code_dependency=null, dataModel=DASDataModel [id=72, name=groups, source=das_generic, ctrl=null, type=D, fct_name=null, type_fct=1, qty_max=-1, qty_min=-1, acquisition_methods=[], parent_id=null, child_ids={IndirectList: not instantiated}, type_select=1], infos={id=Stamping2, name=Stamping2, ean13=false}], DASGeneric [code=userok, name=userok, workstation_id=null, image=null, page=0, position=0, qty_max=0, qty_min=0, das_code_dependency=null, dataModel=DASDataModel [id=72, name=groups, source=das_generic, ctrl=null, type=D, fct_name=null, type_fct=1, qty_max=-1, qty_min=-1, acquisition_methods=[], parent_id=null, child_ids={IndirectList: not instantiated}, type_select=1], infos={id=userok, name=userok}]], _sequenceEnCours={_value=  
        , _sequence=10, _name=pointage_scenario2, _childs={2={_sequence=2, _name=ack, _childs={}}, 1={_value=
             , _sequence=1, _name=perso, _childs={1={_value=Sélectionnez la personne concernée, _sequence=1, _name=instruction, _childs={}}}}}, DISABLE=('Stamping1',!in,_groups)}}
DASController: ********functional_context : {_function={_value=
             , _sequence=1, _name=perso, _childs={1={_value=Sélectionnez la personne concernée, _sequence=1, _name=instruction, _childs={}}}}}
DASController: ********LoopType : null
DASController: ========================================================================================
DASController: UPDATING MODEL
DASPanel: ========================
DASPanel: ===  Screen Blocked  ===
DASPanel: ========================
DASController: AUTHORIZE DISPLAY
DASPanel: CONTAINS KEY SWITCH
DASPanel: Passage by cleanPanelBeforeDisplay
DASController: generateLastDep
DASPanel: Passage by cleanPanelBeforeDisplay
DASPanel: switchGenericsAll : Panel Num => -1
DASPanel: buildPaneTablerDEP => 0
DASPanel: switchGenericsAll : Panel Num => 1
DASPanel: TAILLE GENERICS : 5
DASPanel:  OGPage
DASPanel: buildPaneTablerGEN => 1
DASPanel:  cleanPanel :: numPanel => 1
DASPanel: genericsButtonsList.sier() => 1
DASPanel: PageEnCours =>0
DASPanel: ========================
DASPanel: === Sreen Unblocked ===
DASPanel: ========================
