MessageReceiver: Sujet = 'WS1_pointage'
MessageReceiver: LISTENER SETTED
MessageReceiver: Connecting receiver to URL: tcp://opendas-jnlp:61616
MessageReceiver: Consuming queue : DAS_CLIENT
MessageSender: Connecting sender to URL: tcp://opendas-jnlp:61616
MessageSender: Using non-persistent messages and queue
DASResponseListener: getResponse search : ServerRequest [attachement=1, fromUrl=DAS_CLIENT, sendUrl=DAS_SERVER, title=getWsConfig_workstationID, sendedDate=Tue Apr 22 18:39:40 CEST 2014, previousRequest=null]
DASResponseListener: Sending message: ServerRequest [attachement=WsConfig [configMaterial=[DASConfigMaterial [code=rj2bis, name=Simu4Bis, port=tcp://172.26.44...
DASResponseListener: response received
DASResponseListener: getResponse search : ServerRequest [attachement=1, fromUrl=DAS_CLIENT, sendUrl=DAS_SERVER, title=getWorkstationWithId, sendedDate=Tue Apr 22 18:39:41 CEST 2014, previousRequest=null]
DASResponseListener: Sending message: ServerRequest [attachement=DASWorkstation [code = 1, name = das test 1, force_pdf = false, config_ids = {IndirectList: n...
DASResponseListener: response received
DASResponseListener: getResponse search : ServerRequest [attachement=1, fromUrl=DAS_CLIENT, sendUrl=DAS_SERVER, title=getFctConfigsWithWsId, sendedDate=Tue Apr 22 18:39:41 CEST 2014, previousRequest=null]
DASResponseListener: Sending message: ServerRequest [attachement=[DASFunctionalConfig [mask=pointage, function_xml=<?xml version="1.0" encoding="UTF-8"?>
<fu...
DASResponseListener: response received
DASResponseListener: Sending message: ServerRequest [attachement=[DASGraphicalConfig [mask=pointage, graphical_xml=<?xml version="1.0" encoding="UTF-8"?>
<pa...
DASResponseListener: getResponse search : ServerRequest [attachement=1, fromUrl=DAS_CLIENT, sendUrl=DAS_SERVER, title=getGraphConfigsWithWsId, sendedDate=Tue Apr 22 18:39:41 CEST 2014, previousRequest=null]
DASResponseListener: response received
DASResponseListener: getResponse search : ServerRequest [attachement=1, fromUrl=DAS_CLIENT, sendUrl=DAS_SERVER, title=getGraphConfigsWithWsId, sendedDate=Tue Apr 22 18:39:42 CEST 2014, previousRequest=null]
DASResponseListener: Sending message: ServerRequest [attachement=[DASGraphicalConfig [mask=pointage, graphical_xml=<?xml version="1.0" encoding="UTF-8"?>
<pa...
DASResponseListener: response received
