[ERREUR] DASLoader: ok WsConfDAS: Fichier de configuration:/home/opendas/workspace/opendas/client/config/das_client.conf
DAS: Chargement du masque
DASPanel: Passage by DASPanel
DASPanel: Passage par chargeGraphParams
DASParserXmlGui: elem:TOP_MODEL_BG_RED value:
DASParserXmlGui: elem:TOP_MODEL_BG_GREEN value:
DASParserXmlGui: elem:TOP_MODEL_BG_BLUE value:
DASParserXmlGui: elem:TOP_MODEL_NBB_LINES value:5
DASParserXmlGui: elem:TOP_MODEL_STYLE_TYPE value:normal
DASParserXmlGui: elem:TOP_BTN1_BG_RED value:
DASParserXmlGui: elem:TOP_BTN1_BG_GREEN value:
DASParserXmlGui: elem:TOP_BTN1_BG_BLUE value:
DASParserXmlGui: elem:TOP_BTN1_BG_GRADIENT value:1
DASParserXmlGui: elem:TOP_BTN1_FONT_NAME value:Arial
DASParserXmlGui: elem:TOP_BTN1_FONT_SIZE value:16
DASParserXmlGui: elem:TOP_BTN1_FONT_STYLE value:PLAIN
DASParserXmlGui: elem:TOP_BTN1_FG_RED value:
DASParserXmlGui: elem:TOP_BTN1_FG_GREEN value:
DASParserXmlGui: elem:TOP_BTN1_FG_BLUE value:
DASParserXmlGui: elem:TOP_BTN1_TEXT_ALIGN value:CENTER
DASParserXmlGui: elem:TOP_BTN2_BG_RED value:
DASParserXmlGui: elem:TOP_BTN2_BG_GREEN value:
DASParserXmlGui: elem:TOP_BTN2_BG_BLUE value:
DASParserXmlGui: elem:TOP_BTN2_BG_GRADIENT value:1
DASParserXmlGui: elem:TOP_BTN2_FONT_NAME value:Arial
DASParserXmlGui: elem:TOP_BTN2_FONT_SIZE value:16
DASParserXmlGui: elem:TOP_BTN2_FONT_STYLE value:PLAIN
DASParserXmlGui: elem:TOP_BTN2_FG_RED value:
DASParserXmlGui: elem:TOP_BTN2_FG_GREEN value:
DASParserXmlGui: elem:TOP_BTN2_FG_BLUE value:
DASParserXmlGui: elem:TOP_BTN2_TEXT_ALIGN value:CENTER
DASParserXmlGui: elem:TOP_BTN3_BG_RED value:
DASParserXmlGui: elem:TOP_BTN3_BG_GREEN value:
DASParserXmlGui: elem:TOP_BTN3_BG_BLUE value:
DASParserXmlGui: elem:TOP_BTN3_BG_GRADIENT value:1
DASParserXmlGui: elem:TOP_BTN3_FONT_NAME value:Arial
DASParserXmlGui: elem:TOP_BTN3_FONT_SIZE value:16
DASParserXmlGui: elem:TOP_BTN3_FONT_STYLE value:PLAIN
DASParserXmlGui: elem:TOP_BTN3_FG_RED value:
DASParserXmlGui: elem:TOP_BTN3_FG_GREEN value:
DASParserXmlGui: elem:TOP_BTN3_FG_BLUE value:
DASParserXmlGui: elem:TOP_BTN3_TEXT_ALIGN value:CENTER
DASParserXmlGui: elem:TOP_BTN4_BG_RED value:
DASParserXmlGui: elem:TOP_BTN4_BG_GREEN value:
DASParserXmlGui: elem:TOP_BTN4_BG_BLUE value:
DASParserXmlGui: elem:TOP_BTN4_BG_GRADIENT value:1
DASParserXmlGui: elem:TOP_BTN4_FONT_NAME value:Arial
DASParserXmlGui: elem:TOP_BTN4_FONT_SIZE value:16
DASParserXmlGui: elem:TOP_BTN4_FONT_STYLE value:PLAIN
DASParserXmlGui: elem:TOP_BTN4_FG_RED value:
DASParserXmlGui: elem:TOP_BTN4_FG_GREEN value:
DASParserXmlGui: elem:TOP_BTN4_FG_BLUE value:
DASParserXmlGui: elem:TOP_BTN4_TEXT_ALIGN value:CENTER
DASParserXmlGui: elem:TOP_BTN5_BG_RED value:
DASParserXmlGui: elem:TOP_BTN5MessageSender: Messages time to live 300 ms
DASResponseListener: getResponse search : ServerRequest [attachement=null, fromUrl=DAS_CLIENT, sendUrl=DAS_SERVER, title=getListTemplateReport, sendedDate=Wed Jul 09 15:03:45 CEST 2014, previousRequest=null]
DASResponseListener: Sending message: ServerRequest [attachement=[DASDataModel [id=1, name=report5, template=<?xml version="1.0" encoding="UTF-8"?>
<jasperRe...
DASResponseListener: response received
MessageSender: Messages time to live 300 ms
DASResponseListener: Sending message: ServerRequest [attachement=[], fromUrl=DAS_SERVER, sendUrl=DAS_CLIENT, title=null, sendedDate=Wed Jul 09 15:03:45 CEST 2...
DASResponseListener: response received
DASResponseListener: getResponse search : ServerRequest [attachement=null, fromUrl=DAS_CLIENT, sendUrl=DAS_SERVER, title=getListTemplateSupervision, sendedDate=Wed Jul 09 15:03:45 CEST 2014, previousRequest=null]
MessageSender: Messages time to live 300 ms
DASResponseListener: getResponse search : ServerRequest [attachement=null, fromUrl=DAS_CLIENT, sendUrl=DAS_SERVER, title=getListEan128, sendedDate=Wed Jul 09 15:03:45 CEST 2014, previousRequest=null]
DASResponseListener: Sending message: ServerRequest [attachement=[], fromUrl=DAS_SERVER, sendUrl=DAS_CLIENT, title=null, sendedDate=Wed Jul 09 15:03:45 CEST 2...
DASResponseListener: response received
MessageSender: Messages time to live 300 ms
DASResponseListener: getResponse search : ServerRequest [attachement=1, fromUrl=DAS_CLIENT, sendUrl=DAS_SERVER, title=getFctConfigsWithWsId, sendedDate=Wed Jul 09 15:03:45 CEST 2014, previousRequest=null]
DASResponseListener: Sending message: ServerRequest [attachement=[DASFunctionalConfig [mask=pointage, function_xml=<?xml version="1.0" encoding="UTF-8"?>
<fu...
DASResponseListener: response received
i: elem:MID_BUTTONS_FG_GREEN value:
DASParserXmlGui: elem:MID_BUTTONS_FG_BLUE value:
DASParserXmlGui: elem:MID_INACTIVE-BUTTONS_BG_RED value:
DASParserXmlGui: elem:MID_INACTIVE-BUTTONS_BG_GREEN value:
DASParserXmlGui: elem:MID_INACTIVE-BUTTONS_BG_BLUE value:
DASParserXmlGui: elem:MID_NEXT_BG_RED value:
DASParserXmlGui: elem:MID_NEXT_BG_GREEN value:
DASParserXmlGui: elem:MID_NEXT_BG_BLUE value:
DASParserXmlGui: elem:MID_NEXT_BG_GRADIENT value:1
DASParserXmlGui: elem:MID_NEXT_FONT_NAME value:
DASParserXmlGui: elem:MID_NEXT_FONT_SIZE value:
DASParserXmlGui: elem:MID_NEXT_FONT_STYLE value:
DASParserXmlGui: elem:MID_NEXT_FG_RED value:
DASParserXmlGui: elem:MID_NEXT_FG_GREEN value:
DASParserXmlGui: elem:MID_NEXT_FG_BLUE value:
DASParserXmlGui: elem:BOTTOM_MODEL_BG_RED value:
DASParserXmlGui: elem:BOTTOM_MODEL_BG_GREEN value:
DASParserXmlGui: elem:BOTTOM_MODEL_BG_BLUE value:
DASParserXmlGui: elem:BOTTOM_MODEL_NBB_LINES value:3
DASParserXmlGui: elem:BOTTOM_BUTTONS_BG_RED value:
DASParserXmlGui: elem:BOTTOM_BUTTONS_BG_GREEN value:
DASParserXmlGui: elem:BOTTOM_BUTTONS_BG_BLUE value:
DASParserXmlGui: elem:BOTTOM_BUTTONS_BG_GRADIENT value:1
DASParserXmlGui: elem:BOTTOM_BUTTONS_FONT_NAME value:
DASParserXmlGui: elem:BOTTOM_BUTTONS_FONT_SIZE value:
DASParserXmlGui: elem:BOTTOM_BUTTONS_FONT_STYLE value:
DASParserXmlGui: elem:BOTTOM_BUTTONS_FG_RED value:
DASParserXmlGui: elem:BOTTOM_BUTTONS_FG_GREEN value:
DASParserXmlGui: elem:BOTTOM_BUTTONS_FG_BLUE value:
DASParserXmlGui: elem:BOTTOM_INACTIVE-BUTTONS_BG_RED value:
DASParserXmlGui: elem:BOTTOM_INACTIVE-BUTTONS_BG_GREEN value:
DASParserXmlGui: elem:BOTTOM_INACTIVE-BUTTONS_BG_BLUE value:
DASParserXmlGui: elem:BOTTOM_NEXT_BG_RED value:
DASParserXmlGui: elem:BOTTOM_NEXT_BG_GREEN value:
DASParserXmlGui: elem:BOTTOM_NEXT_BG_BLUE value:
DASParserXmlGui: elem:BOTTOM_NEXT_BG_GRADIENT value:1
DASParserXmlGui: elem:BOTTOM_NEXT_FONT_NAME value:
DASParserXmlGui: elem:BOTTOM_NEXT_FONT_SIZE value:
DASParserXmlGui: elem:BOTTOM_NEXT_FONT_STYLE value:
DASParserXmlGui: elem:BOTTOM_NEXT_FG_RED value:
DASParserXmlGui: elem:BOTTOM_NEXT_FG_GREEN value:
DASParserXmlGui: elem:BOTTOM_NEXT_FG_BLUE value:
DASParserXmlGui: elem:BOTTOM_FIELDS_BG_RED value:
DASParserXmlGui: elem:BOTTOM_FIELDS_BG_GREEN value:
DASParserXmlGui: elem:BOTTOM_FIELDS_BG_BLUE value:
DASParserXmlGui: elem:BOTTOM_FIELDS_FONT_NAME value:Arial
DASParserXmlGui: elem:BOTTOM_FIELDS_FONT_SIZE value:16
DASParserXmlGui: elem:BOTTOM_FIELDS_FONT_STYLE value:PLAIN
DASParserXmlGui: elem:BOTTOM_FIELDS_FG_RED value:
DASParserXmlGui: elem:BOTTOM_FIELDS_FG_GREEN value:
DASParserXmlGui: elem:BOTTOM_FIELDS_FG_BLUE value:
DASParserXmlGui: elem:BOTTOM_FIELDS_TEXT_ALIGN value:LEFT
DASParserXmlGui: elem:TOP_MODEL_BG_RED value:
DASParserXmlGui: elem:TOP_MODEL_BG_GREEN value:
DASParserXmlGui: elem:TOP_MODEL_BG_BLUE value:
DASParserXmlGui: elem:TOP_MODEL_NBB_LINES value:5
DASParserXmlGui: elem:TOP_MODEL_STYLE_TYPE value:normal
DASParserXmlGui: elem:TOP_BTN1_BG_RED value:
DASParserXmlGui: elem:TOP_BTN1_BG_GREEN value:
DASParserXmlGui: elem:TOP_BTN1_BG_BLUE value:
DASParserXmlGui: elem:TOP_BTN1_BG_GRADIENT value:1
DASParserXmlGui: elem:TOP_BTN1_FONT_NAME value:Arial
DASParserXmlGui: elem:TOP_BTN1_FONT_SIZE value:16
DASParserXmlGui: elem:TOP_BTN1_FONT_STYLE value:PLAIN
DASParserXmlGui: elem:TOP_BTN1_FG_RED value:
DASParserXmlGui: elem:TOP_BTN1_FG_GREEN value:
DASParserXmlGui: elem:TOP_BTN1_FG_BLUE value:
DASParserXmlGui: elem:TOP_BTN1_TEXT_ALIGN value:CENTER
DASParserXmlGui: elem:TOP_BTN2_BG_RED value:
DASParserXmlGui: elem:TOP_BTN2_BG_GREEN value:
DASParserXmlGui: elem:TOP_BTN2_BG_BLUE value:
DASParserXmlGui: elem:TOP_BTN2_BG_GRADIENT value:1
DASParserXmlGui: elem:TOP_BTN2_FONT_NAME value:Arial
DASParserXmlGui: elem:TOP_BTN2_FONT_SIZE value:16
DASParserXmlGui: elem:TOP_BTN2_FONT_STYLE value:PLAIN
DASParserXmlGui: elem:TOP_BTN2_FG_RED value:
DASParserXmlGui: elem:TOP_BTN2_FG_GREEN value:
DASParserXmlGui: elem:TOP_BTN2_FG_BLUE value:
DASParserXmlGui: elem:TOP_BTN2_TEXT_ALIGN value:CENTER
DASParserXmlGui: elem:TOP_BTN3_BG_RED value:
DASParserXmlGui: elem:TOP_BTN3_BG_GREEN value:
DASParserXmlGui: elem:TOP_BTN3_BG_BLUE value:
DASParserXmlGui: elem:TOP_BTN3_BG_GRADIENT value:1
DASParserXmlGui: elem:TOP_BTN3_FONT_NAME value:Arial
DASParserXmlGui: elem:TOP_BTN3_FONT_SIZE value:16
DASParserXmlGui: elem:TOP_BTN3_FONT_STYLE value:PLAIN
DASParserXmlGui: elem:TOP_BTN3_FG_RED value:
DASParserXmlGui: elem:TOP_BTN3_FG_GREEN value:
DASParserXmlGui: elem:TOP_BTN3_FG_BLUE value:
DASParserXmlGui: elem:TOP_BTN3_TEXT_ALIGN value:CENTER
DASParserXmlGui: elem:TOP_BTN4_BG_RED value:
DASParserXmlGui: elem:TOP_BTN4_BG_GREEN value:
DASParserXmlGui: elem:TOP_BTN4_BG_BLUE value:
DASParserXmlGui: elem:TOP_BTN4_BG_GRADIENT value:1
DASParserXmlGui: elem:TOP_BTN4_FONT_NAME value:Arial
DASParserXmlGui: elem:TOP_BTN4_FONT_SIZE value:16
DASParserXmlGui: elem:TOP_BTN4_FONT_STYLE value:PLAIN
DASParserXmlGui: elem:TOP_BTN4_FG_RED value:
DASParserXmlGui: elem:TOP_BTN4_FG_GREEN value:
DASParserXmlGui: elem:TOP_BTN4_FG_BLUE value:
DASParserXmlGui: elem:TOP_BTN4_TEXT_ALIGN value:CENTER
DASParserXmlGui: elem:TOP_BTN5_BG_RED value:
DASParserXmlGui: elem:TOP_BTN5_BG_GREEN value:
DASParserXmlGui: elem:TOP_BTN5_BG_BLUE value:
DASParserXmlGui: elem:TOP_BTN5_BG_GRADIENT value:1
DASParserXmlGui: elem:TOP_BTN5_FONT_NAME value:Arial
DASParserXmlGui: elem:TOP_BTN5_FONT_SIZE value:16
DASParserXmlGui: elem:TOP_BTN5_FONT_STYLE value:PLAIN
DASParserXmlGui: elem:TOP_BTN5_FG_RED value:
DASParserXmlGui: elem:TOP_BTN5_FG_GREEN value:
DASParserXmlGui: elem:TOP_BTN5_FG_BLUE value:
DASParserXmlGui: elem:TOP_BTN5_TEXT_ALIGN value:CENTER
DASParserXmlGui: elem:TOP_FIELDS_BG_RED value:
DASParserXmlGui: elem:TOP_FIELDS_BG_GREEN value:
DASParserXmlGui: elem:TOP_FIELDS_BG_BLUE value:
DASParserXmlGui: elem:TOP_FIELDS_FONT_NAME value:Arial
DASParserXmlGui: elem:TOP_FIELDS_FONT_SIZE value:16
DASParserXmlGui: elem:TOP_FIELDS_FONT_STYLE value:PLAIN
DASParserXmlGui: elem:TOP_FIELDS_FG_RED value:
DASParserXmlGui: elem:TOP_FIELDS_FG_GREEN value:
DASParserXmlGui: elem:TOP_FIELDS_FG_BLUE value:
DASParserXmlGui: elem:TOP_FIELDS_FG-ERROR_RED value:255
DASParserXmlGui: elem:TOP_FIELDS_FG-ERROR_GREEN value:0
DASParserXmlGui: elem:TOP_FIELDS_FG-ERROR_BLUE value:0
DASParserXmlGui: elem:TOP_FIELDS_TEXT_ALIGN value:LEFT
DASParserXmlGui: elem:MID_MODEL_BG_RED value:
DASParserXmlGui: elem:MID_MODEL_BG_GREEN value:
DASParserXmlGui: elem:MID_MODEL_BG_BLUE value:
DASParserXmlGui: elem:MID_MODEL_NBB_COLS value:7
DASParserXmlGui: elem:MID_MODEL_NBB_LINES value:5
DASParserXmlGui: elem:MID_BUTTONS_BG_RED value:
DASParserXmlGui: elem:MID_BUTTONS_BG_GREEN value:
DASParserXmlGui: elem:MID_BUTTONS_BG_BLUE value:
DASParserXmlGui: elem:MID_BUTTONS_BG_GRADIENT value:1
DASParserXmlGui: elem:MID_BUTTONS_FONT_NAME value:Arial
DASParserXmlGui: elem:MID_BUTTONS_FONT_SIZE value:12
DASParserXmlGui: elem:MID_BUTTONS_FONT_STYLE value:PLAIN
DASParserXmlGui: elem:MID_BUTTONS_FG_RED value:
DASParserXmlGui: elem:MID_BUTTONS_FG_GREEN value:
DASParserXmlGui: elem:MID_BUTTONS_FG_BLUE value:
DASParserXmlGui: elem:MID_INACTIVE-BUTTONS_BG_RED value:
DASParserXmlGui: elem:MID_INACTIVE-BUTTONS_BG_GREEN value:
DASParserXmlGui: elem:MID_INACTIVE-BUTTONS_BG_BLUE value:
DASParserXmlGui: elem:MID_NEXT_BG_RED value:
DASParserXmlGui: elem:MID_NEXT_BG_GREEN value:
DASParserXmlGui: elem:MID_NEXT_BG_BLUE value:
DASParserXmlGui: elem:MID_NEXT_BG_GRADIENT value:1
DASParserXmlGui: elem:MID_NEXT_FONT_NAME value:
DASParserXmlGui: elem:MID_NEXT_FONT_SIZE value:
DASParserXmlGui: elem:MID_NEXT_FONT_STYLE value:
DASParserXmlGui: elem:MID_NEXT_FG_RED value:
DASParserXmlGui: elem:MID_NEXT_FG_GREEN value:
DASParserXmlGui: elem:MID_NEXT_FG_BLUE value:
DASParserXmlGui: elem:BOTTOM_MODEL_BG_RED value:
DASParserXmlGui: elem:BOTTOM_MODEL_BG_GREEN value:
DASParserXmlGui: elem:BOTTOM_MODEL_BG_BLUE value:
DASParserXmlGui: elem:BOTTOM_MODEL_NBB_LINES value:3
DASParserXmlGui: elem:BOTTOM_BUTTONS_BG_RED value:
DASParserXmlGui: elem:BOTTOM_BUTTONS_BG_GREEN value:
DASParserXmlGui: elem:BOTTOM_BUTTONS_BG_BLUE value:
DASParserXmlGui: elem:BOTTOM_BUTTONS_BG_GRADIENT value:1
DASParserXmlGui: elem:BOTTOM_BUTTONS_FONT_NAME value:
DASParserXmlGui: elem:BOTTOM_BUTTONS_FONT_SIZE value:
DASParserXmlGui: elem:BOTTOM_BUTTONS_FONT_STYLE value:
DASParserXmlGui: elem:BOTTOM_BUTTONS_FG_RED value:
DASParserXmlGui: elem:BOTTOM_BUTTONS_FG_GREEN value:
DASParserXmlGui: elem:BOTTOM_BUTTONS_FG_BLUE value:
DASParserXmlGui: elem:BOTTOM_INACTIVE-BUTTONS_BG_RED value:
DASParserXmlGui: elem:BOTTOM_INACTIVE-BUTTONS_BG_GREEN value:
DASParserXmlGui: elem:BOTTOM_INACTIVE-BUTTONS_BG_BLUE value:
DASParserXmlGui: elem:BOTTOM_NEXT_BG_RED value:
DASParserXmlGui: elem:BOTTOM_NEXT_BG_GREEN value:
DASParserXmlGui: elem:BOTTOM_NEXT_BG_BLUE value:
DASParserXmlGui: elem:BOTTOM_NEXT_BG_GRADIENT value:1
DASParserXmlGui: elem:BOTTOM_NEXT_FONT_NAME value:
DASParserXmlGui: elem:BOTTOM_NEXT_FONT_SIZE value:
DASParserXmlGui: elem:BOTTOM_NEXT_FONT_STYLE value:
DASParserXmlGui: elem:BOTTOM_NEXT_FG_RED value:
DASParserXmlGui: elem:BOTTOM_NEXT_FG_GREEN value:
DASParserXmlGui: elem:BOTTOM_NEXT_FG_BLUE value:
DASParserXmlGui: elem:BOTTOM_FIELDS_BG_RED value:
DASParserXmlGui: elem:BOTTOM_FIELDS_BG_GREEN value:
DASParserXmlGui: elem:BOTTOM_FIELDS_BG_BLUE value:
DASParserXmlGui: elem:BOTTOM_FIELDS_FONT_NAME value:Arial
DASParserXmlGui: elem:BOTTOM_FIELDS_FONT_SIZE value:16
DASParserXmlGui: elem:BOTTOM_FIELDS_FONT_STYLE value:PLAIN
DASParserXmlGui: elem:BOTTOM_FIELDS_FG_RED value:
DASParserXmlGui: elem:BOTTOM_FIELDS_FG_GREEN value:
DASParserXmlGui: elem:BOTTOM_FIELDS_FG_BLUE value:
DASParserXmlGui: elem:BOTTOM_FIELDS_TEXT_ALIGN value:LEFT
DASPanel: {BOTTOM_NEXT_BG_GRADIENT=1, MID_BUTTONS_FONT_STYLE=PLAIN, MID_NEXT_BG_BLUE=, BOTTOM_FIELDS_FONT_NAME=Arial, TOP_BTN1_BG_RED=, TOP_MODEL_NBB_LINES=5, MID_BUTTONS_FONT_SIZE=12, BOTTOM_FIELDS_BG_RED=, TOP_BTN1_FONT_NAME=Arial, TOP_BTN4_BG_GRADIENT=1, TOP_BTN1_BG_GRADIENT=1, TOP_BTN3_BG_GRADIENT=1, BOTTOM_INACTIVE-BUTTONS_BG_RED=, TOP_BTN1_TEXT_ALIGN=CENTER, BOTTOM_NEXT_FONT_SIZE=, TOP_BTN4_TEXT_ALIGN=CENTER, TOP_BTN4_FG_RED=, TOP_BTN5_BG_BLUE=, TOP_BTN1_FG_RED=, TOP_FIELDS_FONT_NAME=Arial, TOP_FIELDS_BG_GREEN=, TOP_BTN5_FG_GREEN=, MID_INACTIVE-BUTTONS_BG_RED=, BOTTOM_FIELDS_BG_GREEN=, TOP_BTN5_BG_RED=, MID_MODEL_BG_RED=, TOP_BTN3_FONT_NAME=Arial, TOP_BTN2_BG_GREEN=, BOTTOM_FIELDS_FG_RED=, BOTTOM_MODEL_BG_GREEN=, TOP_BTN3_BG_RED=, BOTTOM_NEXT_BG_BLUE=, TOP_BTN1_BG_GREEN=, MID_BUTTONS_FONT_NAME=Arial, BOTTOM_MODEL_BG_BLUE=, TOP_BTN4_FONT_STYLE=PLAIN, BOTTOM_NEXT_BG_GREEN=, TOP_BTN3_FONT_STYLE=PLAIN, TOP_MODEL_BG_BLUE=, TOP_FIELDS_FG_RED=, BOTTOM_BUTTONS_BG_GREEN=, BOTTOM_BUTTONS_BG_GRADIENT=1, BOTTOM_BUTTONS_FONT_NAME=, BOTTOM_NEXT_FONT_NAME=, TOP_FIELDS_TEXT_ALIGN=LEFT, MID_BUTTONS_BG_GRADIENT=1, TOP_FIELDS_FG-ERROR_GREEN=0, BOTTOM_NEXT_FG_BLUE=, MID_NEXT_FG_GREEN=, MID_BUTTONS_FG_RED=, MID_NEXT_FONT_STYLE=, BOTTOM_NEXT_FG_GREEN=, BOTTOM_BUTTONS_FG_RED=, TOP_BTN2_TEXT_ALIGN=CENTER, BOTTOM_BUTTONS_FONT_STYLE=, TOP_BTN2_FONT_SIZE=16, MID_BUTTONS_FG_BLUE=, TOP_BTN1_FONT_STYLE=PLAIN, TOP_FIELDS_FONT_SIZE=16, MID_BUTTONS_BG_BLUE=, TOP_BTN5_BG_GREEN=, BOTTOM_INACTIVE-BUTTONS_BG_BLUE=, BOTTOM_BUTTONS_FONT_SIZE=, TOP_BTN4_FONT_SIZE=16, TOP_BTN1_FONT_SIZE=16, BOTTOM_FIELDS_BG_BLUE=, TOP_BTN2_FONT_STYLE=PLAIN, TOP_BTN2_FONT_NAME=Arial, MID_MODEL_BG_BLUE=, BOTTOM_MODEL_NBB_LINES=3, TOP_BTN3_FG_RED=, TOP_BTN3_BG_BLUE=, TOP_FIELDS_FONT_STYLE=PLAIN, BOTTOM_FIELDS_FG_GREEN=, BOTTOM_BUTTONS_BG_RED=, MID_INACTIVE-BUTTONS_BG_BLUE=, MID_MODEL_BG_GREEN=, TOP_BTN1_FG_GREEN=, TOP_FIELDS_FG-ERROR_RED=255, MID_BUTTONS_FG_GREEN=, BOTTOM_NEXT_FONT_STYLE=, TOP_BTN4_BG_RED=, TOP_BTN5_FG_RED=, BOTTOM_INACTIVE-BUTTONS_BG_GREEN=, TOP_BTN2_FG_GREEN=, BOTTOM_NEXT_FG_RED=, TOP_BTN1_BG_BLUE=, MID_MODEL_NBB_COLS=7, MID_NEXT_FG_BLUE=, TOP_BTN3_FG_GREEN=, BOTTOM_MODEL_BG_RED=, BOTTOM_FIELDS_FG_BLUE=, TOP_FIELDS_FG_GREEN=, TOP_BTN4_FONT_NAME=Arial, MID_NEXT_FG_RED=, MID_MODEL_NBB_LINES=5, TOP_FIELDS_FG-ERROR_BLUE=0, MID_INACTIVE-BUTTONS_BG_GREEN=, TOP_BTN2_BG_GRADIENT=1, TOP_BTN2_FG_RED=, TOP_MODEL_BG_RED=, TOP_BTN4_FG_GREEN=, TOP_BTN5_BG_GRADIENT=1, TOP_BTN5_TEXT_ALIGN=CENTER, MID_BUTTONS_BG_GREEN=, TOP_BTN2_FG_BLUE=, TOP_BTN3_FG_BLUE=, TOP_FIELDS_BG_BLUE=, BOTTOM_FIELDS_FONT_SIZE=16, TOP_BTN5_FONT_SIZE=16, TOP_BTN5_FONT_NAME=Arial, BOTTOM_FIELDS_FONT_STYLE=PLAIN, TOP_BTN5_FG_BLUE=, TOP_FIELDS_BG_RED=, TOP_FIELDS_FG_BLUE=, TOP_BTN2_BG_RED=, MID_NEXT_FONT_NAME=, MID_BUTTONS_BG_RED=, TOP_BTN4_FG_BLUE=, TOP_BTN3_TEXT_ALIGN=CENTER, TOP_MODEL_STYLE_TYPE=normal, TOP_BTN3_FONT_SIZE=16, TOP_BTN3_BG_GREEN=, BOTTOM_BUTTONS_FG_BLUE=, BOTTOM_NEXT_BG_RED=, TOP_BTN5_FONT_STYLE=PLAIN, BOTTOM_BUTTONS_FG_GREEN=, BOTTOM_BUTTONS_BG_BLUE=, MID_NEXT_BG_GREEN=, BOTTOM_FIELDS_TEXT_ALIGN=LEFT, MID_NEXT_BG_GRADIENT=1, TOP_BTN4_BG_GREEN=, TOP_BTN1_FG_BLUE=, TOP_BTN2_BG_BLUE=, MID_NEXT_BG_RED=, TOP_MODEL_BG_GREEN=, TOP_BTN4_BG_BLUE=, MID_NEXT_FONT_SIZE=}
DASPanel: Conversion of key by default : 
DASPanel: Menu style : normal
DASPanel: DIMENSION_FRAME size by default : null
DASPanel: max size button on the top line by default : java.awt.Dimension[width=125,height=50]
DASPanel: max size button on the middle line by default : java.awt.Dimension[width=125,height=50]
DASPanel: max size button on the bottom line by default : java.awt.Dimension[width=125,height=50]
DASPanel: max size indicator : java.awt.Dimension[width=500,height=30]
DASPanel: max number button on the top line : 5
DASPanel: max number button on the bottom line by default : 10
DASPanel: max number button on the top line : 3
DASPanel: max number button on the central screen line by default : 5
DASPanel: max number button on the central screen col: 7
DASPanel: indicator background color by default : java.awt.Color[r=238,g=238,b=238]
DASPanel: indicator writing color by default : java.awt.Color[r=238,g=238,b=238]
DASPanel: background screen of the central screen by default : java.awt.Color[r=238,g=238,b=238]
DASGuiParams: prefix : TOP_BUTTONS===============
DASGuiParams:  name: style:0 size:0
DASPanel: Buttons font of the top screen by default : java.awt.Font[family=Dialog,name=Times New Roman,style=bold,size=18]
DASGuiParams: prefix : MID_BUTTONS===============
DASGuiParams:  name:Arial style:0 size:12
DASPanel: Buttons font of the central screen by default :java.awt.Font[family=Dialog,name=Arial,style=bold,size=18]
DASPanel: Buttons background color of the central screen by default : java.awt.Color[r=150,g=200,b=255]
DASPanel: Buttons gradient of the central screen1
DASPanel: Buttons font color of the central screen by default : java.awt.Color[r=0,g=0,b=0]
DASPanel: Inactives buttons background color of the central screen by defaultjava.awt.Color[r=238,g=238,b=238]
DASPanel: Buttons text alignment of the central screen of the central screen by default: 0
DASPanel: Background color of the bottom screen by default: java.awt.Color[r=238,g=238,b=238]
DASPanel: Buttons background color of the bottom screen by default : java.awt.Color[r=150,g=200,b=255]
DASPanel: Fields background color of the bottom screen by default: java.awt.Color[r=238,g=238,b=238]
DASPanel: Inactive buttons background color of the bottom screen by default : java.awt.Color[r=238,g=238,b=238]
DASPanel: Buttons gradation of the bottom screen : 1
DASGuiParams: prefix : BOTTOM_BUTTONS===============
DASPanel: Buttons font of the bottom screen by default : java.awt.Font[family=Dialog,name=Arial,style=bold,size=18]
DASPanel: TOP_STATE :{BOTTOM_NEXT_BG_GRADIENT=1, MID_BUTTONS_FONT_STYLE=PLAIN, MID_NEXT_BG_BLUE=, BOTTOM_FIELDS_FONT_NAME=Arial, TOP_BTN1_BG_RED=, TOP_MODEL_NBB_LINES=5, MID_BUTTONS_FONT_SIZE=12, BOTTOM_FIELDS_BG_RED=, TOP_BTN1_FONT_NAME=Arial, TOP_BTN4_BG_GRADIENT=1, TOP_BTN1_BG_GRADIENT=1, TOP_BTN3_BG_GRADIENT=1, BOTTOM_INACTIVE-BUTTONS_BG_RED=, TOP_BTN1_TEXT_ALIGN=CENTER, BOTTOM_NEXT_FONT_SIZE=, TOP_BTN4_TEXT_ALIGN=CENTER, TOP_BTN4_FG_RED=, TOP_BTN5_BG_BLUE=, TOP_BTN1_FG_RED=, TOP_FIELDS_FONT_NAME=Arial, TOP_FIELDS_BG_GREEN=, TOP_BTN5_FG_GREEN=, MID_INACTIVE-BUTTONS_BG_RED=, BOTTOM_FIELDS_BG_GREEN=, TOP_BTN5_BG_RED=, MID_MODEL_BG_RED=, TOP_BTN3_FONT_NAME=Arial, TOP_BTN2_BG_GREEN=, BOTTOM_FIELDS_FG_RED=, BOTTOM_MODEL_BG_GREEN=, TOP_BTN3_BG_RED=, BOTTOM_NEXT_BG_BLUE=, TOP_BTN1_BG_GREEN=, MID_BUTTONS_FONT_NAME=Arial, BOTTOM_MODEL_BG_BLUE=, TOP_BTN4_FONT_STYLE=PLAIN, BOTTOM_NEXT_BG_GREEN=, TOP_BTN3_FONT_STYLE=PLAIN, TOP_MODEL_BG_BLUE=, TOP_FIELDS_FG_RED=, BOTTOM_BUTTONS_BG_GREEN=, BOTTOM_BUTTONS_BG_GRADIENT=1, BOTTOM_BUTTONS_FONT_NAME=, BOTTOM_NEXT_FONT_NAME=, TOP_FIELDS_TEXT_ALIGN=LEFT, MID_BUTTONS_BG_GRADIENT=1, TOP_FIELDS_FG-ERROR_GREEN=0, BOTTOM_NEXT_FG_BLUE=, MID_NEXT_FG_GREEN=, MID_BUTTONS_FG_RED=, MID_NEXT_FONT_STYLE=, BOTTOM_NEXT_FG_GREEN=, BOTTOM_BUTTONS_FG_RED=, TOP_BTN2_TEXT_ALIGN=CENTER, BOTTOM_BUTTONS_FONT_STYLE=, TOP_BTN2_FONT_SIZE=16, MID_BUTTONS_FG_BLUE=, TOP_BTN1_FONT_STYLE=PLAIN, TOP_FIELDS_FONT_SIZE=16, MID_BUTTONS_BG_BLUE=, TOP_BTN5_BG_GREEN=, BOTTOM_INACTIVE-BUTTONS_BG_BLUE=, BOTTOM_BUTTONS_FONT_SIZE=, TOP_BTN4_FONT_SIZE=16, TOP_BTN1_FONT_SIZE=16, BOTTOM_FIELDS_BG_BLUE=, TOP_BTN2_FONT_STYLE=PLAIN, TOP_BTN2_FONT_NAME=Arial, MID_MODEL_BG_BLUE=, BOTTOM_MODEL_NBB_LINES=3, TOP_BTN3_FG_RED=, TOP_BTN3_BG_BLUE=, TOP_FIELDS_FONT_STYLE=PLAIN, BOTTOM_FIELDS_FG_GREEN=, BOTTOM_BUTTONS_BG_RED=, MID_INACTIVE-BUTTONS_BG_BLUE=, MID_MODEL_BG_GREEN=, TOP_BTN1_FG_GREEN=, TOP_FIELDS_FG-ERROR_RED=255, MID_BUTTONS_FG_GREEN=, BOTTOM_NEXT_FONT_STYLE=, TOP_BTN4_BG_RED=, TOP_BTN5_FG_RED=, BOTTOM_INACTIVE-BUTTONS_BG_GREEN=, TOP_BTN2_FG_GREEN=, BOTTOM_NEXT_FG_RED=, TOP_BTN1_BG_BLUE=, MID_MODEL_NBB_COLS=7, MID_NEXT_FG_BLUE=, TOP_BTN3_FG_GREEN=, BOTTOM_MODEL_BG_RED=, BOTTOM_FIELDS_FG_BLUE=, TOP_FIELDS_FG_GREEN=, TOP_BTN4_FONT_NAME=Arial, MID_NEXT_FG_RED=, MID_MODEL_NBB_LINES=5, TOP_FIELDS_FG-ERROR_BLUE=0, MID_INACTIVE-BUTTONS_BG_GREEN=, TOP_BTN2_BG_GRADIENT=1, TOP_BTN2_FG_RED=, TOP_MODEL_BG_RED=, TOP_BTN4_FG_GREEN=, TOP_BTN5_BG_GRADIENT=1, TOP_BTN5_TEXT_ALIGN=CENTER, MID_BUTTONS_BG_GREEN=, TOP_BTN2_FG_BLUE=, TOP_BTN3_FG_BLUE=, TOP_FIELDS_BG_BLUE=, BOTTOM_FIELDS_FONT_SIZE=16, TOP_BTN5_FONT_SIZE=16, TOP_BTN5_FONT_NAME=Arial, BOTTOM_FIELDS_FONT_STYLE=PLAIN, TOP_BTN5_FG_BLUE=, TOP_FIELDS_BG_RED=, TOP_FIELDS_FG_BLUE=, TOP_BTN2_BG_RED=, MID_NEXT_FONT_NAME=, MID_BUTTONS_BG_RED=, TOP_BTN4_FG_BLUE=, TOP_BTN3_TEXT_ALIGN=CENTER, TOP_MODEL_STYLE_TYPE=normal, TOP_BTN3_FONT_SIZE=16, TOP_BTN3_BG_GREEN=, BOTTOM_BUTTONS_FG_BLUE=, BOTTOM_NEXT_BG_RED=, TOP_BTN5_FONT_STYLE=PLAIN, BOTTOM_BUTTONS_FG_GREEN=, BOTTOM_BUTTONS_BG_BLUE=, MID_NEXT_BG_GREEN=, BOTTOM_FIELDS_TEXT_ALIGN=LEFT, MID_NEXT_BG_GRADIENT=1, TOP_BTN4_BG_GREEN=, TOP_BTN1_FG_BLUE=, TOP_BTN2_BG_BLUE=, MID_NEXT_BG_RED=, TOP_MODEL_BG_GREEN=, TOP_BTN4_BG_BLUE=, MID_NEXT_FONT_SIZE=}
DASGuiParams: prefix : TOP_STATE===============
DASGuiParams:  name: style:0 size:0
DASPanel: Indicator font by default : java.awt.Font[family=Dialog,name=Arial,style=bold,size=18]
DASPanel: Buttons writing color of the bottom screen by default : java.awt.Color[r=0,g=0,b=0]
DASPanel: Fields writing color of the bottom screen by default : java.awt.Color[r=0,g=0,b=0]
DASGuiParams: prefix : BOTTOM_NEXT===============
DASPanel: Navigation buttons font by default : java.awt.Font[family=Dialog,name=Arial,style=bold,size=28]
DASPanel: Navigation buttons background color by default : java.awt.Color[r=255,g=200,b=100]
DASPanel: Navigation buttons gradation : 1
DASPanel: Navigation button font color by default : java.awt.Color[r=0,g=0,b=0]
DASPanel: Font color of the top screen : java.awt.Color[r=238,g=238,b=238]
DASGuiParams: prefix : TOP_FIELDS===============
DASGuiParams:  name:Arial style:0 size:16
DASPanel: Fields font of the top screen by default : java.awt.Font[family=Dialog,name=Arial,style=bold,size=18]
DASPanel: Fields background color of the top screen by default: java.awt.Color[r=238,g=238,b=238]
DASPanel: Fields font color of the bottom screen by default:java.awt.Color[r=0,g=0,b=0]
DASPanel: Fields font color of the top screen if error : java.awt.Color[r=255,g=0,b=0]
DASPanel: Fields font color of the top screen if ok : java.awt.Color[r=0,g=128,b=0]
DASPanel: Shortcut of button 'Connexion' : 
DASGuiParams: prefix : TOP_BTN1===============
DASGuiParams:  name:Arial style:0 size:16
DASPanel: Button font 'Connexion' by default : java.awt.Font[family=Dialog,name=Times New Roman,style=bold,size=18]
DASPanel: Button writing color 'Connexion' by default: java.awt.Color[r=0,g=0,b=0]
DASPanel: Button color 'Connexion' by default: java.awt.Color[r=150,g=200,b=255]
DASPanel: Button text alignment 'Connexion' : center
DASPanel: Button color'Connexion' when inactive by default : java.awt.Color[r=238,g=238,b=238]
DASPanel: Navigation buttons gradation : 1
DASPanel: <html><div align='center'>Connexion</div> <div align='right'></div></html>
DASPanel: Shortcut of button 'Déconnexion' : 
DASGuiParams: prefix : TOP_BTN2===============
DASGuiParams:  name:Arial style:0 size:16
DASPanel: Button font 'Déconnexion' by default : java.awt.Font[family=Dialog,name=Times New Roman,style=bold,size=18]
DASPanel: Button writing color 'Déconnexion' by default: java.awt.Color[r=0,g=0,b=0]
DASPanel: Button color 'Déconnexion' by default: java.awt.Color[r=150,g=200,b=255]
DASPanel: Button text alignment 'Déconnexion' : center
DASPanel: Button color'Déconnexion' when inactive by default : java.awt.Color[r=238,g=238,b=238]
DASPanel: Navigation buttons gradation : 1
DASPanel: <html><div align='center'>Déconnexion</div></html>
DASPanel: Shortcut of button 'Entrée : scénario2' : 
DASGuiParams: prefix : TOP_BTN3===============
DASGuiParams:  name:Arial style:0 size:16
DASPanel: Button font 'Entrée : scénario2' by default : java.awt.Font[family=Dialog,name=Times New Roman,style=bold,size=18]
DASPanel: Button writing color 'Entrée : scénario2' by default: java.awt.Color[r=0,g=0,b=0]
DASPanel: Button color 'Entrée : scénario2' by default: java.awt.Color[r=150,g=200,b=255]
DASPanel: Button text alignment 'Entrée : scénario2' : center
DASPanel: Button color'Entrée : scénario2' when inactive by default : java.awt.Color[r=238,g=238,b=238]
DASPanel: Navigation buttons gradation : 1
DASPanel: <html><div align='center'>Entrée : scénario2</div></html>
DASPanel: Shortcut of button 'Entrée : scénario3' : 
DASGuiParams: prefix : TOP_BTN4===============
DASGuiParams:  name:Arial style:0 size:16
DASPanel: Button font 'Entrée : scénario3' by default : java.awt.Font[family=Dialog,name=Times New Roman,style=bold,size=18]
DASPanel: Button writing color 'Entrée : scénario3' by default: java.awt.Color[r=0,g=0,b=0]
DASPanel: Button color 'Entrée : scénario3' by default: java.awt.Color[r=150,g=200,b=255]
DASPanel: Button text alignment 'Entrée : scénario3' : center
DASPanel: Button color'Entrée : scénario3' when inactive by default : java.awt.Color[r=238,g=238,b=238]
DASPanel: Navigation buttons gradation : 1
DASPanel: <html><div align='center'>Entrée : scénario3</div></html>
DASPanel: Shortcut of button 'Sortie : scénario2' : 
DASGuiParams: prefix : TOP_BTN5===============
DASGuiParams:  name:Arial style:0 size:16
DASPanel: Button font 'Sortie : scénario2' by default : java.awt.Font[family=Dialog,name=Times New Roman,style=bold,size=18]
DASPanel: Button writing color 'Sortie : scénario2' by default: java.awt.Color[r=0,g=0,b=0]
DASPanel: Button color 'Sortie : scénario2' by default: java.awt.Color[r=150,g=200,b=255]
DASPanel: Button text alignment 'Sortie : scénario2' : center
DASPanel: Button color'Sortie : scénario2' when inactive by default : java.awt.Color[r=238,g=238,b=238]
DASPanel: Navigation buttons gradation : 1
DASPanel: <html><div align='center'>Sortie : scénario2</div></html>
DASPanel: Shortcut of button 'Sortie : scénario3' : 
DASGuiParams: prefix : TOP_BTN6===============
DASGuiParams:  name: style:0 size:0
DASPanel: Button font 'Sortie : scénario3' by default : java.awt.Font[family=Dialog,name=Times New Roman,style=bold,size=18]
DASPanel: Button writing color 'Sortie : scénario3' by default: java.awt.Color[r=0,g=0,b=0]
DASPanel: Button color 'Sortie : scénario3' by default: java.awt.Color[r=150,g=200,b=255]
DASPanel: Button text alignment 'Sortie : scénario3' by default : center
DASPanel: Button color'Sortie : scénario3' when inactive by default : java.awt.Color[r=238,g=238,b=238]
DASPanel: Navigation buttons gradation by default : 1
DASPanel: <html><div align='center'>Sortie : scénario3</div></html>
DASPanel: Shortcut of button 'Pointage : scénario2' : 
DASGuiParams: prefix : TOP_BTN7===============
DASGuiParams:  name: style:0 size:0
DASPanel: Button font 'Pointage : scénario2' by default : java.awt.Font[family=Dialog,name=Times New Roman,style=bold,size=18]
DASPanel: Button writing color 'Pointage : scénario2' by default: java.awt.Color[r=0,g=0,b=0]
DASPanel: Button color 'Pointage : scénario2' by default: java.awt.Color[r=150,g=200,b=255]
DASPanel: Button text alignment 'Pointage : scénario2' by default : center
DASPanel: Button color'Pointage : scénario2' when inactive by default : java.awt.Color[r=238,g=238,b=238]
DASPanel: Navigation buttons gradation by default : 1
DASPanel: <html><div align='center'>Pointage : scénario2</div></html>
DASPanel: Shortcut of button 'Pointage : scénario3' : 
DASGuiParams: prefix : TOP_BTN8===============
DASGuiParams:  name: style:0 size:0
DASPanel: Button font 'Pointage : scénario3' by default : java.awt.Font[family=Dialog,name=Times New Roman,style=bold,size=18]
DASPanel: Button writing color 'Pointage : scénario3' by default: java.awt.Color[r=0,g=0,b=0]
DASPanel: Button color 'Pointage : scénario3' by default: java.awt.Color[r=150,g=200,b=255]
DASPanel: Button text alignment 'Pointage : scénario3' by default : center
DASPanel: Button color'Pointage : scénario3' when inactive by default : java.awt.Color[r=238,g=238,b=238]
DASPanel: Navigation buttons gradation by default : 1
DASPanel: <html><div align='center'>Pointage : scénario3</div></html>
DASController: DASController constructor
DASEquipments: Pass by recupMaterials
DASEquipments: *****PKB*****
DASEquipments: *****das6*****
DASEquipments: *****rj3*****
DASEquipments: *****rj2*****
DASEquipments: *****rj2bis*****
DASEquipments: *****ScannerDC*****
DASEquipments: *****das2*****
DASEquipments: *****rj1*****
DASEquipments: *****rj4*****
DASController: DASController initMaterials()
DASController: [entree, sortie, deconnexion, pointage_scenario2, connexion, sortie_scenario2, entree_scenario3, entree_scenario2, pointage, sortie_scenario3, pointage_scenario3]
DASController: Insert of ScannerDC in listEcouteurR:
DASCOMMaterial: RECEPTION DATA OWNER SUR ScannerDCorg.opendas.equipment.DASCOMMaterial
DASCOMMaterial: port:/dev/ttyUSB0codeReception:PERSOOUT;PERSOIN;PERSO
|

DASController: Insert of ScannerDC in listEcouteurR:
DASCOMMaterial: RECEPTION DATA OWNER SUR ScannerDCorg.opendas.equipment.DASCOMMaterial
DASCOMMaterial: port:/dev/ttyUSB0codeReception:PERSOOUT;PERSOIN;PERSO
|

DASController: functionContext on DASController :null
ComServer: codeReception :PERSOOUT;PERSOIN;PERSO
|

Updater: Port '/dev/ttyUSB0' est déja utilisé par une autre connexion
