DASLoader: TimeOut :=> 15000
DASLoader: ok WsConfig object
DASLoader: WsConfig [configMaterial=[DASConfigMaterial [code=rj2bis, name=Simu4Bis, port=tcp://172.26.44.118:5431, workstation=DASWorkstation [code = 1, name = das test 1, force_pdf = false, config_ids = {IndirectList: not instantiated}], material=DASModelMaterial [, code=4, name=Balance1, modelMaterial=DASModelMaterial [, typeMaterial=DASTypeMaterial [id=33, name=Balances]]], configTypeMaterial=DASConfigTypeMaterial [code=6, name=6, issimple=false, iscumulative=false, speed=null, parity=null, stop_bit=null, databit=null, dialog=[]]], DASConfigMaterial [code=PKB, name=Keyboard1, port=null, workstation=DASWorkstation [code = 1, name = das test 1, force_pdf = false, config_ids = {IndirectList: not instantiated}], material=DASModelMaterial [, code=Keyboard1, name=Keyboard1, modelMaterial=DASModelMaterial [, typeMaterial=DASTypeMaterial [id=49, name=Physical keyboard]]], configTypeMaterial=DASConfigTypeMaterial [code=7, name=7, issimple=true, iscumulative=true, speed=16, parity=0, stop_bit=1, databit=8, dialog=[]]], DASConfigMaterial [code=das6, name=2, port=/dev/ttyUSB0, workstation=DASWorkstation [code = 1, name = das test 1, force_pdf = false, config_ids = {IndirectList: not instantiated}], material=DASModelMaterial [, code=4, name=Balance1, modelMaterial=DASModelMaterial [, typeMaterial=DASTypeMaterial [id=33, name=Balances]]], configTypeMaterial=DASConfigTypeMaterial [code=comr, name=SimucomR, issimple=false, iscumulative=false, speed=9600, parity=0, stop_bit=1, databit=8, dialog=[]]], DASConfigMaterial [code=ScannerDC, name=ScannerDC, port=/dev/ttyUSB0, workstation=DASWorkstation [code = 1, name = das test 1, force_pdf = false, config_ids = {IndirectList: not instantiated}], material=DASModelMaterial [, code=ScannerDC, name=ScannerDC, modelMaterial=DASModelMaterial [, typeMaterial=DASTypeMaterial [id=34, name=Lecteurs id-barres]]], configTypeMaterial=DASConfigTypeMaterial [code=1usb, name=1usb, issimple=false, iscumulative=false, speed=9600, parity=0, stop_bit=1, databit=8, dialog=[]]], DASConfigMaterial [code=das2, name=das2, port=5474, workstation=DASWorkstation [code = 1, name = das test 1, force_pdf = false, config_ids = {IndirectList: not instantiated}], material=DASModelMaterial [, code=3, name=Scanner3, modelMaterial=DASModelMaterial [, typeMaterial=DASTypeMaterial [id=34, name=Lecteurs id-barres]]], configTypeMaterial=DASConfigTypeMaterial [code=2, name=2, issimple=false, iscumulative=false, speed=0, parity=0, stop_bit=0, databit=0, dialog=[]]], DASConfigMaterial [code=rj2, name=Simu2, port=tcp://172.26.44.119:5431, workstation=DASWorkstation [code = 1, name = das test 1, force_pdf = false, config_ids = {IndirectList: not instantiated}], material=DASModelMaterial [, code=4, name=Balance1, modelMaterial=DASModelMaterial [, typeMaterial=DASTypeMaterial [id=33, name=Balances]]], configTypeMaterial=DASConfigTypeMaterial [code=2, name=2, issimple=false, iscumulative=false, speed=0, parity=0, stop_bit=0, databit=0, dialog=[]]], DASConfigMaterial [code=rj1, name=Simu01, port=5430, workstation=DASWorkstation [code = 1, name = das test 1, force_pdf = false, config_ids = {IndirectList: not instantiated}], material=DASModelMaterial [, code=4, name=Balance1, modelMaterial=DASModelMaterial [, typeMaterial=DASTypeMaterial [id=33, name=Balances]]], configTypeMaterial=DASConfigTypeMaterial [code=1, name=0, issimple=true, iscumulative=false, speed=0, parity=0, stop_bit=0, databit=0, dialog=[]]], DASConfigMaterial [code=rj3, name=Simu3, port=tcp://172.26.44.118:5433, workstation=DASWorkstation [code = 1, name = das test 1, force_pdf = false, config_ids = {IndirectList: not instantiated}], material=DASModelMaterial [, code=4, name=Balance1, modelMaterial=DASModelMaterial [, typeMaterial=DASTypeMaterial [id=33, name=Balances]]], configTypeMaterial=DASConfigTypeMaterial [code=5, name=5, issimple=false, iscumulative=false, speed=9600, parity=0, stop_bit=1, databit=8, dialog=[]]], DASConfigMaterial [code=rj4, name=Simu4, port=tcp://172.26.44.118:5434, workstation=DASWorkstation [code = 1, name = das test 1, force_pdf = false, config_ids = {IndirectList: not instantiated}], material=DASModelMaterial [, code=4, name=Balance1, modelMaterial=DASModelMaterial [, typeMaterial=DASTypeMaterial [id=33, name=Balances]]], configTypeMaterial=DASConfigTypeMaterial [code=5, name=5, issimple=false, iscumulative=false, speed=9600, parity=0, stop_bit=1, databit=8, dialog=[]]]]]
DASLoader: ok Workstation object
DASLoader: ok FctConfig
DASLoader: ok GraphConfig
DAS: Démarrage avec le fichier de configuration /home/opendas/workspace/opendas/client/config/das_client.conf
DAS: Chargement du masque
DASPanel: Passage par DASPanel
DASPanel: {BOTTOM_NEXT_BG_GRADIENT=1, MID_BUTTONS_FONT_STYLE=PLAIN, MID_NEXT_BG_BLUE=, BOTTOM_FIELDS_FONT_NAME=Arial, TOP_BTN1_BG_RED=, TOP_MODEL_NBB_LINES=5, MID_BUTTONS_FONT_SIZE=12, BOTTOM_FIELDS_BG_RED=, TOP_BTN1_FONT_NAME=Arial, TOP_BTN4_BG_GRADIENT=1, TOP_BTN1_BG_GRADIENT=1, TOP_BTN3_BG_GRADIENT=1, BOTTOM_INACTIVE-BUTTONS_BG_RED=, TOP_BTN1_TEXT_ALIGN=CENTER, BOTTOM_NEXT_FONT_SIZE=, TOP_BTN4_TEXT_ALIGN=CENTER, TOP_BTN4_FG_RED=, TOP_BTN5_BG_BLUE=, TOP_BTN1_FG_RED=, TOP_FIELDS_FONT_NAME=Arial, TOP_FIELDS_BG_GREEN=, TOP_BTN5_FG_GREEN=, MID_INACTIVE-BUTTONS_BG_RED=, BOTTOM_FIELDS_BG_GREEN=, TOP_BTN5_BG_RED=, MID_MODEL_BG_RED=, TOP_BTN3_FONT_NAME=Arial, TOP_BTN2_BG_GREEN=, BOTTOM_FIELDS_FG_RED=, BOTTOM_MODEL_BG_GREEN=, TOP_BTN3_BG_RED=, BOTTOM_NEXT_BG_BLUE=, TOP_BTN1_BG_GREEN=, MID_BUTTONS_FONT_NAME=Arial, BOTTOM_MODEL_BG_BLUE=, TOP_BTN4_FONT_STYLE=PLAIN, BOTTOM_NEXT_BG_GREEN=, TOP_BTN3_FONT_STYLE=PLAIN, TOP_MODEL_BG_BLUE=255, TOP_FIELDS_FG_RED=, BOTTOM_BUTTONS_BG_GREEN=, BOTTOM_BUTTONS_BG_GRADIENT=1, BOTTOM_BUTTONS_FONT_NAME=, BOTTOM_NEXT_FONT_NAME=, TOP_FIELDS_TEXT_ALIGN=LEFT, MID_BUTTONS_BG_GRADIENT=1, TOP_FIELDS_FG-ERROR_GREEN=0, BOTTOM_NEXT_FG_BLUE=, MID_NEXT_FG_GREEN=, MID_BUTTONS_FG_RED=, MID_NEXT_FONT_STYLE=, BOTTOM_NEXT_FG_GREEN=, BOTTOM_BUTTONS_FG_RED=, TOP_BTN2_TEXT_ALIGN=CENTER, BOTTOM_BUTTONS_FONT_STYLE=, TOP_BTN2_FONT_SIZE=16, MID_BUTTONS_FG_BLUE=, TOP_BTN1_FONT_STYLE=PLAIN, TOP_FIELDS_FONT_SIZE=16, MID_BUTTONS_BG_BLUE=, TOP_BTN5_BG_GREEN=, BOTTOM_INACTIVE-BUTTONS_BG_BLUE=, BOTTOM_BUTTONS_FONT_SIZE=, TOP_BTN4_FONT_SIZE=16, TOP_BTN1_FONT_SIZE=16, BOTTOM_FIELDS_BG_BLUE=, TOP_BTN2_FONT_STYLE=PLAIN, TOP_BTN2_FONT_NAME=Arial, MID_MODEL_BG_BLUE=, BOTTOM_MODEL_NBB_LINES=3, TOP_BTN3_FG_RED=, TOP_BTN3_BG_BLUE=, TOP_FIELDS_FONT_STYLE=PLAIN, BOTTOM_FIELDS_FG_GREEN=, BOTTOM_BUTTONS_BG_RED=, MID_INACTIVE-BUTTONS_BG_BLUE=, MID_MODEL_BG_GREEN=, TOP_BTN1_FG_GREEN=, TOP_FIELDS_FG-ERROR_RED=255, MID_BUTTONS_FG_GREEN=, BOTTOM_NEXT_FONT_STYLE=, TOP_BTN4_BG_RED=, TOP_BTN5_FG_RED=, BOTTOM_INACTIVE-BUTTONS_BG_GREEN=, TOP_BTN2_FG_GREEN=, BOTTOM_NEXT_FG_RED=, TOP_BTN1_BG_BLUE=, MID_MODEL_NBB_COLS=7, MID_NEXT_FG_BLUE=, TOP_BTN3_FG_GREEN=, BOTTOM_MODEL_BG_RED=, BOTTOM_FIELDS_FG_BLUE=, TOP_FIELDS_FG_GREEN=, TOP_BTN4_FONT_NAME=Arial, MID_NEXT_FG_RED=, MID_MODEL_NBB_LINES=5, TOP_FIELDS_FG-ERROR_BLUE=0, MID_INACTIVE-BUTTONS_BG_GREEN=, TOP_BTN2_BG_GRADIENT=1, TOP_BTN2_FG_RED=, TOP_MODEL_BG_RED=255, TOP_BTN4_FG_GREEN=, TOP_BTN5_BG_GRADIENT=1, TOP_BTN5_TEXT_ALIGN=CENTER, MID_BUTTONS_BG_GREEN=, TOP_BTN2_FG_BLUE=, TOP_BTN3_FG_BLUE=, TOP_FIELDS_BG_BLUE=, BOTTOM_FIELDS_FONT_SIZE=16, TOP_BTN5_FONT_SIZE=16, TOP_BTN5_FONT_NAME=Arial, BOTTOM_FIELDS_FONT_STYLE=PLAIN, TOP_BTN5_FG_BLUE=, TOP_FIELDS_BG_RED=, TOP_FIELDS_FG_BLUE=, TOP_BTN2_BG_RED=, MID_NEXT_FONT_NAME=, MID_BUTTONS_BG_RED=, TOP_BTN4_FG_BLUE=, TOP_BTN3_TEXT_ALIGN=CENTER, TOP_MODEL_STYLE_TYPE=normal, TOP_BTN3_FONT_SIZE=16, TOP_BTN3_BG_GREEN=, BOTTOM_BUTTONS_FG_BLUE=, BOTTOM_NEXT_BG_RED=, TOP_BTN5_FONT_STYLE=PLAIN, BOTTOM_BUTTONS_FG_GREEN=, BOTTOM_BUTTONS_BG_BLUE=, MID_NEXT_BG_GREEN=, BOTTOM_FIELDS_TEXT_ALIGN=LEFT, MID_NEXT_BG_GRADIENT=1, TOP_BTN4_BG_GREEN=, TOP_BTN1_FG_BLUE=, TOP_BTN2_BG_BLUE=, MID_NEXT_BG_RED=, TOP_MODEL_BG_GREEN=255, TOP_BTN4_BG_BLUE=, MID_NEXT_FONT_SIZE=}
DASPanel: Conversion de key par defaut : 
DASPanel: Menu style : normal
DASPanel: DIMENSION_FRAME size by default : null
DASPanel: max size button on the top line by default : java.awt.Dimension[width=125,height=50]
DASPanel: max size button on the middle line by default : java.awt.Dimension[width=125,height=50]
DASPanel: max size button on the bottom line by default : java.awt.Dimension[width=125,height=50]
DASPanel: taille indicateur max : java.awt.Dimension[width=500,height=30]
DASPanel: max number button on the top line : 5
DASPanel: max number button on the bottom line by default : 10
DASPanel: max number button on the top line : 3
DASPanel: max number button on the central screen line by default : 5
DASPanel: max number button on the central screen col: 7
DASPanel: Indicator background color by default : java.awt.Color[r=238,g=238,b=238]
DASPanel: Couleur d'écriture de l'indicateur par defaut : java.awt.Color[r=238,g=238,b=238]
DASPanel: Background screen of the central screen by default : java.awt.Color[r=238,g=238,b=238]
DASGuiParams: prefix :TOP_BUTTONS
DASPanel: Buttons font of the top screen by default : java.awt.Font[family=Dialog,name=Times New Roman,style=bold,size=18]
DASGuiParams: prefix :MID_BUTTONS
DASPanel: Buttons font of the central screen by default :java.awt.Font[family=Dialog,name=Arial,style=bold,size=18]
DASPanel: Buttons background color of the central screen by default : java.awt.Color[r=150,g=200,b=255]
DASPanel: Buttons gradient of the central screen1
DASPanel: Buttons font color of the central screen by default : java.awt.Color[r=0,g=0,b=0]
DASPanel: Couleur de fond des boutons inactifs de l'ecran central par defaut : java.awt.Color[r=238,g=238,b=238]
DASPanel: Alignement du texte des boutons de l'ecran central par defaut : 0
DASPanel: Couleur de fond de l'ecran du bas par defaut : java.awt.Color[r=238,g=238,b=238]
DASPanel: Couleur de fond des boutons de l'ecran du bas par defaut : java.awt.Color[r=150,g=200,b=255]
DASPanel: Couleur de fond des champs de l'ecran du bas par defaut : java.awt.Color[r=238,g=238,b=238]
DASPanel: Couleur de fond des boutons inactifs de l'ecran du bas par defaut : java.awt.Color[r=238,g=238,b=238]
DASPanel: Degrade des boutons de l'ecran du bas : 1
DASGuiParams: prefix :BOTTOM_BUTTONS
DASPanel: Police des boutons de l'ecran du bas par defaut : java.awt.Font[family=Dialog,name=Arial,style=bold,size=18]
DASGuiParams: prefix :TOP_STATE
DASPanel: Police de l'indicateur par defaut : java.awt.Font[family=Dialog,name=Arial,style=bold,size=18]
DASPanel: Couleur d'ecriture des boutons de l'ecran du bas par defaut : java.awt.Color[r=0,g=0,b=0]
DASPanel: Couleur d'ecriture des champs de l'ecran du bas par defaut : java.awt.Color[r=0,g=0,b=0]
DASGuiParams: prefix :BOTTOM_NEXT
DASPanel: Police des boutons de navigation par defaut : java.awt.Font[family=Dialog,name=Arial,style=bold,size=28]
DASPanel: Couleur de fond des boutons de navigation par defaut : java.awt.Color[r=255,g=200,b=100]
DASPanel: Degrade des boutons de navigation : 1
DASPanel: Couleur de police des boutons de navigation par defaut : java.awt.Color[r=0,g=0,b=0]
DASPanel: Couleur de fond de l'ecran du haut : java.awt.Color[r=255,g=255,b=255]
DASGuiParams: prefix :TOP_FIELDS
DASPanel: Police des champs de l'ecran du haut par defaut : java.awt.Font[family=Dialog,name=Arial,style=bold,size=18]
DASPanel: Couleur de fond des champs de l'ecran du haut par defaut : java.awt.Color[r=238,g=238,b=238]
DASPanel: Couleur de police des champs de l'ecran du haut par defaut : java.awt.Color[r=0,g=0,b=0]
DASPanel: Couleur de police des champs de l'ecran du haut en cas d'erreur : java.awt.Color[r=255,g=0,b=0]
DASPanel: Couleur de police des champs de l'ecran du haut en cas de réponse OK : java.awt.Color[r=0,g=128,b=0]
DASPanel: Shortcut du bouton 'Connexion' : 
DASGuiParams: prefix :TOP_BTN1
DASPanel: Police du bouton 'Connexion' par defaut : java.awt.Font[family=Dialog,name=Times New Roman,style=bold,size=18]
DASPanel: Couleur d'ecriture du bouton 'Connexion' par defaut : java.awt.Color[r=0,g=0,b=0]
DASPanel: Couleur du bouton 'Connexion' par defaut : java.awt.Color[r=150,g=200,b=255]
DASPanel: Alignement du texte du bouton 'Connexion' : center
DASPanel: Couleur du bouton 'Connexion' lorsqu'inactif par defaut : java.awt.Color[r=238,g=238,b=238]
DASPanel: Degrade des boutons de navigation : 1
DASPanel: <html><div align='center'>Connexion</div> <div align='right'></div></html>
DASPanel: Shortcut du bouton 'Déconnexion' : 
DASGuiParams: prefix :TOP_BTN2
DASPanel: Police du bouton 'Déconnexion' par defaut : java.awt.Font[family=Dialog,name=Times New Roman,style=bold,size=18]
DASPanel: Couleur d'ecriture du bouton 'Déconnexion' par defaut : java.awt.Color[r=0,g=0,b=0]
DASPanel: Couleur du bouton 'Déconnexion' par defaut : java.awt.Color[r=150,g=200,b=255]
DASPanel: Alignement du texte du bouton 'Déconnexion' : center
DASPanel: Couleur du bouton 'Déconnexion' lorsqu'inactif par defaut : java.awt.Color[r=238,g=238,b=238]
DASPanel: Degrade des boutons de navigation : 1
DASPanel: <html><div align='center'>Déconnexion</div></html>
DASPanel: Shortcut du bouton 'Entrée : scénario2' : 
DASGuiParams: prefix :TOP_BTN3
DASPanel: Police du bouton 'Entrée : scénario2' par defaut : java.awt.Font[family=Dialog,name=Times New Roman,style=bold,size=18]
DASPanel: Couleur d'ecriture du bouton 'Entrée : scénario2' par defaut : java.awt.Color[r=0,g=0,b=0]
DASPanel: Couleur du bouton 'Entrée : scénario2' par defaut : java.awt.Color[r=150,g=200,b=255]
DASPanel: Alignement du texte du bouton 'Entrée : scénario2' : center
DASPanel: Couleur du bouton 'Entrée : scénario2' lorsqu'inactif par defaut : java.awt.Color[r=238,g=238,b=238]
DASPanel: Degrade des boutons de navigation : 1
DASPanel: <html><div align='center'>Entrée : scénario2</div></html>
DASPanel: Shortcut du bouton 'Entrée : scénario3' : 
DASGuiParams: prefix :TOP_BTN4
DASPanel: Police du bouton 'Entrée : scénario3' par defaut : java.awt.Font[family=Dialog,name=Times New Roman,style=bold,size=18]
DASPanel: Couleur d'ecriture du bouton 'Entrée : scénario3' par defaut : java.awt.Color[r=0,g=0,b=0]
DASPanel: Couleur du bouton 'Entrée : scénario3' par defaut : java.awt.Color[r=150,g=200,b=255]
DASPanel: Alignement du texte du bouton 'Entrée : scénario3' : center
DASPanel: Couleur du bouton 'Entrée : scénario3' lorsqu'inactif par defaut : java.awt.Color[r=238,g=238,b=238]
DASPanel: Degrade des boutons de navigation : 1
DASPanel: <html><div align='center'>Entrée : scénario3</div></html>
DASPanel: Shortcut du bouton 'Sortie : scénario2' : 
DASGuiParams: prefix :TOP_BTN5
DASPanel: Police du bouton 'Sortie : scénario2' par defaut : java.awt.Font[family=Dialog,name=Times New Roman,style=bold,size=18]
DASPanel: Couleur d'ecriture du bouton 'Sortie : scénario2' par defaut : java.awt.Color[r=0,g=0,b=0]
DASPanel: Couleur du bouton 'Sortie : scénario2' par defaut : java.awt.Color[r=150,g=200,b=255]
DASPanel: Alignement du texte du bouton 'Sortie : scénario2' : center
DASPanel: Couleur du bouton 'Sortie : scénario2' lorsqu'inactif par defaut : java.awt.Color[r=238,g=238,b=238]
DASPanel: Degrade des boutons de navigation : 1
DASPanel: <html><div align='center'>Sortie : scénario2</div></html>
DASPanel: Shortcut du bouton 'Sortie : scénario3' : 
DASGuiParams: prefix :TOP_BTN6
DASPanel: Police du bouton 'Sortie : scénario3' par defaut : java.awt.Font[family=Dialog,name=Times New Roman,style=bold,size=18]
DASPanel: Couleur d'ecriture du bouton 'Sortie : scénario3' par defaut : java.awt.Color[r=0,g=0,b=0]
DASPanel: Couleur du bouton 'Sortie : scénario3' par defaut : java.awt.Color[r=150,g=200,b=255]
DASPanel: Alignement du texte du bouton 'Sortie : scénario3' par defaut : center
DASPanel: Couleur du bouton 'Sortie : scénario3' lorsqu'inactif par defaut : java.awt.Color[r=238,g=238,b=238]
DASPanel: Degrade des boutons de navigation par defaut : 1
DASPanel: <html><div align='center'>Sortie : scénario3</div></html>
DASPanel: Shortcut du bouton 'Pointage : scénario2' : 
DASGuiParams: prefix :TOP_BTN7
DASPanel: Police du bouton 'Pointage : scénario2' par defaut : java.awt.Font[family=Dialog,name=Times New Roman,style=bold,size=18]
DASPanel: Couleur d'ecriture du bouton 'Pointage : scénario2' par defaut : java.awt.Color[r=0,g=0,b=0]
DASPanel: Couleur du bouton 'Pointage : scénario2' par defaut : java.awt.Color[r=150,g=200,b=255]
DASPanel: Alignement du texte du bouton 'Pointage : scénario2' par defaut : center
DASPanel: Couleur du bouton 'Pointage : scénario2' lorsqu'inactif par defaut : java.awt.Color[r=238,g=238,b=238]
DASPanel: Degrade des boutons de navigation par defaut : 1
DASPanel: <html><div align='center'>Pointage : scénario2</div></html>
DASPanel: Shortcut du bouton 'Pointage : scénario3' : 
DASGuiParams: prefix :TOP_BTN8
DASPanel: Police du bouton 'Pointage : scénario3' par defaut : java.awt.Font[family=Dialog,name=Times New Roman,style=bold,size=18]
DASPanel: Couleur d'ecriture du bouton 'Pointage : scénario3' par defaut : java.awt.Color[r=0,g=0,b=0]
DASPanel: Couleur du bouton 'Pointage : scénario3' par defaut : java.awt.Color[r=150,g=200,b=255]
DASPanel: Alignement du texte du bouton 'Pointage : scénario3' par defaut : center
DASPanel: Couleur du bouton 'Pointage : scénario3' lorsqu'inactif par defaut : java.awt.Color[r=238,g=238,b=238]
DASPanel: Degrade des boutons de navigation par defaut : 1
DASPanel: <html><div align='center'>Pointage : scénario3</div></html>
DASController: Passage par DASController
DASEquipments: Passage par recupMaterials
DASEquipments: *****rj2bis*****
DASEquipments: *****PKB*****
DASEquipments: *****das6*****
DASEquipments: *****ScannerDC*****
DASEquipments: *****das2*****
DASEquipments: *****rj2*****
DASEquipments: *****rj1*****
DASEquipments: *****rj3*****
DASEquipments: *****rj4*****
DASController: Passage par initMaterials
DASController: [entree, sortie, deconnexion, pointage_scenario2, connexion, sortie_scenario2, entree_scenario3, entree_scenario2, pointage, sortie_scenario3, pointage_scenario3]
DASController: Ajout de ScannerDC dans listEcouteurR:
DASCOMMaterial: RECEPTION DATA OWNER SUR ScannerDCorg.opendas.equipment.DASCOMMaterial
DASCOMMaterial: port:/dev/ttyUSB0codeReception:PERSOOUT;PERSOIN;PERSO
|

DASController: Ajout de ScannerDC dans listEcouteurR:
DASCOMMaterial: RECEPTION DATA OWNER SUR ScannerDCorg.opendas.equipment.DASCOMMaterial
DASCOMMaterial: port:/dev/ttyUSB0codeReception:PERSOOUT;PERSOIN;PERSO
|

DASController: functionContext on DASController :null
ComServer: codeReception :PERSOOUT;PERSOIN;PERSO
|

DASController: Passage par initActionBtn
DASPanel: Passage par cleanPanelBeforeDisplay
DASPanel: Passage par setVisibleAllPanels
DASController: checkFunctionLoop : 0
DASController: Passage par nextActionBtn
DASPanel: ========================
DASPanel: ===  Screen Blocked  ===
DASPanel: ========================
DASController: sequence en cours : connexionactionPositionEnCours : 1
DASController: functionEnCours :persoin
DASController: ==== Function en Cours : persoin ====
DASController: EAN128GETTER : connexion1_EAN128
DASController: EAN128GETTER : null
DASController: Passage par functionSelecting 
DASController: ========================================================================================
DASController: ********function : persoin
DASController: ********dataModels :{}
DASController: ********dataModelEnCours : null
DASController: ********dataEnCours : {}
DASController: ********sequenceEnCours : connexion
DASController: ********actionPositionEnCours : 1
DASController: ********storeModel :[]
DASController: ********storeModelList :[[]]
DASController: ********instruction : Sélectionnez la personne concernée
DASController: ********subDataEnCours : []
DASController: ********subDatalist : [[]]
DASController: ********depEnCours : [[]]
DASController: ********depEnCoursList : [[]]
DASController: ********super_context : {_workstation=DASGeneric [code=1, name=1, workstation_id=null, image=null, page=null, position=null, qty_max=0, qty_min=0, das_code_dependency=null, dataModel=null, infos=null], _sequenceEnCours={_value=
        , _sequence=1, _name=connexion, _childs={2={MODEL=groups, SUPERCONTEXT=_groups, _sequence=2, _name=store, _childs={}, TYPE=erase}, 1={_value=
           , _sequence=1, _name=persoin, _childs={1={_value=Sélectionnez la personne concernée, _sequence=1, _name=instruction, _childs={}}}}}, DISABLE=(_groups,!=,null)}}
DASController: ********functional_context : {_function={_value=
           , _sequence=1, _name=persoin, _childs={1={_value=Sélectionnez la personne concernée, _sequence=1, _name=instruction, _childs={}}}}}
DASController: ********LoopType : null
DASController: ========================================================================================
DASController: MAJ MODEL EN COURS
DASPanel: ========================
DASPanel: ===  Screen Blocked  ===
DASPanel: ========================
DASController: AUTHORIZE DISPLAY
DASPanel: CONTAINS KEY SWITCH
DASPanel: Passage par cleanPanelBeforeDisplay
DASController: generateLastDep
DASPanel: Passage par cleanPanelBeforeDisplay
DASPanel: switchGenericsAll : Panel Num => -1
DASPanel: buildPaneTablerDEP => 0
DASPanel: switchGenericsAll : Panel Num => 1
DASPanel: TAILLE GENERICS : 2
DASPanel:  OGPage
DASPanel: buildPaneTablerGEN => 1
DASPanel:  cleanPanel :: numPanel => 1
DASPanel: genericsButtonsList.sier() => 1
DASPanel: PageEnCours =>0
DASPanel: ========================
DASPanel: === Sreen Unblocked ===
DASPanel: ========================
DASPanel: ACTION PERFORMED 2
DASPanel: CODE SEND NU:1
DASPanel: CODE SEND NUENCOURS:1
DASPanel: PANEL GEN(encours:1)
DASController: receivedData, data = EMPL,1000001, numPanel = 1
DASController: CHECKDATA : EMPL,1000001, Numpanel :1DEPPANESEL : -2
DASController: TMPOBJECT :EMPL,1000001
DASController: NumPanel 1
DASController: Passage par nextActionBtn
DASPanel: ========================
DASPanel: ===  Screen Blocked  ===
DASPanel: ========================
DASController: dMEC -> persoin
DASController: subDataEC -> [EMPL,1000001]
DASController: sequence en cours : connexionactionPositionEnCours : 2
DASController: functionEnCours :store
DASController: ==== Function en Cours : store ====
DASController: EAN128GETTER : connexion2_EAN128
DASController: EAN128GETTER : null
DASController: Passage par functionSelecting 
DASController: ========================================================================================
DASController: ********function : store
DASController: ********dataModels :{persoin=DASDataModel [id=75, name=Personnel, source=das_generic, ctrl=alpha, type=D, fct_name=null, type_fct=1, qty_max=-1, qty_min=-1, acquisition_methods=[DASAcquisitionMethod [code=displayScreen, name=null, typeMaterial=null], DASAcquisitionMethod [code=listenTypeMaterial, name=1, typeMaterial=DASTypeMaterial [id=34, name=Lecteurs id-barres]]], parent_id=null, child_ids={IndirectList: not instantiated}, type_select=1]}
DASController: ********dataModelEnCours : DASDataModel [id=75, name=Personnel, source=das_generic, ctrl=alpha, type=D, fct_name=null, type_fct=1, qty_max=-1, qty_min=-1, acquisition_methods=[DASAcquisitionMethod [code=displayScreen, name=null, typeMaterial=null], DASAcquisitionMethod [code=listenTypeMaterial, name=1, typeMaterial=DASTypeMaterial [id=34, name=Lecteurs id-barres]]], parent_id=null, child_ids={IndirectList: not instantiated}, type_select=1]
DASController: ********dataEnCours : {persoin=[EMPL,1000001]}
DASController: ********sequenceEnCours : connexion
DASController: ********actionPositionEnCours : 2
DASController: ********storeModel :[]
DASController: ********storeModelList :[[], []]
DASController: ********instruction : Sélectionnez la personne concernée
DASController: ********subDataEnCours : []
DASController: ********subDatalist : [[EMPL,1000001], []]
DASController: ********depEnCours : [[[]], []]
DASController: ********depEnCoursList : [[[]], []]
DASController: ********super_context : {_workstation=DASGeneric [code=1, name=1, workstation_id=null, image=null, page=null, position=null, qty_max=0, qty_min=0, das_code_dependency=null, dataModel=null, infos=null], _sequenceEnCours={_value=
        , _sequence=1, _name=connexion, _childs={2={MODEL=groups, SUPERCONTEXT=_groups, _sequence=2, _name=store, _childs={}, TYPE=erase}, 1={_value=
           , _sequence=1, _name=persoin, _childs={1={_value=Sélectionnez la personne concernée, _sequence=1, _name=instruction, _childs={}}}}}, DISABLE=(_groups,!=,null)}}
DASController: ********functional_context : {_function={MODEL=groups, SUPERCONTEXT=_groups, _sequence=2, _name=store, _childs={}, TYPE=erase}}
DASController: ********LoopType : null
DASController: ========================================================================================
DASController: ********* type = erase
DASController: STORE : data exists already, so it jumps the function
DASPanel: ========================
DASPanel: ===  Screen Blocked  ===
DASPanel: ========================
DASController: sequence en cours : connexionactionPositionEnCours : 3
DASController: functionEnCours :null
DASController: ==== Function en Cours : null ====
DASPanel: DISPLAYDOWN
DASPanel: DISPLAYUP
DASPanel: Passage par setVisibleAllPanels
DASController: Passage par resetConf
DASController: Passage par functionSelecting 
DASController: ========================================================================================
DASController: ********function : null
DASController: ********dataModels :{persoin=DASDataModel [id=75, name=Personnel, source=das_generic, ctrl=alpha, type=D, fct_name=null, type_fct=1, qty_max=-1, qty_min=-1, acquisition_methods=[DASAcquisitionMethod [code=displayScreen, name=null, typeMaterial=null], DASAcquisitionMethod [code=listenTypeMaterial, name=1, typeMaterial=DASTypeMaterial [id=34, name=Lecteurs id-barres]]], parent_id=null, child_ids={IndirectList: not instantiated}, type_select=1], groups=DASDataModel [id=72, name=groups, source=das_generic, ctrl=null, type=D, fct_name=null, type_fct=1, qty_max=-1, qty_min=-1, acquisition_methods=[], parent_id=null, child_ids={IndirectList: not instantiated}, type_select=1]}
DASController: ********dataModelEnCours : DASDataModel [id=72, name=groups, source=das_generic, ctrl=null, type=D, fct_name=null, type_fct=1, qty_max=-1, qty_min=-1, acquisition_methods=[], parent_id=null, child_ids={IndirectList: not instantiated}, type_select=1]
DASController: ********dataEnCours : {persoin=[EMPL,1000001]}
DASController: ********sequenceEnCours : connexion
DASController: ********actionPositionEnCours : 3
DASController: ********storeModel :[]
DASController: ********storeModelList :[[], [], []]
DASController: ********instruction : Sélectionnez la personne concernée
DASController: ********subDataEnCours : []
DASController: ********subDatalist : [[EMPL,1000001], [], []]
DASController: ********depEnCours : [[[]], [], []]
DASController: ********depEnCoursList : [[[]], [], []]
DASController: ********super_context : {_workstation=DASGeneric [code=1, name=1, workstation_id=null, image=null, page=null, position=null, qty_max=0, qty_min=0, das_code_dependency=null, dataModel=null, infos=null], _groups=[DASGeneric [code=Employee, name=Employee, workstation_id=null, image=null, page=0, position=0, qty_max=0, qty_min=0, das_code_dependency=null, dataModel=DASDataModel [id=72, name=groups, source=das_generic, ctrl=null, type=D, fct_name=null, type_fct=1, qty_max=-1, qty_min=-1, acquisition_methods=[], parent_id=null, child_ids={IndirectList: not instantiated}, type_select=1], infos={id=Employee, name=Employee, ean13=false}], DASGeneric [code=Logistic, name=Logistic, workstation_id=null, image=null, page=0, position=0, qty_max=0, qty_min=0, das_code_dependency=null, dataModel=DASDataModel [id=72, name=groups, source=das_generic, ctrl=null, type=D, fct_name=null, type_fct=1, qty_max=-1, qty_min=-1, acquisition_methods=[], parent_id=null, child_ids={IndirectList: not instantiated}, type_select=1], infos={id=Logistic, name=Logistic, ean13=false}], DASGeneric [code=Stamping1, name=Stamping1, workstation_id=null, image=null, page=0, position=0, qty_max=0, qty_min=0, das_code_dependency=null, dataModel=DASDataModel [id=72, name=groups, source=das_generic, ctrl=null, type=D, fct_name=null, type_fct=1, qty_max=-1, qty_min=-1, acquisition_methods=[], parent_id=null, child_ids={IndirectList: not instantiated}, type_select=1], infos={id=Stamping1, name=Stamping1, ean13=false}], DASGeneric [code=Stamping2, name=Stamping2, workstation_id=null, image=null, page=0, position=0, qty_max=0, qty_min=0, das_code_dependency=null, dataModel=DASDataModel [id=72, name=groups, source=das_generic, ctrl=null, type=D, fct_name=null, type_fct=1, qty_max=-1, qty_min=-1, acquisition_methods=[], parent_id=null, child_ids={IndirectList: not instantiated}, type_select=1], infos={id=Stamping2, name=Stamping2, ean13=false}], DASGeneric [code=userok, name=userok, workstation_id=null, image=null, page=0, position=0, qty_max=0, qty_min=0, das_code_dependency=null, dataModel=DASDataModel [id=72, name=groups, source=das_generic, ctrl=null, type=D, fct_name=null, type_fct=1, qty_max=-1, qty_min=-1, acquisition_methods=[], parent_id=null, child_ids={IndirectList: not instantiated}, type_select=1], infos={id=userok, name=userok}]], _sequenceEnCours={_value=
        , _sequence=1, _name=connexion, _childs={2={MODEL=groups, SUPERCONTEXT=_groups, _sequence=2, _name=store, _childs={}, TYPE=erase}, 1={_value=
           , _sequence=1, _name=persoin, _childs={1={_value=Sélectionnez la personne concernée, _sequence=1, _name=instruction, _childs={}}}}}, DISABLE=(_groups,!=,null)}}
DASController: ********functional_context : {_function=null}
DASController: ********LoopType : null
DASController: ========================================================================================
DASController: function == null
DASController: else isFunctionloop != true
DASPanel: DISPLAYDOWN
DASPanel: DISPLAYUP
DASPanel: Passage par setVisibleAllPanels
DASController: Passage par resetConf
DASPanel: ========================
DASPanel: === Sreen Unblocked ===
DASPanel: ========================
DASController: Passage par initActionBtn
DASPanel: Passage par cleanPanelBeforeDisplay
DASPanel: Passage par setVisibleAllPanels
DASController: checkFunctionLoop : 0
DASController: Passage par nextActionBtn
DASPanel: ========================
DASPanel: ===  Screen Blocked  ===
DASPanel: ========================
DASController: sequence en cours : entree_scenario2actionPositionEnCours : 1
DASController: functionEnCours :persoout
DASController: ==== Function en Cours : persoout ====
DASController: EAN128GETTER : entree_scenario21_EAN128
DASController: EAN128GETTER : null
DASController: Passage par functionSelecting 
DASController: ========================================================================================
DASController: ********function : persoout
DASController: ********dataModels :{}
DASController: ********dataModelEnCours : null
DASController: ********dataEnCours : {}
DASController: ********sequenceEnCours : entree_scenario2
DASController: ********actionPositionEnCours : 1
DASController: ********storeModel :[]
DASController: ********storeModelList :[[]]
DASController: ********instruction : Sélectionnez la personne concernée
DASController: ********subDataEnCours : []
DASController: ********subDatalist : [[]]
DASController: ********depEnCours : [[]]
DASController: ********depEnCoursList : [[]]
DASController: ********super_context : {_workstation=DASGeneric [code=1, name=1, workstation_id=null, image=null, page=null, position=null, qty_max=0, qty_min=0, das_code_dependency=null, dataModel=null, infos=null], _groups=[DASGeneric [code=Employee, name=Employee, workstation_id=null, image=null, page=0, position=0, qty_max=0, qty_min=0, das_code_dependency=null, dataModel=DASDataModel [id=72, name=groups, source=das_generic, ctrl=null, type=D, fct_name=null, type_fct=1, qty_max=-1, qty_min=-1, acquisition_methods=[], parent_id=null, child_ids={IndirectList: not instantiated}, type_select=1], infos={id=Employee, name=Employee, ean13=false}], DASGeneric [code=Logistic, name=Logistic, workstation_id=null, image=null, page=0, position=0, qty_max=0, qty_min=0, das_code_dependency=null, dataModel=DASDataModel [id=72, name=groups, source=das_generic, ctrl=null, type=D, fct_name=null, type_fct=1, qty_max=-1, qty_min=-1, acquisition_methods=[], parent_id=null, child_ids={IndirectList: not instantiated}, type_select=1], infos={id=Logistic, name=Logistic, ean13=false}], DASGeneric [code=Stamping1, name=Stamping1, workstation_id=null, image=null, page=0, position=0, qty_max=0, qty_min=0, das_code_dependency=null, dataModel=DASDataModel [id=72, name=groups, source=das_generic, ctrl=null, type=D, fct_name=null, type_fct=1, qty_max=-1, qty_min=-1, acquisition_methods=[], parent_id=null, child_ids={IndirectList: not instantiated}, type_select=1], infos={id=Stamping1, name=Stamping1, ean13=false}], DASGeneric [code=Stamping2, name=Stamping2, workstation_id=null, image=null, page=0, position=0, qty_max=0, qty_min=0, das_code_dependency=null, dataModel=DASDataModel [id=72, name=groups, source=das_generic, ctrl=null, type=D, fct_name=null, type_fct=1, qty_max=-1, qty_min=-1, acquisition_methods=[], parent_id=null, child_ids={IndirectList: not instantiated}, type_select=1], infos={id=Stamping2, name=Stamping2, ean13=false}], DASGeneric [code=userok, name=userok, workstation_id=null, image=null, page=0, position=0, qty_max=0, qty_min=0, das_code_dependency=null, dataModel=DASDataModel [id=72, name=groups, source=das_generic, ctrl=null, type=D, fct_name=null, type_fct=1, qty_max=-1, qty_min=-1, acquisition_methods=[], parent_id=null, child_ids={IndirectList: not instantiated}, type_select=1], infos={id=userok, name=userok}]], _sequenceEnCours={_value=
        , _sequence=4, _name=entree_scenario2, _childs={2={_sequence=2, _name=ack, _childs={}}, 1={_value=
             , _sequence=1, _name=persoout, _childs={1={_value=Sélectionnez la personne concernée, _sequence=1, _name=instruction, _childs={}}}}}, DISABLE=('Stamping1',!in,_groups)}}
DASController: ********functional_context : {_function={_value=
             , _sequence=1, _name=persoout, _childs={1={_value=Sélectionnez la personne concernée, _sequence=1, _name=instruction, _childs={}}}}}
DASController: ********LoopType : null
DASController: ========================================================================================
DASController: MAJ MODEL EN COURS
DASPanel: ========================
DASPanel: ===  Screen Blocked  ===
DASPanel: ========================
DASController: No generic datas found for the type : 'persoout'
DASPanel: DISPLAYDOWN
DASPanel: DISPLAYUP
DASPanel: Passage par setVisibleAllPanels
DASController: Passage par resetConf
DASPanel: Passage par setVisibleAllPanels
DASPanel: DISPLAYDOWN
DASPanel: DISPLAYUP
DASPanel: Passage par setVisibleAllPanels
DASController: Passage par resetConf
DASPanel: ========================
DASPanel: === Sreen Unblocked ===
DASPanel: ========================
DASController: Passage par initActionBtn
DASPanel: Passage par cleanPanelBeforeDisplay
DASPanel: Passage par setVisibleAllPanels
DASController: checkFunctionLoop : 0
DASController: Passage par nextActionBtn
DASPanel: ========================
DASPanel: ===  Screen Blocked  ===
DASPanel: ========================
DASController: sequence en cours : deconnexionactionPositionEnCours : 1
DASController: functionEnCours :clean
DASController: ==== Function en Cours : clean ====
DASController: EAN128GETTER : deconnexion1_EAN128
DASController: EAN128GETTER : null
DASController: Passage par functionSelecting 
DASController: ========================================================================================
DASController: ********function : clean
DASController: ********dataModels :{}
DASController: ********dataModelEnCours : null
DASController: ********dataEnCours : {}
DASController: ********sequenceEnCours : deconnexion
DASController: ********actionPositionEnCours : 1
DASController: ********storeModel :[]
DASController: ********storeModelList :[[]]
DASController: ********instruction : null
DASController: ********subDataEnCours : []
DASController: ********subDatalist : [[]]
DASController: ********depEnCours : [[]]
DASController: ********depEnCoursList : [[]]
DASController: ********super_context : {_workstation=DASGeneric [code=1, name=1, workstation_id=null, image=null, page=null, position=null, qty_max=0, qty_min=0, das_code_dependency=null, dataModel=null, infos=null], _groups=[DASGeneric [code=Employee, name=Employee, workstation_id=null, image=null, page=0, position=0, qty_max=0, qty_min=0, das_code_dependency=null, dataModel=DASDataModel [id=72, name=groups, source=das_generic, ctrl=null, type=D, fct_name=null, type_fct=1, qty_max=-1, qty_min=-1, acquisition_methods=[], parent_id=null, child_ids={IndirectList: not instantiated}, type_select=1], infos={id=Employee, name=Employee, ean13=false}], DASGeneric [code=Logistic, name=Logistic, workstation_id=null, image=null, page=0, position=0, qty_max=0, qty_min=0, das_code_dependency=null, dataModel=DASDataModel [id=72, name=groups, source=das_generic, ctrl=null, type=D, fct_name=null, type_fct=1, qty_max=-1, qty_min=-1, acquisition_methods=[], parent_id=null, child_ids={IndirectList: not instantiated}, type_select=1], infos={id=Logistic, name=Logistic, ean13=false}], DASGeneric [code=Stamping1, name=Stamping1, workstation_id=null, image=null, page=0, position=0, qty_max=0, qty_min=0, das_code_dependency=null, dataModel=DASDataModel [id=72, name=groups, source=das_generic, ctrl=null, type=D, fct_name=null, type_fct=1, qty_max=-1, qty_min=-1, acquisition_methods=[], parent_id=null, child_ids={IndirectList: not instantiated}, type_select=1], infos={id=Stamping1, name=Stamping1, ean13=false}], DASGeneric [code=Stamping2, name=Stamping2, workstation_id=null, image=null, page=0, position=0, qty_max=0, qty_min=0, das_code_dependency=null, dataModel=DASDataModel [id=72, name=groups, source=das_generic, ctrl=null, type=D, fct_name=null, type_fct=1, qty_max=-1, qty_min=-1, acquisition_methods=[], parent_id=null, child_ids={IndirectList: not instantiated}, type_select=1], infos={id=Stamping2, name=Stamping2, ean13=false}], DASGeneric [code=userok, name=userok, workstation_id=null, image=null, page=0, position=0, qty_max=0, qty_min=0, das_code_dependency=null, dataModel=DASDataModel [id=72, name=groups, source=das_generic, ctrl=null, type=D, fct_name=null, type_fct=1, qty_max=-1, qty_min=-1, acquisition_methods=[], parent_id=null, child_ids={IndirectList: not instantiated}, type_select=1], infos={id=userok, name=userok}]], _sequenceEnCours={_value=
        , _sequence=2, _name=deconnexion, _childs={1={SUPERCONTEXT=_groups, _sequence=1, _name=clean, _childs={}}}, DISABLE=(_groups,=,null)}}
DASController: ********functional_context : {_function={SUPERCONTEXT=_groups, _sequence=1, _name=clean, _childs={}}}
DASController: ********LoopType : null
DASController: ========================================================================================
DASPanel: ========================
DASPanel: ===  Screen Blocked  ===
DASPanel: ========================
DASController: sequence en cours : deconnexionactionPositionEnCours : 2
DASController: functionEnCours :null
DASController: ==== Function en Cours : null ====
DASController: Passage par functionSelecting 
DASController: ========================================================================================
DASController: ********function : null
DASController: ********dataModels :{}
DASController: ********dataModelEnCours : null
DASController: ********dataEnCours : {}
DASController: ********sequenceEnCours : deconnexion
DASController: ********actionPositionEnCours : 2
DASController: ********storeModel :[]
DASController: ********storeModelList :[[], []]
DASController: ********instruction : null
DASController: ********subDataEnCours : []
DASController: ********subDatalist : [[], []]
DASController: ********depEnCours : [[], []]
DASController: ********depEnCoursList : [[], []]
DASController: ********super_context : {_workstation=DASGeneric [code=1, name=1, workstation_id=null, image=null, page=null, position=null, qty_max=0, qty_min=0, das_code_dependency=null, dataModel=null, infos=null], _sequenceEnCours={_value=
        , _sequence=2, _name=deconnexion, _childs={1={SUPERCONTEXT=_groups, _sequence=1, _name=clean, _childs={}}}, DISABLE=(_groups,=,null)}}
DASController: ********functional_context : {_function=null}
DASController: ********LoopType : null
DASController: ========================================================================================
DASController: function == null
DASController: else isFunctionloop != true
DASPanel: DISPLAYDOWN
DASPanel: DISPLAYUP
DASPanel: Passage par setVisibleAllPanels
DASController: Passage par resetConf
DASPanel: ========================
DASPanel: === Sreen Unblocked ===
DASPanel: ========================
