[ERREUR] DASLoader: ok WsConfDAS: Default configuration file:./config/opendas-client.conf
DAS: Mask load
ctConfig
[ERREUR] DASLoader: ok GraphConfig
eReceiver: Consuming queue : DAS_CLIENT
MessageSender: Connecting sender to URL: tcp://opendas-jnlp:61616
MessageSender: Using non-persistent messages and queue
MessageSender: Messages time to live 300 ms
DASResponseListener: getResponse search : ServerRequest [attachement=1, fromUrl=DAS_CLIENT, sendUrl=DAS_SERVER, title=getWsConfig_workstationID, sendedDate=Fri Dec 05 15:12:20 CET 2014, previousRequest=null]
DASResponseListener: Sending message: ServerRequest [attachement=WsConfig [configMaterial=[DASConfigMaterial [code=das2, name=das2, port=5474, workstation=DAS...
DASResponseListener: response received
MessageSender: Messages time to live 300 ms
DASResponseListener: getResponse search : ServerRequest [attachement=1, fromUrl=DAS_CLIENT, sendUrl=DAS_SERVER, title=getWorkstationWithId, sendedDate=Fri Dec 05 15:12:21 CET 2014, previousRequest=null]
DASResponseListener: Sending message: ServerRequest [attachement=DASWorkstation [code = 1, name = das test 1, force_pdf = false, config_ids = {IndirectList: n...
DASResponseListener: response received
DASLoader: valeur de printing dans ./config/opendas-client.conf incorrecte et remplacée par 0
MessageSender: Messages time to live 300 ms
DASResponseListener: getResponse search : ServerRequest [attachement=1, fromUrl=DAS_CLIENT, sendUrl=DAS_SERVER, title=getFctConfigsWithWsId, sendedDate=Fri Dec 05 15:12:21 CET 2014, previousRequest=null]
DASResponseListener: Sending message: ServerRequest [attachement=[DASFunctionalConfig [mask=production, function_xml=<?xml version="1.0" encoding="UTF-8"?>
<f...
DASResponseListener: response received
MessageSender: Messages time to live 300 ms
DASResponseListener: getResponse search : ServerRequest [attachement=1, fromUrl=DAS_CLIENT, sendUrl=DAS_SERVER, title=getGraphConfigsWithWsId, sendedDate=Fri Dec 05 15:12:21 CET 2014, previousRequest=null]
DASResponseListener: Sending message: ServerRequest [attachement=[DASGraphicalConfig [mask=production, graphical_xml=<?xml version="1.0" encoding="UTF-8"?>
<p...
DASResponseListener: response received
MessageSender: Messages time to live 300 ms
DASResponseListener: getResponse search : ServerRequest [attachement=1, fromUrl=DAS_CLIENT, sendUrl=DAS_SERVER, title=getGraphConfigsWithWsId, sendedDate=Fri Dec 05 15:12:23 CET 2014, previousRequest=null]
DASResponseListener: Sending message: ServerRequest [attachement=[DASGraphicalConfig [mask=production, graphical_xml=<?xml version="1.0" encoding="UTF-8"?>
<p...
DASResponseListener: response received
MessageSender: Messages time to live 300 ms
DASResponseListener: getResponse search : ServerRequest [attachement=null, fromUrl=DAS_CLIENT, sendUrl=DAS_SERVER, title=getListTemplateReport, sendedDate=Fri Dec 05 15:12:27 CET 2014, previousRequest=null]
DASResponseListener: Sending message: ServerRequest [attachement=[DASDataModel [id=1, name=report5, template=<?xml version="1.0" encoding="UTF-8"?>
<jasperRep...
DASResponseListener: response received
MessageSender: Messages time to live 300 ms
DASResponseListener: getResponse search : ServerRequest [attachement=null, fromUrl=DAS_CLIENT, sendUrl=DAS_SERVER, title=getListTemplateSupervision, sendedDate=Fri Dec 05 15:12:27 CET 2014, previousRequest=null]
DASResponseListener: Sending message: ServerRequest [attachement=[DASTemplateSupervision [id=1, mapping=<?xml version="1.0" encoding="UTF-8"?>
<case>  
      ...
DASResponseListener: response received
MessageSender: Messages time to live 300 ms
DASResponseListener: getResponse search : ServerRequest [attachement=null, fromUrl=DAS_CLIENT, sendUrl=DAS_SERVER, title=getListEan128, sendedDate=Fri Dec 05 15:12:27 CET 2014, previousRequest=null]
DASResponseListener: Sending message: ServerRequest [attachement=[], fromUrl=DAS_SERVER, sendUrl=DAS_CLIENT, title=null, sendedDate=Fri Dec 05 15:12:28 CET 20...
DASResponseListener: response received
MessageSender: Messages time to live 300 ms
DASResponseListener: getResponse search : ServerRequest [attachement=1, fromUrl=DAS_CLIENT, sendUrl=DAS_SERVER, title=getFctConfigsWithWsId, sendedDate=Fri Dec 05 15:12:28 CET 2014, previousRequest=null]
DASResponseListener: Sending message: ServerRequest [attachement=[DASFunctionalConfig [mask=production, function_xml=<?xml version="1.0" encoding="UTF-8"?>
<f...
DASResponseListener: response received
