[ERREUR] DASLoader: ok WsConfig object
[ERREUR] DASLoader: ok Workstation object
[ERREUR] DASLoader: ok FctConfig
[ERREUR] DASLoader: ok GraphConfig
eReceiver: Consuming queue : DAS_CLIENT
MessageSender: Connecting sender to URL: tcp://opendas-jnlp:61616
MessageSender: Using non-persistent messages and queue
MessageSender: Messages time to live 300 ms
DASResponseListener: getResponse search : ServerRequest [attachement=1, fromUrl=DAS_CLIENT, sendUrl=DAS_SERVER, title=getWsConfig_workstationID, sendedDate=Tue Jul 01 14:45:02 CEST 2014, previousRequest=null]
DASResponseListener: Sending message: ServerRequest [attachement=WsConfig [configMaterial=[DASConfigMaterial [code=PKB, name=Keyboard1, port=null, workstation...
DASResponseListener: response received
MessageSender: Messages time to live 300 ms
DASResponseListener: getResponse search : ServerRequest [attachement=1, fromUrl=DAS_CLIENT, sendUrl=DAS_SERVER, title=getWorkstationWithId, sendedDate=Tue Jul 01 14:45:02 CEST 2014, previousRequest=null]
DASResponseListener: Sending message: ServerRequest [attachement=DASWorkstation [code = 1, name = das test 1, force_pdf = false, config_ids = {IndirectList: n...
DASResponseListener: response received
DASLoader: valeur de printing dans /home/opendas/workspace/opendas/client/config/das_client.conf incorrecte et remplacée par 0
MessageSender: Messages time to live 300 ms
DASResponseListener: getResponse search : ServerRequest [attachement=1, fromUrl=DAS_CLIENT, sendUrl=DAS_SERVER, title=getFctConfigsWithWsId, sendedDate=Tue Jul 01 14:45:02 CEST 2014, previousRequest=null]
DASResponseListener: Sending message: ServerRequest [attachement=[DASFunctionalConfig [mask=pointage, function_xml=<?xml version="1.0" encoding="UTF-8"?>
<fu...
DASResponseListener: response received
MessageSender: Messages time to live 300 ms
DASResponseListener: getResponse search : ServerRequest [attachement=1, fromUrl=DAS_CLIENT, sendUrl=DAS_SERVER, title=getGraphConfigsWithWsId, sendedDate=Tue Jul 01 14:45:02 CEST 2014, previousRequest=null]
DASResponseListener: Sending message: ServerRequest [attachement=[DASGraphicalConfig [mask=decoupe, graphical_xml=<?xml version="1.0" encoding="UTF-8"?>
<pan...
DASResponseListener: response received
DASLoader: Configuration graphique (station = 1 et masque = pointage) introuvable
