[ERREUR] DASLoader: ok WsConfig object
[ERREUR] DASLoader: ok Workstation object
[ERREUR] DASLoader: ok FctConfig
[ERREUR] DASLoader: ok GraphConfig
Receiver: Consuming queue : DAS_CLIENT
MessageSender: Connecting sender to URL: tcp://opendas-jnlp:61616
MessageSender: Using non-persistent messages and queue
MessageSender: Messages time to live 300 ms
DASResponseListener: getResponse search : ServerRequest [attachement=1, fromUrl=DAS_CLIENT, sendUrl=DAS_SERVER, title=getWsConfig_workstationID, sendedDate=Fri Dec 05 16:15:08 CET 2014, previousRequest=null]
DASResponseListener: Sending message: ServerRequest [attachement=WsConfig [configMaterial=[DASConfigMaterial [code=das2, name=das2, port=5474, workstation=DAS...
DASResponseListener: response received
MessageSender: Messages time to live 300 ms
DASResponseListener: getResponse search : ServerRequest [attachement=1, fromUrl=DAS_CLIENT, sendUrl=DAS_SERVER, title=getWorkstationWithId, sendedDate=Fri Dec 05 16:15:09 CET 2014, previousRequest=null]
DASResponseListener: Sending message: ServerRequest [attachement=DASWorkstation [code = 1, name = das test 1, force_pdf = false, config_ids = {IndirectList: n...
DASResponseListener: response received
MessageSender: Messages time to live 300 ms
DASResponseListener: getResponse search : ServerRequest [attachement=1, fromUrl=DAS_CLIENT, sendUrl=DAS_SERVER, title=getFctConfigsWithWsId, sendedDate=Fri Dec 05 16:15:09 CET 2014, previousRequest=null]
DASResponseListener: Sending message: ServerRequest [attachement=[DASFunctionalConfig [mask=production, function_xml=<?xml version="1.0" encoding="UTF-8"?>
<f...
DASResponseListener: response received
DASLoader: Configuration fonctionelle (station = 1 et masque = capteur) introuvable
MessageSender: Messages time to live 300 ms
DASResponseListener: getResponse search : ServerRequest [attachement=1, fromUrl=DAS_CLIENT, sendUrl=DAS_SERVER, title=getGraphConfigsWithWsId, sendedDate=Fri Dec 05 16:15:09 CET 2014, previousRequest=null]
DASResponseListener: Sending message: ServerRequest [attachement=[DASGraphicalConfig [mask=production, graphical_xml=<?xml version="1.0" encoding="UTF-8"?>
<p...
DASResponseListener: response received
DASLoader: Configuration graphique (station = 1 et masque = capteur) introuvable
