[ERREUR] DASLoader: ok WsConfDAS: Fichier de configuration:/home/opendas/workspace/opendas/client/config/das_client.conf
DAS: Chargement du masque
g
eReceiver: Consuming queue : DAS_CLIENT
MessageSender: Connecting sender to URL: tcp://opendas-jnlp:61616
MessageSender: Using non-persistent messages and queue
MessageSender: Messages time to live 300 ms
DASResponseListener: getResponse search : ServerRequest [attachement=1, fromUrl=DAS_CLIENT, sendUrl=DAS_SERVER, title=getWsConfig_workstationID, sendedDate=Tue Jun 24 17:00:40 CEST 2014, previousRequest=null]
DASResponseListener: Sending message: ServerRequest [attachement=WsConfig [configMaterial=[DASConfigMaterial [code=PKB, name=Keyboard1, port=null, workstation...
MessageSender: Messages time to live 300 ms
DASResponseListener: getResponse search : ServerRequest [attachement=1, fromUrl=DAS_CLIENT, sendUrl=DAS_SERVER, title=getWorkstationWithId, sendedDate=Tue Jun 24 17:00:41 CEST 2014, previousRequest=null]
DASResponseListener: Sending message: ServerRequest [attachement=DASWorkstation [code = 1, name = das test 1, force_pdf = false, config_ids = {IndirectList: n...
MessageSender: Messages time to live 300 ms
DASResponseListener: getResponse search : ServerRequest [attachement=1, fromUrl=DAS_CLIENT, sendUrl=DAS_SERVER, title=getFctConfigsWithWsId, sendedDate=Tue Jun 24 17:00:41 CEST 2014, previousRequest=null]
DASResponseListener: Sending message: ServerRequest [attachement=[DASFunctionalConfig [mask=pointage, function_xml=<?xml version="1.0" encoding="UTF-8"?>
<fu...
MessageSender: Messages time to live 300 ms
DASResponseListener: getResponse search : ServerRequest [attachement=1, fromUrl=DAS_CLIENT, sendUrl=DAS_SERVER, title=getGraphConfigsWithWsId, sendedDate=Tue Jun 24 17:00:41 CEST 2014, previousRequest=null]
DASResponseListener: Sending message: ServerRequest [attachement=[DASGraphicalConfig [mask=pointage, graphical_xml=<?xml version="1.0" encoding="UTF-8"?>
<pa...
MessageSender: Messages time to live 300 ms
DASResponseListener: Sending message: ServerRequest [attachement=[DASGraphicalConfig [mask=pointage, graphical_xml=<?xml version="1.0" encoding="UTF-8"?>
<pa...
DASResponseListener: getResponse search : ServerRequest [attachement=1, fromUrl=DAS_CLIENT, sendUrl=DAS_SERVER, title=getGraphConfigsWithWsId, sendedDate=Tue Jun 24 17:00:41 CEST 2014, previousRequest=null]
MessageSender: Messages time to live 300 ms
DASResponseListener: Sending message: ServerRequest [attachement=[DASDataModel [id=1, name=report5, template=<?xml version="1.0" encoding="UTF-8"?>
<jasperRe...
DASResponseListener: getResponse search : ServerRequest [attachement=null, fromUrl=DAS_CLIENT, sendUrl=DAS_SERVER, title=getListTemplateReport, sendedDate=Tue Jun 24 17:00:42 CEST 2014, previousRequest=null]
MessageSender: Messages time to live 300 ms
DASResponseListener: Sending message: ServerRequest [attachement=[], fromUrl=DAS_SERVER, sendUrl=DAS_CLIENT, title=null, sendedDate=Tue Jun 24 17:00:42 CEST 2...
DASResponseListener: getResponse search : ServerRequest [attachement=null, fromUrl=DAS_CLIENT, sendUrl=DAS_SERVER, title=getListTemplateSupervision, sendedDate=Tue Jun 24 17:00:42 CEST 2014, previousRequest=null]
MessageSender: Messages time to live 300 ms
DASResponseListener: Sending message: ServerRequest [attachement=[], fromUrl=DAS_SERVER, sendUrl=DAS_CLIENT, title=null, sendedDate=Tue Jun 24 17:00:42 CEST 2...
DASResponseListener: getResponse search : ServerRequest [attachement=null, fromUrl=DAS_CLIENT, sendUrl=DAS_SERVER, title=getListEan128, sendedDate=Tue Jun 24 17:00:42 CEST 2014, previousRequest=null]
MessageSender: Messages time to live 300 ms
DASResponseListener: getResponse search : ServerRequest [attachement=1, fromUrl=DAS_CLIENT, sendUrl=DAS_SERVER, title=getFctConfigsWithWsId, sendedDate=Tue Jun 24 17:00:42 CEST 2014, previousRequest=null]
DASResponseListener: Sending message: ServerRequest [attachement=[DASFunctionalConfig [mask=pointage, function_xml=<?xml version="1.0" encoding="UTF-8"?>
<fu...
